
*** Running vivado
    with args -log design_1_wrapper.vdi -applog -m64 -product Vivado -messageDb vivado.pb -mode batch -source design_1_wrapper.tcl -notrace



****** Vivado v2020.2 (64-bit)
  **** SW Build 3064766 on Wed Nov 18 09:12:45 MST 2020
  **** IP Build 3064653 on Wed Nov 18 14:17:31 MST 2020
    ** Copyright 1986-2020 Xilinx, Inc. All Rights Reserved.

source design_1_wrapper.tcl -notrace
INFO: [IP_Flow 19-234] Refreshing IP repositories
INFO: [IP_Flow 19-1700] Loaded user IP repository 'c:/GY/Works/ZYNQ/SummerSchool2022/pynq_cordic/project/cordic_hls_prj'.
INFO: [IP_Flow 19-2313] Loaded Vivado IP repository 'E:/FPGATOOL/Xilinx2020/Vivado/2020.2/data/ip'.
WARNING: [IP_Flow 19-4995] The host OS only allows 260 characters in a normal path. The IP cache path is more than 80 characters. If you experience issues with IP caching, please consider changing the IP cache to a location with a shorter path. Alternately consider using the OS subst command to map part of the path to a drive letter. 
Current IP cache path is C:/GY/Works/ZYNQ/SummerSchool2022/pynq_cordic/project/cordic_vivado_prj/cordic_vivado_prj.cache/ip 
Command: link_design -top design_1_wrapper -part xc7z020clg484-1
Design is defaulting to srcset: sources_1
Design is defaulting to constrset: constrs_1
INFO: [Device 21-403] Loading part xc7z020clg484-1
INFO: [Project 1-454] Reading design checkpoint 'c:/GY/Works/ZYNQ/SummerSchool2022/pynq_cordic/project/cordic_vivado_prj/cordic_vivado_prj.gen/sources_1/bd/design_1/ip/design_1_cordiccart2pol_0_0/design_1_cordiccart2pol_0_0.dcp' for cell 'design_1_i/cordiccart2pol_0'
INFO: [Project 1-454] Reading design checkpoint 'c:/GY/Works/ZYNQ/SummerSchool2022/pynq_cordic/project/cordic_vivado_prj/cordic_vivado_prj.gen/sources_1/bd/design_1/ip/design_1_processing_system7_0_0/design_1_processing_system7_0_0.dcp' for cell 'design_1_i/processing_system7_0'
INFO: [Project 1-454] Reading design checkpoint 'c:/GY/Works/ZYNQ/SummerSchool2022/pynq_cordic/project/cordic_vivado_prj/cordic_vivado_prj.gen/sources_1/bd/design_1/ip/design_1_rst_ps7_0_50M_0/design_1_rst_ps7_0_50M_0.dcp' for cell 'design_1_i/rst_ps7_0_50M'
INFO: [Project 1-454] Reading design checkpoint 'c:/GY/Works/ZYNQ/SummerSchool2022/pynq_cordic/project/cordic_vivado_prj/cordic_vivado_prj.gen/sources_1/bd/design_1/ip/design_1_auto_pc_0/design_1_auto_pc_0.dcp' for cell 'design_1_i/ps7_0_axi_periph/s00_couplers/auto_pc'
Netlist sorting complete. Time (s): cpu = 00:00:00 ; elapsed = 00:00:00.220 . Memory (MB): peak = 1006.613 ; gain = 0.000
INFO: [Netlist 29-17] Analyzing 127 Unisim elements for replacement
INFO: [Netlist 29-28] Unisim Transformation completed in 0 CPU seconds
INFO: [Project 1-479] Netlist was created with Vivado 2020.2
INFO: [Project 1-570] Preparing netlist for logic optimization
Parsing XDC File [c:/GY/Works/ZYNQ/SummerSchool2022/pynq_cordic/project/cordic_vivado_prj/cordic_vivado_prj.gen/sources_1/bd/design_1/ip/design_1_processing_system7_0_0/design_1_processing_system7_0_0.xdc] for cell 'design_1_i/processing_system7_0/inst'
Finished Parsing XDC File [c:/GY/Works/ZYNQ/SummerSchool2022/pynq_cordic/project/cordic_vivado_prj/cordic_vivado_prj.gen/sources_1/bd/design_1/ip/design_1_processing_system7_0_0/design_1_processing_system7_0_0.xdc] for cell 'design_1_i/processing_system7_0/inst'
Parsing XDC File [c:/GY/Works/ZYNQ/SummerSchool2022/pynq_cordic/project/cordic_vivado_prj/cordic_vivado_prj.gen/sources_1/bd/design_1/ip/design_1_rst_ps7_0_50M_0/design_1_rst_ps7_0_50M_0_board.xdc] for cell 'design_1_i/rst_ps7_0_50M/U0'
Finished Parsing XDC File [c:/GY/Works/ZYNQ/SummerSchool2022/pynq_cordic/project/cordic_vivado_prj/cordic_vivado_prj.gen/sources_1/bd/design_1/ip/design_1_rst_ps7_0_50M_0/design_1_rst_ps7_0_50M_0_board.xdc] for cell 'design_1_i/rst_ps7_0_50M/U0'
Parsing XDC File [c:/GY/Works/ZYNQ/SummerSchool2022/pynq_cordic/project/cordic_vivado_prj/cordic_vivado_prj.gen/sources_1/bd/design_1/ip/design_1_rst_ps7_0_50M_0/design_1_rst_ps7_0_50M_0.xdc] for cell 'design_1_i/rst_ps7_0_50M/U0'
Finished Parsing XDC File [c:/GY/Works/ZYNQ/SummerSchool2022/pynq_cordic/project/cordic_vivado_prj/cordic_vivado_prj.gen/sources_1/bd/design_1/ip/design_1_rst_ps7_0_50M_0/design_1_rst_ps7_0_50M_0.xdc] for cell 'design_1_i/rst_ps7_0_50M/U0'
INFO: [Opt 31-138] Pushed 0 inverter(s) to 0 load pin(s).
Netlist sorting complete. Time (s): cpu = 00:00:00 ; elapsed = 00:00:00.004 . Memory (MB): peak = 1006.613 ; gain = 0.000
INFO: [Project 1-111] Unisim Transformation Summary:
No Unisim elements were transformed.

14 Infos, 1 Warnings, 0 Critical Warnings and 0 Errors encountered.
link_design completed successfully
link_design: Time (s): cpu = 00:00:10 ; elapsed = 00:00:14 . Memory (MB): peak = 1006.613 ; gain = 0.000
Command: opt_design
Attempting to get a license for feature 'Implementation' and/or device 'xc7z020'
INFO: [Common 17-349] Got license for feature 'Implementation' and/or device 'xc7z020'
Running DRC as a precondition to command opt_design

Starting DRC Task
INFO: [DRC 23-27] Running DRC with 2 threads
INFO: [Project 1-461] DRC finished with 0 Errors
INFO: [Project 1-462] Please refer to the DRC report (report_drc) for more information.

Time (s): cpu = 00:00:02 ; elapsed = 00:00:01 . Memory (MB): peak = 1006.613 ; gain = 0.000

Starting Cache Timing Information Task
INFO: [Timing 38-35] Done setting XDC timing constraints.
Ending Cache Timing Information Task | Checksum: 1cd555978

Time (s): cpu = 00:00:08 ; elapsed = 00:00:08 . Memory (MB): peak = 1348.090 ; gain = 341.477

Starting Logic Optimization Task

Phase 1 Retarget
INFO: [Opt 31-138] Pushed 2 inverter(s) to 18 load pin(s).
INFO: [Opt 31-49] Retargeted 0 cell(s).
Phase 1 Retarget | Checksum: 138eb3a1e

Time (s): cpu = 00:00:00 ; elapsed = 00:00:00.389 . Memory (MB): peak = 1558.766 ; gain = 0.000
INFO: [Opt 31-389] Phase Retarget created 52 cells and removed 80 cells

Phase 2 Constant propagation
INFO: [Opt 31-138] Pushed 0 inverter(s) to 0 load pin(s).
Phase 2 Constant propagation | Checksum: dba7b37b

Time (s): cpu = 00:00:00 ; elapsed = 00:00:00.435 . Memory (MB): peak = 1558.766 ; gain = 0.000
INFO: [Opt 31-389] Phase Constant propagation created 1 cells and removed 20 cells

Phase 3 Sweep
Phase 3 Sweep | Checksum: 186423470

Time (s): cpu = 00:00:00 ; elapsed = 00:00:00.729 . Memory (MB): peak = 1558.766 ; gain = 0.000
INFO: [Opt 31-389] Phase Sweep created 0 cells and removed 263 cells

Phase 4 BUFG optimization
Phase 4 BUFG optimization | Checksum: 186423470

Time (s): cpu = 00:00:01 ; elapsed = 00:00:00.819 . Memory (MB): peak = 1558.766 ; gain = 0.000
INFO: [Opt 31-662] Phase BUFG optimization created 0 cells of which 0 are BUFGs and removed 0 cells.

Phase 5 Shift Register Optimization
INFO: [Opt 31-1064] SRL Remap converted 0 SRLs to 0 registers and converted 0 registers of register chains to 0 SRLs
Phase 5 Shift Register Optimization | Checksum: 186423470

Time (s): cpu = 00:00:01 ; elapsed = 00:00:00.832 . Memory (MB): peak = 1558.766 ; gain = 0.000
INFO: [Opt 31-389] Phase Shift Register Optimization created 0 cells and removed 0 cells

Phase 6 Post Processing Netlist
Phase 6 Post Processing Netlist | Checksum: 186423470

Time (s): cpu = 00:00:01 ; elapsed = 00:00:00.855 . Memory (MB): peak = 1558.766 ; gain = 0.000
INFO: [Opt 31-389] Phase Post Processing Netlist created 0 cells and removed 0 cells
Opt_design Change Summary
=========================


-------------------------------------------------------------------------------------------------------------------------
|  Phase                        |  #Cells created  |  #Cells Removed  |  #Constrained objects preventing optimizations  |
-------------------------------------------------------------------------------------------------------------------------
|  Retarget                     |              52  |              80  |                                              0  |
|  Constant propagation         |               1  |              20  |                                              0  |
|  Sweep                        |               0  |             263  |                                              0  |
|  BUFG optimization            |               0  |               0  |                                              0  |
|  Shift Register Optimization  |               0  |               0  |                                              0  |
|  Post Processing Netlist      |               0  |               0  |                                              0  |
-------------------------------------------------------------------------------------------------------------------------



Starting Connectivity Check Task

Time (s): cpu = 00:00:00 ; elapsed = 00:00:00.008 . Memory (MB): peak = 1558.766 ; gain = 0.000
Ending Logic Optimization Task | Checksum: 12853ae02

Time (s): cpu = 00:00:01 ; elapsed = 00:00:01 . Memory (MB): peak = 1558.766 ; gain = 0.000

Starting Power Optimization Task
INFO: [Pwropt 34-132] Skipping clock gating for clocks with a period < 2.00 ns.
Ending Power Optimization Task | Checksum: 12853ae02

Time (s): cpu = 00:00:00 ; elapsed = 00:00:00.021 . Memory (MB): peak = 1558.766 ; gain = 0.000

Starting Final Cleanup Task
Ending Final Cleanup Task | Checksum: 12853ae02

Time (s): cpu = 00:00:00 ; elapsed = 00:00:00 . Memory (MB): peak = 1558.766 ; gain = 0.000

Starting Netlist Obfuscation Task
Netlist sorting complete. Time (s): cpu = 00:00:00 ; elapsed = 00:00:00.005 . Memory (MB): peak = 1558.766 ; gain = 0.000
Ending Netlist Obfuscation Task | Checksum: 12853ae02

Time (s): cpu = 00:00:00 ; elapsed = 00:00:00.005 . Memory (MB): peak = 1558.766 ; gain = 0.000
INFO: [Common 17-83] Releasing license: Implementation
31 Infos, 1 Warnings, 0 Critical Warnings and 0 Errors encountered.
opt_design completed successfully
opt_design: Time (s): cpu = 00:00:14 ; elapsed = 00:00:13 . Memory (MB): peak = 1558.766 ; gain = 552.152
INFO: [Timing 38-480] Writing timing data to binary archive.
Writing placer database...
Writing XDEF routing.
Writing XDEF routing logical nets.
Writing XDEF routing special nets.
Write XDEF Complete: Time (s): cpu = 00:00:00 ; elapsed = 00:00:00.066 . Memory (MB): peak = 1558.766 ; gain = 0.000
INFO: [Common 17-1381] The checkpoint 'C:/GY/Works/ZYNQ/SummerSchool2022/pynq_cordic/project/cordic_vivado_prj/cordic_vivado_prj.runs/impl_1/design_1_wrapper_opt.dcp' has been generated.
INFO: [runtcl-4] Executing : report_drc -file design_1_wrapper_drc_opted.rpt -pb design_1_wrapper_drc_opted.pb -rpx design_1_wrapper_drc_opted.rpx
Command: report_drc -file design_1_wrapper_drc_opted.rpt -pb design_1_wrapper_drc_opted.pb -rpx design_1_wrapper_drc_opted.rpx
INFO: [IP_Flow 19-1839] IP Catalog is up to date.
INFO: [Timing 38-35] Done setting XDC timing constraints.
INFO: [DRC 23-27] Running DRC with 2 threads
INFO: [Coretcl 2-168] The results of DRC are in file C:/GY/Works/ZYNQ/SummerSchool2022/pynq_cordic/project/cordic_vivado_prj/cordic_vivado_prj.runs/impl_1/design_1_wrapper_drc_opted.rpt.
report_drc completed successfully
Command: place_design
Attempting to get a license for feature 'Implementation' and/or device 'xc7z020'
INFO: [Common 17-349] Got license for feature 'Implementation' and/or device 'xc7z020'
INFO: [DRC 23-27] Running DRC with 2 threads
INFO: [Vivado_Tcl 4-198] DRC finished with 0 Errors
INFO: [Vivado_Tcl 4-199] Please refer to the DRC report (report_drc) for more information.
Running DRC as a precondition to command place_design
INFO: [DRC 23-27] Running DRC with 2 threads
INFO: [DRC REQP-1725] DSP_Abus_sign_bit_alert: design_1_i/cordiccart2pol_0/inst/fadd_32ns_32ns_32_5_full_dsp_1_U2/cordiccart2pol_ap_fadd_3_full_dsp_32_u/inst/i_synth/ADDSUB_OP.ADDSUB/DSP.OP/DSP48E1_BODY.ALIGN_ADD/DSP2/i_no_versal_es1_workaround.DSP: When using the PreAdder and USE_DPORT is TRUE, the A operand should be restricted to 24 bit two's complement (and sign extended) to avoid over/underflow in the pre-add stage.
INFO: [DRC REQP-1725] DSP_Abus_sign_bit_alert: design_1_i/cordiccart2pol_0/inst/faddfsub_32ns_32ns_32_5_full_dsp_1_U1/cordiccart2pol_ap_faddfsub_3_full_dsp_32_u/inst/i_synth/ADDSUB_OP.ADDSUB/DSP.OP/DSP48E1_BODY.ALIGN_ADD/DSP2/i_no_versal_es1_workaround.DSP: When using the PreAdder and USE_DPORT is TRUE, the A operand should be restricted to 24 bit two's complement (and sign extended) to avoid over/underflow in the pre-add stage.
INFO: [Vivado_Tcl 4-198] DRC finished with 0 Errors, 2 Advisories
INFO: [Vivado_Tcl 4-199] Please refer to the DRC report (report_drc) for more information.

Starting Placer Task
INFO: [Place 30-611] Multithreading enabled for place_design using a maximum of 2 CPUs

Phase 1 Placer Initialization

Phase 1.1 Placer Initialization Netlist Sorting
Netlist sorting complete. Time (s): cpu = 00:00:00 ; elapsed = 00:00:00.004 . Memory (MB): peak = 1602.039 ; gain = 0.000
Phase 1.1 Placer Initialization Netlist Sorting | Checksum: 9a04d5aa

Time (s): cpu = 00:00:00 ; elapsed = 00:00:00.012 . Memory (MB): peak = 1602.039 ; gain = 0.000
Netlist sorting complete. Time (s): cpu = 00:00:00 ; elapsed = 00:00:00.004 . Memory (MB): peak = 1602.039 ; gain = 0.000

Phase 1.2 IO Placement/ Clock Placement/ Build Placer Device
Phase 1.2 IO Placement/ Clock Placement/ Build Placer Device | Checksum: 773d497e

Time (s): cpu = 00:00:01 ; elapsed = 00:00:00.519 . Memory (MB): peak = 1602.039 ; gain = 0.000

Phase 1.3 Build Placer Netlist Model
Phase 1.3 Build Placer Netlist Model | Checksum: ff477f5b

Time (s): cpu = 00:00:02 ; elapsed = 00:00:01 . Memory (MB): peak = 1602.039 ; gain = 0.000

Phase 1.4 Constrain Clocks/Macros
Phase 1.4 Constrain Clocks/Macros | Checksum: ff477f5b

Time (s): cpu = 00:00:02 ; elapsed = 00:00:01 . Memory (MB): peak = 1602.039 ; gain = 0.000
Phase 1 Placer Initialization | Checksum: ff477f5b

Time (s): cpu = 00:00:02 ; elapsed = 00:00:01 . Memory (MB): peak = 1602.039 ; gain = 0.000

Phase 2 Global Placement

Phase 2.1 Floorplanning
Phase 2.1 Floorplanning | Checksum: f9c5774c

Time (s): cpu = 00:00:03 ; elapsed = 00:00:02 . Memory (MB): peak = 1602.039 ; gain = 0.000

Phase 2.2 Update Timing before SLR Path Opt
Phase 2.2 Update Timing before SLR Path Opt | Checksum: ef68ef01

Time (s): cpu = 00:00:03 ; elapsed = 00:00:02 . Memory (MB): peak = 1602.039 ; gain = 0.000

Phase 2.3 Global Placement Core

Phase 2.3.1 Physical Synthesis In Placer
INFO: [Physopt 32-1035] Found 0 LUTNM shape to break, 230 LUT instances to create LUTNM shape
INFO: [Physopt 32-1044] Break lutnm for timing: one critical 0, two critical 0, total 0, new lutff created 0
INFO: [Physopt 32-775] End 1 Pass. Optimized 112 nets or cells. Created 0 new cell, deleted 112 existing cells and moved 0 existing cell
INFO: [Physopt 32-65] No nets found for high-fanout optimization.
INFO: [Physopt 32-232] Optimized 0 net. Created 0 new instance.
INFO: [Physopt 32-775] End 1 Pass. Optimized 0 net or cell. Created 0 new cell, deleted 0 existing cell and moved 0 existing cell
INFO: [Physopt 32-670] No setup violation found.  DSP Register Optimization was not performed.
INFO: [Physopt 32-670] No setup violation found.  Shift Register to Pipeline Optimization was not performed.
INFO: [Physopt 32-670] No setup violation found.  Shift Register Optimization was not performed.
INFO: [Physopt 32-670] No setup violation found.  BRAM Register Optimization was not performed.
INFO: [Physopt 32-670] No setup violation found.  URAM Register Optimization was not performed.
INFO: [Physopt 32-949] No candidate nets found for dynamic/static region interface net replication
INFO: [Physopt 32-775] End 1 Pass. Optimized 0 net or cell. Created 0 new cell, deleted 0 existing cell and moved 0 existing cell
Netlist sorting complete. Time (s): cpu = 00:00:00 ; elapsed = 00:00:00.004 . Memory (MB): peak = 1602.039 ; gain = 0.000

Summary of Physical Synthesis Optimizations
============================================


-----------------------------------------------------------------------------------------------------------------------------------------------------------
|  Optimization                                     |  Added Cells  |  Removed Cells  |  Optimized Cells/Nets  |  Dont Touch  |  Iterations  |  Elapsed   |
-----------------------------------------------------------------------------------------------------------------------------------------------------------
|  LUT Combining                                    |            0  |            112  |                   112  |           0  |           1  |  00:00:00  |
|  Very High Fanout                                 |            0  |              0  |                     0  |           0  |           1  |  00:00:00  |
|  DSP Register                                     |            0  |              0  |                     0  |           0  |           0  |  00:00:00  |
|  Shift Register to Pipeline                       |            0  |              0  |                     0  |           0  |           0  |  00:00:00  |
|  Shift Register                                   |            0  |              0  |                     0  |           0  |           0  |  00:00:00  |
|  BRAM Register                                    |            0  |              0  |                     0  |           0  |           0  |  00:00:00  |
|  URAM Register                                    |            0  |              0  |                     0  |           0  |           0  |  00:00:00  |
|  Dynamic/Static Region Interface Net Replication  |            0  |              0  |                     0  |           0  |           1  |  00:00:00  |
|  Total                                            |            0  |            112  |                   112  |           0  |           3  |  00:00:00  |
-----------------------------------------------------------------------------------------------------------------------------------------------------------


Phase 2.3.1 Physical Synthesis In Placer | Checksum: 18e54c80c

Time (s): cpu = 00:00:09 ; elapsed = 00:00:05 . Memory (MB): peak = 1602.039 ; gain = 0.000
Phase 2.3 Global Placement Core | Checksum: 1c679db7c

Time (s): cpu = 00:00:09 ; elapsed = 00:00:05 . Memory (MB): peak = 1602.039 ; gain = 0.000
Phase 2 Global Placement | Checksum: 1c679db7c

Time (s): cpu = 00:00:09 ; elapsed = 00:00:05 . Memory (MB): peak = 1602.039 ; gain = 0.000

Phase 3 Detail Placement

Phase 3.1 Commit Multi Column Macros
Phase 3.1 Commit Multi Column Macros | Checksum: 17dfc90c1

Time (s): cpu = 00:00:10 ; elapsed = 00:00:05 . Memory (MB): peak = 1602.039 ; gain = 0.000

Phase 3.2 Commit Most Macros & LUTRAMs
Phase 3.2 Commit Most Macros & LUTRAMs | Checksum: 21053fec9

Time (s): cpu = 00:00:10 ; elapsed = 00:00:06 . Memory (MB): peak = 1602.039 ; gain = 0.000

Phase 3.3 Area Swap Optimization
Phase 3.3 Area Swap Optimization | Checksum: 2b4fde105

Time (s): cpu = 00:00:10 ; elapsed = 00:00:06 . Memory (MB): peak = 1602.039 ; gain = 0.000

Phase 3.4 Pipeline Register Optimization
Phase 3.4 Pipeline Register Optimization | Checksum: 25d8866bf

Time (s): cpu = 00:00:10 ; elapsed = 00:00:06 . Memory (MB): peak = 1602.039 ; gain = 0.000

Phase 3.5 Small Shape Detail Placement
Phase 3.5 Small Shape Detail Placement | Checksum: 1c383ffcb

Time (s): cpu = 00:00:11 ; elapsed = 00:00:07 . Memory (MB): peak = 1602.039 ; gain = 0.000

Phase 3.6 Re-assign LUT pins
Phase 3.6 Re-assign LUT pins | Checksum: 17e87c133

Time (s): cpu = 00:00:12 ; elapsed = 00:00:07 . Memory (MB): peak = 1602.039 ; gain = 0.000

Phase 3.7 Pipeline Register Optimization
Phase 3.7 Pipeline Register Optimization | Checksum: 1f1c3abce

Time (s): cpu = 00:00:12 ; elapsed = 00:00:07 . Memory (MB): peak = 1602.039 ; gain = 0.000
Phase 3 Detail Placement | Checksum: 1f1c3abce

Time (s): cpu = 00:00:12 ; elapsed = 00:00:07 . Memory (MB): peak = 1602.039 ; gain = 0.000

Phase 4 Post Placement Optimization and Clean-Up

Phase 4.1 Post Commit Optimization
INFO: [Timing 38-35] Done setting XDC timing constraints.

Phase 4.1.1 Post Placement Optimization
Post Placement Optimization Initialization | Checksum: 15055b211

Phase 4.1.1.1 BUFG Insertion

Starting Physical Synthesis Task

Phase 1 Physical Synthesis Initialization
INFO: [Physopt 32-721] Multithreading enabled for phys_opt_design using a maximum of 2 CPUs
INFO: [Physopt 32-619] Estimated Timing Summary | WNS=11.494 | TNS=0.000 |
Phase 1 Physical Synthesis Initialization | Checksum: 16986c0f3

Time (s): cpu = 00:00:00 ; elapsed = 00:00:00.164 . Memory (MB): peak = 1602.039 ; gain = 0.000
INFO: [Place 46-56] BUFG insertion identified 0 candidate nets. Inserted BUFG: 0, Replicated BUFG Driver: 0, Skipped due to Placement/Routing Conflicts: 0, Skipped due to Timing Degradation: 0, Skipped due to Illegal Netlist: 0.
Ending Physical Synthesis Task | Checksum: 131cd4e9f

Time (s): cpu = 00:00:00 ; elapsed = 00:00:00.175 . Memory (MB): peak = 1602.039 ; gain = 0.000
Phase 4.1.1.1 BUFG Insertion | Checksum: 15055b211

Time (s): cpu = 00:00:13 ; elapsed = 00:00:08 . Memory (MB): peak = 1602.039 ; gain = 0.000
INFO: [Place 30-746] Post Placement Timing Summary WNS=11.494. For the most accurate timing information please run report_timing.

Time (s): cpu = 00:00:14 ; elapsed = 00:00:08 . Memory (MB): peak = 1602.039 ; gain = 0.000
Phase 4.1 Post Commit Optimization | Checksum: 12fbbbb31

Time (s): cpu = 00:00:14 ; elapsed = 00:00:08 . Memory (MB): peak = 1602.039 ; gain = 0.000

Phase 4.2 Post Placement Cleanup
Phase 4.2 Post Placement Cleanup | Checksum: 12fbbbb31

Time (s): cpu = 00:00:14 ; elapsed = 00:00:08 . Memory (MB): peak = 1602.039 ; gain = 0.000

Phase 4.3 Placer Reporting

Phase 4.3.1 Print Estimated Congestion
INFO: [Place 30-612] Post-Placement Estimated Congestion 
 ____________________________________________________
|           | Global Congestion | Short Congestion  |
| Direction | Region Size       | Region Size       |
|___________|___________________|___________________|
|      North|                1x1|                2x2|
|___________|___________________|___________________|
|      South|                1x1|                4x4|
|___________|___________________|___________________|
|       East|                1x1|                2x2|
|___________|___________________|___________________|
|       West|                1x1|                2x2|
|___________|___________________|___________________|

Phase 4.3.1 Print Estimated Congestion | Checksum: 12fbbbb31

Time (s): cpu = 00:00:14 ; elapsed = 00:00:08 . Memory (MB): peak = 1602.039 ; gain = 0.000
Phase 4.3 Placer Reporting | Checksum: 12fbbbb31

Time (s): cpu = 00:00:14 ; elapsed = 00:00:09 . Memory (MB): peak = 1602.039 ; gain = 0.000

Phase 4.4 Final Placement Cleanup
Netlist sorting complete. Time (s): cpu = 00:00:00 ; elapsed = 00:00:00.005 . Memory (MB): peak = 1602.039 ; gain = 0.000

Time (s): cpu = 00:00:14 ; elapsed = 00:00:09 . Memory (MB): peak = 1602.039 ; gain = 0.000
Phase 4 Post Placement Optimization and Clean-Up | Checksum: 134839d6f

Time (s): cpu = 00:00:14 ; elapsed = 00:00:09 . Memory (MB): peak = 1602.039 ; gain = 0.000
Ending Placer Task | Checksum: a8465885

Time (s): cpu = 00:00:14 ; elapsed = 00:00:09 . Memory (MB): peak = 1602.039 ; gain = 0.000
INFO: [Common 17-83] Releasing license: Implementation
68 Infos, 1 Warnings, 0 Critical Warnings and 0 Errors encountered.
place_design completed successfully
place_design: Time (s): cpu = 00:00:16 ; elapsed = 00:00:10 . Memory (MB): peak = 1602.039 ; gain = 0.000
INFO: [Timing 38-480] Writing timing data to binary archive.
Writing placer database...
Writing XDEF routing.
Writing XDEF routing logical nets.
Writing XDEF routing special nets.
Write XDEF Complete: Time (s): cpu = 00:00:01 ; elapsed = 00:00:00.340 . Memory (MB): peak = 1602.039 ; gain = 0.000
INFO: [Common 17-1381] The checkpoint 'C:/GY/Works/ZYNQ/SummerSchool2022/pynq_cordic/project/cordic_vivado_prj/cordic_vivado_prj.runs/impl_1/design_1_wrapper_placed.dcp' has been generated.
INFO: [runtcl-4] Executing : report_io -file design_1_wrapper_io_placed.rpt
report_io: Time (s): cpu = 00:00:00 ; elapsed = 00:00:00.061 . Memory (MB): peak = 1602.039 ; gain = 0.000
INFO: [runtcl-4] Executing : report_utilization -file design_1_wrapper_utilization_placed.rpt -pb design_1_wrapper_utilization_placed.pb
INFO: [runtcl-4] Executing : report_control_sets -verbose -file design_1_wrapper_control_sets_placed.rpt
report_control_sets: Time (s): cpu = 00:00:00 ; elapsed = 00:00:00.034 . Memory (MB): peak = 1602.039 ; gain = 0.000
Command: phys_opt_design
Attempting to get a license for feature 'Implementation' and/or device 'xc7z020'
INFO: [Common 17-349] Got license for feature 'Implementation' and/or device 'xc7z020'
INFO: [Vivado_Tcl 4-383] Design worst setup slack (WNS) is greater than or equal to 0.000 ns. Skipping all physical synthesis optimizations.
INFO: [Vivado_Tcl 4-232] No setup violation found. The netlist was not modified.
INFO: [Common 17-83] Releasing license: Implementation
77 Infos, 1 Warnings, 0 Critical Warnings and 0 Errors encountered.
phys_opt_design completed successfully
INFO: [Timing 38-480] Writing timing data to binary archive.
Writing placer database...
Writing XDEF routing.
Writing XDEF routing logical nets.
Writing XDEF routing special nets.
Write XDEF Complete: Time (s): cpu = 00:00:01 ; elapsed = 00:00:00.359 . Memory (MB): peak = 1621.477 ; gain = 19.438
INFO: [Common 17-1381] The checkpoint 'C:/GY/Works/ZYNQ/SummerSchool2022/pynq_cordic/project/cordic_vivado_prj/cordic_vivado_prj.runs/impl_1/design_1_wrapper_physopt.dcp' has been generated.
Command: route_design
Attempting to get a license for feature 'Implementation' and/or device 'xc7z020'
INFO: [Common 17-349] Got license for feature 'Implementation' and/or device 'xc7z020'
Running DRC as a precondition to command route_design
INFO: [DRC 23-27] Running DRC with 2 threads
INFO: [Vivado_Tcl 4-198] DRC finished with 0 Errors
INFO: [Vivado_Tcl 4-199] Please refer to the DRC report (report_drc) for more information.


Starting Routing Task
INFO: [Route 35-254] Multithreading enabled for route_design using a maximum of 2 CPUs
Checksum: PlaceDB: 751dc976 ConstDB: 0 ShapeSum: 33288f0f RouteDB: 0

Phase 1 Build RT Design
Phase 1 Build RT Design | Checksum: 14f1d17a9

Time (s): cpu = 00:00:25 ; elapsed = 00:00:21 . Memory (MB): peak = 1716.441 ; gain = 94.844
Post Restoration Checksum: NetGraph: b33f22d9 NumContArr: 9bddf4d0 Constraints: 0 Timing: 0

Phase 2 Router Initialization

Phase 2.1 Create Timer
Phase 2.1 Create Timer | Checksum: 14f1d17a9

Time (s): cpu = 00:00:25 ; elapsed = 00:00:22 . Memory (MB): peak = 1716.469 ; gain = 94.871

Phase 2.2 Fix Topology Constraints
Phase 2.2 Fix Topology Constraints | Checksum: 14f1d17a9

Time (s): cpu = 00:00:25 ; elapsed = 00:00:22 . Memory (MB): peak = 1722.938 ; gain = 101.340

Phase 2.3 Pre Route Cleanup
Phase 2.3 Pre Route Cleanup | Checksum: 14f1d17a9

Time (s): cpu = 00:00:25 ; elapsed = 00:00:22 . Memory (MB): peak = 1722.938 ; gain = 101.340
 Number of Nodes with overlaps = 0

Phase 2.4 Update Timing
Phase 2.4 Update Timing | Checksum: 1ca9476e4

Time (s): cpu = 00:00:27 ; elapsed = 00:00:23 . Memory (MB): peak = 1750.793 ; gain = 129.195
INFO: [Route 35-416] Intermediate Timing Summary | WNS=11.448 | TNS=0.000  | WHS=-0.169 | THS=-25.593|

Phase 2 Router Initialization | Checksum: 1afb0b6ad

Time (s): cpu = 00:00:28 ; elapsed = 00:00:23 . Memory (MB): peak = 1752.461 ; gain = 130.863

Router Utilization Summary
  Global Vertical Routing Utilization    = 0 %
  Global Horizontal Routing Utilization  = 0 %
  Routable Net Status*
  *Does not include unroutable nets such as driverless and loadless.
  Run report_route_status for detailed report.
  Number of Failed Nets               = 4352
    (Failed Nets is the sum of unrouted and partially routed nets)
  Number of Unrouted Nets             = 4352
  Number of Partially Routed Nets     = 0
  Number of Node Overlaps             = 0


Phase 3 Initial Routing

Phase 3.1 Global Routing
Phase 3.1 Global Routing | Checksum: 1afb0b6ad

Time (s): cpu = 00:00:28 ; elapsed = 00:00:23 . Memory (MB): peak = 1757.523 ; gain = 135.926
Phase 3 Initial Routing | Checksum: 13bd66b71

Time (s): cpu = 00:00:29 ; elapsed = 00:00:24 . Memory (MB): peak = 1757.523 ; gain = 135.926

Phase 4 Rip-up And Reroute

Phase 4.1 Global Iteration 0
 Number of Nodes with overlaps = 177
 Number of Nodes with overlaps = 1
 Number of Nodes with overlaps = 0
INFO: [Route 35-416] Intermediate Timing Summary | WNS=10.234 | TNS=0.000  | WHS=N/A    | THS=N/A    |

Phase 4.1 Global Iteration 0 | Checksum: 1a01d4493

Time (s): cpu = 00:00:30 ; elapsed = 00:00:25 . Memory (MB): peak = 1757.523 ; gain = 135.926

Phase 4.2 Global Iteration 1
 Number of Nodes with overlaps = 0
INFO: [Route 35-416] Intermediate Timing Summary | WNS=10.234 | TNS=0.000  | WHS=N/A    | THS=N/A    |

Phase 4.2 Global Iteration 1 | Checksum: 19e250be2

Time (s): cpu = 00:00:30 ; elapsed = 00:00:25 . Memory (MB): peak = 1757.523 ; gain = 135.926
Phase 4 Rip-up And Reroute | Checksum: 19e250be2

Time (s): cpu = 00:00:30 ; elapsed = 00:00:25 . Memory (MB): peak = 1757.523 ; gain = 135.926

Phase 5 Delay and Skew Optimization

Phase 5.1 Delay CleanUp
Phase 5.1 Delay CleanUp | Checksum: 19e250be2

Time (s): cpu = 00:00:30 ; elapsed = 00:00:25 . Memory (MB): peak = 1757.523 ; gain = 135.926

Phase 5.2 Clock Skew Optimization
Phase 5.2 Clock Skew Optimization | Checksum: 19e250be2

Time (s): cpu = 00:00:30 ; elapsed = 00:00:25 . Memory (MB): peak = 1757.523 ; gain = 135.926
Phase 5 Delay and Skew Optimization | Checksum: 19e250be2

Time (s): cpu = 00:00:30 ; elapsed = 00:00:25 . Memory (MB): peak = 1757.523 ; gain = 135.926

Phase 6 Post Hold Fix

Phase 6.1 Hold Fix Iter

Phase 6.1.1 Update Timing
Phase 6.1.1 Update Timing | Checksum: ddbac0fb

Time (s): cpu = 00:00:30 ; elapsed = 00:00:25 . Memory (MB): peak = 1757.523 ; gain = 135.926
INFO: [Route 35-416] Intermediate Timing Summary | WNS=10.349 | TNS=0.000  | WHS=0.037  | THS=0.000  |

Phase 6.1 Hold Fix Iter | Checksum: 115a3eb52

Time (s): cpu = 00:00:30 ; elapsed = 00:00:25 . Memory (MB): peak = 1757.523 ; gain = 135.926
Phase 6 Post Hold Fix | Checksum: 115a3eb52

Time (s): cpu = 00:00:30 ; elapsed = 00:00:25 . Memory (MB): peak = 1757.523 ; gain = 135.926

Phase 7 Route finalize

Router Utilization Summary
  Global Vertical Routing Utilization    = 0.654033 %
  Global Horizontal Routing Utilization  = 0.671484 %
  Routable Net Status*
  *Does not include unroutable nets such as driverless and loadless.
  Run report_route_status for detailed report.
  Number of Failed Nets               = 0
    (Failed Nets is the sum of unrouted and partially routed nets)
  Number of Unrouted Nets             = 0
  Number of Partially Routed Nets     = 0
  Number of Node Overlaps             = 0

Phase 7 Route finalize | Checksum: 15c093701

Time (s): cpu = 00:00:30 ; elapsed = 00:00:25 . Memory (MB): peak = 1757.523 ; gain = 135.926

Phase 8 Verifying routed nets

 Verification completed successfully
Phase 8 Verifying routed nets | Checksum: 15c093701

Time (s): cpu = 00:00:30 ; elapsed = 00:00:25 . Memory (MB): peak = 1757.523 ; gain = 135.926

Phase 9 Depositing Routes
Phase 9 Depositing Routes | Checksum: 2281b871e

Time (s): cpu = 00:00:31 ; elapsed = 00:00:26 . Memory (MB): peak = 1757.523 ; gain = 135.926

Phase 10 Post Router Timing
INFO: [Route 35-57] Estimated Timing Summary | WNS=10.349 | TNS=0.000  | WHS=0.037  | THS=0.000  |

INFO: [Route 35-327] The final timing numbers are based on the router estimated timing analysis. For a complete and accurate timing signoff, please run report_timing_summary.
Phase 10 Post Router Timing | Checksum: 2281b871e

Time (s): cpu = 00:00:31 ; elapsed = 00:00:26 . Memory (MB): peak = 1757.523 ; gain = 135.926
INFO: [Route 35-16] Router Completed Successfully

Time (s): cpu = 00:00:31 ; elapsed = 00:00:26 . Memory (MB): peak = 1757.523 ; gain = 135.926

Routing Is Done.
INFO: [Common 17-83] Releasing license: Implementation
92 Infos, 1 Warnings, 0 Critical Warnings and 0 Errors encountered.
route_design completed successfully
route_design: Time (s): cpu = 00:00:34 ; elapsed = 00:00:27 . Memory (MB): peak = 1757.523 ; gain = 136.047
INFO: [Timing 38-480] Writing timing data to binary archive.
Writing placer database...
Writing XDEF routing.
Writing XDEF routing logical nets.
Writing XDEF routing special nets.
Write XDEF Complete: Time (s): cpu = 00:00:01 ; elapsed = 00:00:00.463 . Memory (MB): peak = 1774.352 ; gain = 16.828
INFO: [Common 17-1381] The checkpoint 'C:/GY/Works/ZYNQ/SummerSchool2022/pynq_cordic/project/cordic_vivado_prj/cordic_vivado_prj.runs/impl_1/design_1_wrapper_routed.dcp' has been generated.
INFO: [runtcl-4] Executing : report_drc -file design_1_wrapper_drc_routed.rpt -pb design_1_wrapper_drc_routed.pb -rpx design_1_wrapper_drc_routed.rpx
Command: report_drc -file design_1_wrapper_drc_routed.rpt -pb design_1_wrapper_drc_routed.pb -rpx design_1_wrapper_drc_routed.rpx
INFO: [IP_Flow 19-1839] IP Catalog is up to date.
INFO: [DRC 23-27] Running DRC with 2 threads
INFO: [Coretcl 2-168] The results of DRC are in file C:/GY/Works/ZYNQ/SummerSchool2022/pynq_cordic/project/cordic_vivado_prj/cordic_vivado_prj.runs/impl_1/design_1_wrapper_drc_routed.rpt.
report_drc completed successfully
INFO: [runtcl-4] Executing : report_methodology -file design_1_wrapper_methodology_drc_routed.rpt -pb design_1_wrapper_methodology_drc_routed.pb -rpx design_1_wrapper_methodology_drc_routed.rpx
Command: report_methodology -file design_1_wrapper_methodology_drc_routed.rpt -pb design_1_wrapper_methodology_drc_routed.pb -rpx design_1_wrapper_methodology_drc_routed.rpx
INFO: [Timing 38-35] Done setting XDC timing constraints.
INFO: [DRC 23-133] Running Methodology with 2 threads
INFO: [Coretcl 2-1520] The results of Report Methodology are in file C:/GY/Works/ZYNQ/SummerSchool2022/pynq_cordic/project/cordic_vivado_prj/cordic_vivado_prj.runs/impl_1/design_1_wrapper_methodology_drc_routed.rpt.
report_methodology completed successfully
INFO: [runtcl-4] Executing : report_power -file design_1_wrapper_power_routed.rpt -pb design_1_wrapper_power_summary_routed.pb -rpx design_1_wrapper_power_routed.rpx
Command: report_power -file design_1_wrapper_power_routed.rpt -pb design_1_wrapper_power_summary_routed.pb -rpx design_1_wrapper_power_routed.rpx
INFO: [Timing 38-35] Done setting XDC timing constraints.
Running Vector-less Activity Propagation...

Finished Running Vector-less Activity Propagation
104 Infos, 1 Warnings, 0 Critical Warnings and 0 Errors encountered.
report_power completed successfully
INFO: [runtcl-4] Executing : report_route_status -file design_1_wrapper_route_status.rpt -pb design_1_wrapper_route_status.pb
INFO: [runtcl-4] Executing : report_timing_summary -max_paths 10 -file design_1_wrapper_timing_summary_routed.rpt -pb design_1_wrapper_timing_summary_routed.pb -rpx design_1_wrapper_timing_summary_routed.rpx -warn_on_violation 
INFO: [Timing 38-91] UpdateTimingParams: Speed grade: -1, Delay Type: min_max.
INFO: [Timing 38-191] Multithreading enabled for timing update using a maximum of 2 CPUs
INFO: [runtcl-4] Executing : report_incremental_reuse -file design_1_wrapper_incremental_reuse_routed.rpt
INFO: [Vivado_Tcl 4-1062] Incremental flow is disabled. No incremental reuse Info to report.
INFO: [runtcl-4] Executing : report_clock_utilization -file design_1_wrapper_clock_utilization_routed.rpt
INFO: [runtcl-4] Executing : report_bus_skew -warn_on_violation -file design_1_wrapper_bus_skew_routed.rpt -pb design_1_wrapper_bus_skew_routed.pb -rpx design_1_wrapper_bus_skew_routed.rpx
INFO: [Timing 38-91] UpdateTimingParams: Speed grade: -1, Delay Type: min_max.
INFO: [Timing 38-191] Multithreading enabled for timing update using a maximum of 2 CPUs
INFO: [Common 17-206] Exiting Vivado at Sun Aug  7 10:10:47 2022...

*** Running vivado
    with args -log design_1_wrapper.vdi -applog -m64 -product Vivado -messageDb vivado.pb -mode batch -source design_1_wrapper.tcl -notrace



****** Vivado v2020.2 (64-bit)
  **** SW Build 3064766 on Wed Nov 18 09:12:45 MST 2020
  **** IP Build 3064653 on Wed Nov 18 14:17:31 MST 2020
    ** Copyright 1986-2020 Xilinx, Inc. All Rights Reserved.

source design_1_wrapper.tcl -notrace
Command: open_checkpoint design_1_wrapper_routed.dcp

Starting open_checkpoint Task

Time (s): cpu = 00:00:00 ; elapsed = 00:00:00.043 . Memory (MB): peak = 1003.316 ; gain = 0.000
INFO: [Device 21-403] Loading part xc7z020clg484-1
Netlist sorting complete. Time (s): cpu = 00:00:00 ; elapsed = 00:00:00.195 . Memory (MB): peak = 1003.316 ; gain = 0.000
INFO: [Netlist 29-17] Analyzing 118 Unisim elements for replacement
INFO: [Netlist 29-28] Unisim Transformation completed in 0 CPU seconds
INFO: [Project 1-479] Netlist was created with Vivado 2020.2
INFO: [Project 1-570] Preparing netlist for logic optimization
INFO: [Timing 38-478] Restoring timing data from binary archive.
INFO: [Timing 38-479] Binary timing data restore complete.
INFO: [Project 1-856] Restoring constraints from binary archive.
INFO: [Project 1-853] Binary constraint restore complete.
Reading XDEF placement.
Reading placer database...
Reading XDEF routing.
Read XDEF File: Time (s): cpu = 00:00:00 ; elapsed = 00:00:00.556 . Memory (MB): peak = 1307.113 ; gain = 6.941
Restored from archive | CPU: 0.000000 secs | Memory: 0.000000 MB |
Finished XDEF File Restore: Time (s): cpu = 00:00:00 ; elapsed = 00:00:00.556 . Memory (MB): peak = 1307.113 ; gain = 6.941
Netlist sorting complete. Time (s): cpu = 00:00:00 ; elapsed = 00:00:00.004 . Memory (MB): peak = 1307.113 ; gain = 0.000
INFO: [Project 1-111] Unisim Transformation Summary:
No Unisim elements were transformed.

INFO: [Project 1-604] Checkpoint was created with Vivado v2020.2 (64-bit) build 3064766
open_checkpoint: Time (s): cpu = 00:00:17 ; elapsed = 00:00:19 . Memory (MB): peak = 1307.113 ; gain = 303.797
Command: write_bitstream -force design_1_wrapper.bit
Attempting to get a license for feature 'Implementation' and/or device 'xc7z020'
INFO: [Common 17-349] Got license for feature 'Implementation' and/or device 'xc7z020'
Running DRC as a precondition to command write_bitstream
INFO: [IP_Flow 19-234] Refreshing IP repositories
INFO: [IP_Flow 19-1704] No user IP repositories specified
INFO: [IP_Flow 19-2313] Loaded Vivado IP repository 'E:/FPGATOOL/Xilinx2020/Vivado/2020.2/data/ip'.
INFO: [DRC 23-27] Running DRC with 2 threads
WARNING: [DRC DPIP-1] Input pipelining: DSP design_1_i/cordiccart2pol_0/inst/dmul_64ns_64ns_64_7_max_dsp_1_U8/cordiccart2pol_ap_dmul_5_max_dsp_64_u/inst/i_synth/MULT.OP/i_non_prim.MULT/DSP48E1_SPD_DBL_VARIANT.FIX_MULT/DSP1/i_no_versal_es1_workaround.DSP input design_1_i/cordiccart2pol_0/inst/dmul_64ns_64ns_64_7_max_dsp_1_U8/cordiccart2pol_ap_dmul_5_max_dsp_64_u/inst/i_synth/MULT.OP/i_non_prim.MULT/DSP48E1_SPD_DBL_VARIANT.FIX_MULT/DSP1/i_no_versal_es1_workaround.DSP/A[29:0] is not pipelined. Pipelining DSP48 input will improve performance.
WARNING: [DRC DPIP-1] Input pipelining: DSP design_1_i/cordiccart2pol_0/inst/dmul_64ns_64ns_64_7_max_dsp_1_U8/cordiccart2pol_ap_dmul_5_max_dsp_64_u/inst/i_synth/MULT.OP/i_non_prim.R_AND_R/LOGIC.R_AND_R/DSP48_E1.DSP48E1_ADD.DSP48E1_ADD/i_no_versal_es1_workaround.DSP input design_1_i/cordiccart2pol_0/inst/dmul_64ns_64ns_64_7_max_dsp_1_U8/cordiccart2pol_ap_dmul_5_max_dsp_64_u/inst/i_synth/MULT.OP/i_non_prim.R_AND_R/LOGIC.R_AND_R/DSP48_E1.DSP48E1_ADD.DSP48E1_ADD/i_no_versal_es1_workaround.DSP/B[17:0] is not pipelined. Pipelining DSP48 input will improve performance.
WARNING: [DRC DPIP-1] Input pipelining: DSP design_1_i/cordiccart2pol_0/inst/dmul_64ns_64ns_64_7_max_dsp_1_U8/cordiccart2pol_ap_dmul_5_max_dsp_64_u/inst/i_synth/MULT.OP/i_non_prim.R_AND_R/LOGIC.R_AND_R/DSP48_E1.DSP48E1_ADD.DSP48E1_ADD/i_no_versal_es1_workaround.DSP input design_1_i/cordiccart2pol_0/inst/dmul_64ns_64ns_64_7_max_dsp_1_U8/cordiccart2pol_ap_dmul_5_max_dsp_64_u/inst/i_synth/MULT.OP/i_non_prim.R_AND_R/LOGIC.R_AND_R/DSP48_E1.DSP48E1_ADD.DSP48E1_ADD/i_no_versal_es1_workaround.DSP/C[47:0] is not pipelined. Pipelining DSP48 input will improve performance.
WARNING: [DRC DPIP-1] Input pipelining: DSP design_1_i/cordiccart2pol_0/inst/fadd_32ns_32ns_32_5_full_dsp_1_U2/cordiccart2pol_ap_fadd_3_full_dsp_32_u/inst/i_synth/ADDSUB_OP.ADDSUB/DSP.OP/DSP48E1_BODY.ALIGN_ADD/DSP2/i_no_versal_es1_workaround.DSP input design_1_i/cordiccart2pol_0/inst/fadd_32ns_32ns_32_5_full_dsp_1_U2/cordiccart2pol_ap_fadd_3_full_dsp_32_u/inst/i_synth/ADDSUB_OP.ADDSUB/DSP.OP/DSP48E1_BODY.ALIGN_ADD/DSP2/i_no_versal_es1_workaround.DSP/A[29:0] is not pipelined. Pipelining DSP48 input will improve performance.
WARNING: [DRC DPIP-1] Input pipelining: DSP design_1_i/cordiccart2pol_0/inst/fadd_32ns_32ns_32_5_full_dsp_1_U2/cordiccart2pol_ap_fadd_3_full_dsp_32_u/inst/i_synth/ADDSUB_OP.ADDSUB/DSP.OP/DSP48E1_BODY.ALIGN_ADD/DSP2/i_no_versal_es1_workaround.DSP input design_1_i/cordiccart2pol_0/inst/fadd_32ns_32ns_32_5_full_dsp_1_U2/cordiccart2pol_ap_fadd_3_full_dsp_32_u/inst/i_synth/ADDSUB_OP.ADDSUB/DSP.OP/DSP48E1_BODY.ALIGN_ADD/DSP2/i_no_versal_es1_workaround.DSP/B[17:0] is not pipelined. Pipelining DSP48 input will improve performance.
WARNING: [DRC DPIP-1] Input pipelining: DSP design_1_i/cordiccart2pol_0/inst/fadd_32ns_32ns_32_5_full_dsp_1_U2/cordiccart2pol_ap_fadd_3_full_dsp_32_u/inst/i_synth/ADDSUB_OP.ADDSUB/DSP.OP/DSP48E1_BODY.ALIGN_ADD/DSP2/i_no_versal_es1_workaround.DSP input design_1_i/cordiccart2pol_0/inst/fadd_32ns_32ns_32_5_full_dsp_1_U2/cordiccart2pol_ap_fadd_3_full_dsp_32_u/inst/i_synth/ADDSUB_OP.ADDSUB/DSP.OP/DSP48E1_BODY.ALIGN_ADD/DSP2/i_no_versal_es1_workaround.DSP/C[47:0] is not pipelined. Pipelining DSP48 input will improve performance.
WARNING: [DRC DPIP-1] Input pipelining: DSP design_1_i/cordiccart2pol_0/inst/fadd_32ns_32ns_32_5_full_dsp_1_U2/cordiccart2pol_ap_fadd_3_full_dsp_32_u/inst/i_synth/ADDSUB_OP.ADDSUB/DSP.OP/DSP48E1_BODY.NORM_RND/FULL_USAGE_DSP.SHIFT_RND/i_no_versal_es1_workaround.DSP input design_1_i/cordiccart2pol_0/inst/fadd_32ns_32ns_32_5_full_dsp_1_U2/cordiccart2pol_ap_fadd_3_full_dsp_32_u/inst/i_synth/ADDSUB_OP.ADDSUB/DSP.OP/DSP48E1_BODY.NORM_RND/FULL_USAGE_DSP.SHIFT_RND/i_no_versal_es1_workaround.DSP/C[47:0] is not pipelined. Pipelining DSP48 input will improve performance.
WARNING: [DRC DPIP-1] Input pipelining: DSP design_1_i/cordiccart2pol_0/inst/faddfsub_32ns_32ns_32_5_full_dsp_1_U1/cordiccart2pol_ap_faddfsub_3_full_dsp_32_u/inst/i_synth/ADDSUB_OP.ADDSUB/DSP.OP/DSP48E1_BODY.ALIGN_ADD/DSP2/i_no_versal_es1_workaround.DSP input design_1_i/cordiccart2pol_0/inst/faddfsub_32ns_32ns_32_5_full_dsp_1_U1/cordiccart2pol_ap_faddfsub_3_full_dsp_32_u/inst/i_synth/ADDSUB_OP.ADDSUB/DSP.OP/DSP48E1_BODY.ALIGN_ADD/DSP2/i_no_versal_es1_workaround.DSP/A[29:0] is not pipelined. Pipelining DSP48 input will improve performance.
WARNING: [DRC DPIP-1] Input pipelining: DSP design_1_i/cordiccart2pol_0/inst/faddfsub_32ns_32ns_32_5_full_dsp_1_U1/cordiccart2pol_ap_faddfsub_3_full_dsp_32_u/inst/i_synth/ADDSUB_OP.ADDSUB/DSP.OP/DSP48E1_BODY.ALIGN_ADD/DSP2/i_no_versal_es1_workaround.DSP input design_1_i/cordiccart2pol_0/inst/faddfsub_32ns_32ns_32_5_full_dsp_1_U1/cordiccart2pol_ap_faddfsub_3_full_dsp_32_u/inst/i_synth/ADDSUB_OP.ADDSUB/DSP.OP/DSP48E1_BODY.ALIGN_ADD/DSP2/i_no_versal_es1_workaround.DSP/B[17:0] is not pipelined. Pipelining DSP48 input will improve performance.
WARNING: [DRC DPIP-1] Input pipelining: DSP design_1_i/cordiccart2pol_0/inst/faddfsub_32ns_32ns_32_5_full_dsp_1_U1/cordiccart2pol_ap_faddfsub_3_full_dsp_32_u/inst/i_synth/ADDSUB_OP.ADDSUB/DSP.OP/DSP48E1_BODY.ALIGN_ADD/DSP2/i_no_versal_es1_workaround.DSP input design_1_i/cordiccart2pol_0/inst/faddfsub_32ns_32ns_32_5_full_dsp_1_U1/cordiccart2pol_ap_faddfsub_3_full_dsp_32_u/inst/i_synth/ADDSUB_OP.ADDSUB/DSP.OP/DSP48E1_BODY.ALIGN_ADD/DSP2/i_no_versal_es1_workaround.DSP/C[47:0] is not pipelined. Pipelining DSP48 input will improve performance.
WARNING: [DRC DPIP-1] Input pipelining: DSP design_1_i/cordiccart2pol_0/inst/faddfsub_32ns_32ns_32_5_full_dsp_1_U1/cordiccart2pol_ap_faddfsub_3_full_dsp_32_u/inst/i_synth/ADDSUB_OP.ADDSUB/DSP.OP/DSP48E1_BODY.NORM_RND/FULL_USAGE_DSP.SHIFT_RND/i_no_versal_es1_workaround.DSP input design_1_i/cordiccart2pol_0/inst/faddfsub_32ns_32ns_32_5_full_dsp_1_U1/cordiccart2pol_ap_faddfsub_3_full_dsp_32_u/inst/i_synth/ADDSUB_OP.ADDSUB/DSP.OP/DSP48E1_BODY.NORM_RND/FULL_USAGE_DSP.SHIFT_RND/i_no_versal_es1_workaround.DSP/C[47:0] is not pipelined. Pipelining DSP48 input will improve performance.
WARNING: [DRC DPIP-1] Input pipelining: DSP design_1_i/cordiccart2pol_0/inst/fmul_32ns_32ns_32_4_max_dsp_1_U3/cordiccart2pol_ap_fmul_2_max_dsp_32_u/inst/i_synth/MULT.OP/i_non_prim.MULT/DSP48E1_SPD_SGL_VARIANT.FIX_MULT/DSP1/i_no_versal_es1_workaround.DSP input design_1_i/cordiccart2pol_0/inst/fmul_32ns_32ns_32_4_max_dsp_1_U3/cordiccart2pol_ap_fmul_2_max_dsp_32_u/inst/i_synth/MULT.OP/i_non_prim.MULT/DSP48E1_SPD_SGL_VARIANT.FIX_MULT/DSP1/i_no_versal_es1_workaround.DSP/A[29:0] is not pipelined. Pipelining DSP48 input will improve performance.
WARNING: [DRC DPIP-1] Input pipelining: DSP design_1_i/cordiccart2pol_0/inst/fmul_32ns_32ns_32_4_max_dsp_1_U3/cordiccart2pol_ap_fmul_2_max_dsp_32_u/inst/i_synth/MULT.OP/i_non_prim.MULT/DSP48E1_SPD_SGL_VARIANT.FIX_MULT/DSP1/i_no_versal_es1_workaround.DSP input design_1_i/cordiccart2pol_0/inst/fmul_32ns_32ns_32_4_max_dsp_1_U3/cordiccart2pol_ap_fmul_2_max_dsp_32_u/inst/i_synth/MULT.OP/i_non_prim.MULT/DSP48E1_SPD_SGL_VARIANT.FIX_MULT/DSP1/i_no_versal_es1_workaround.DSP/B[17:0] is not pipelined. Pipelining DSP48 input will improve performance.
WARNING: [DRC DPIP-1] Input pipelining: DSP design_1_i/cordiccart2pol_0/inst/fmul_32ns_32ns_32_4_max_dsp_1_U3/cordiccart2pol_ap_fmul_2_max_dsp_32_u/inst/i_synth/MULT.OP/i_non_prim.MULT/DSP48E1_SPD_SGL_VARIANT.FIX_MULT/DSP2/i_no_versal_es1_workaround.DSP input design_1_i/cordiccart2pol_0/inst/fmul_32ns_32ns_32_4_max_dsp_1_U3/cordiccart2pol_ap_fmul_2_max_dsp_32_u/inst/i_synth/MULT.OP/i_non_prim.MULT/DSP48E1_SPD_SGL_VARIANT.FIX_MULT/DSP2/i_no_versal_es1_workaround.DSP/B[17:0] is not pipelined. Pipelining DSP48 input will improve performance.
WARNING: [DRC DPIP-1] Input pipelining: DSP design_1_i/cordiccart2pol_0/inst/fmul_32ns_32ns_32_4_max_dsp_1_U3/cordiccart2pol_ap_fmul_2_max_dsp_32_u/inst/i_synth/MULT.OP/i_non_prim.R_AND_R/LAT_OPT.FULL.R_AND_R/DSP48E1_SGL_EXP_IP.OLD_ADD.ADD/i_no_versal_es1_workaround.DSP input design_1_i/cordiccart2pol_0/inst/fmul_32ns_32ns_32_4_max_dsp_1_U3/cordiccart2pol_ap_fmul_2_max_dsp_32_u/inst/i_synth/MULT.OP/i_non_prim.R_AND_R/LAT_OPT.FULL.R_AND_R/DSP48E1_SGL_EXP_IP.OLD_ADD.ADD/i_no_versal_es1_workaround.DSP/C[47:0] is not pipelined. Pipelining DSP48 input will improve performance.
WARNING: [DRC DPIP-1] Input pipelining: DSP design_1_i/cordiccart2pol_0/inst/fmul_32ns_32ns_32_4_max_dsp_1_U4/cordiccart2pol_ap_fmul_2_max_dsp_32_u/inst/i_synth/MULT.OP/i_non_prim.MULT/DSP48E1_SPD_SGL_VARIANT.FIX_MULT/DSP1/i_no_versal_es1_workaround.DSP input design_1_i/cordiccart2pol_0/inst/fmul_32ns_32ns_32_4_max_dsp_1_U4/cordiccart2pol_ap_fmul_2_max_dsp_32_u/inst/i_synth/MULT.OP/i_non_prim.MULT/DSP48E1_SPD_SGL_VARIANT.FIX_MULT/DSP1/i_no_versal_es1_workaround.DSP/A[29:0] is not pipelined. Pipelining DSP48 input will improve performance.
WARNING: [DRC DPIP-1] Input pipelining: DSP design_1_i/cordiccart2pol_0/inst/fmul_32ns_32ns_32_4_max_dsp_1_U4/cordiccart2pol_ap_fmul_2_max_dsp_32_u/inst/i_synth/MULT.OP/i_non_prim.MULT/DSP48E1_SPD_SGL_VARIANT.FIX_MULT/DSP1/i_no_versal_es1_workaround.DSP input design_1_i/cordiccart2pol_0/inst/fmul_32ns_32ns_32_4_max_dsp_1_U4/cordiccart2pol_ap_fmul_2_max_dsp_32_u/inst/i_synth/MULT.OP/i_non_prim.MULT/DSP48E1_SPD_SGL_VARIANT.FIX_MULT/DSP1/i_no_versal_es1_workaround.DSP/B[17:0] is not pipelined. Pipelining DSP48 input will improve performance.
WARNING: [DRC DPIP-1] Input pipelining: DSP design_1_i/cordiccart2pol_0/inst/fmul_32ns_32ns_32_4_max_dsp_1_U4/cordiccart2pol_ap_fmul_2_max_dsp_32_u/inst/i_synth/MULT.OP/i_non_prim.MULT/DSP48E1_SPD_SGL_VARIANT.FIX_MULT/DSP2/i_no_versal_es1_workaround.DSP input design_1_i/cordiccart2pol_0/inst/fmul_32ns_32ns_32_4_max_dsp_1_U4/cordiccart2pol_ap_fmul_2_max_dsp_32_u/inst/i_synth/MULT.OP/i_non_prim.MULT/DSP48E1_SPD_SGL_VARIANT.FIX_MULT/DSP2/i_no_versal_es1_workaround.DSP/B[17:0] is not pipelined. Pipelining DSP48 input will improve performance.
WARNING: [DRC DPIP-1] Input pipelining: DSP design_1_i/cordiccart2pol_0/inst/fmul_32ns_32ns_32_4_max_dsp_1_U4/cordiccart2pol_ap_fmul_2_max_dsp_32_u/inst/i_synth/MULT.OP/i_non_prim.R_AND_R/LAT_OPT.FULL.R_AND_R/DSP48E1_SGL_EXP_IP.OLD_ADD.ADD/i_no_versal_es1_workaround.DSP input design_1_i/cordiccart2pol_0/inst/fmul_32ns_32ns_32_4_max_dsp_1_U4/cordiccart2pol_ap_fmul_2_max_dsp_32_u/inst/i_synth/MULT.OP/i_non_prim.R_AND_R/LAT_OPT.FULL.R_AND_R/DSP48E1_SGL_EXP_IP.OLD_ADD.ADD/i_no_versal_es1_workaround.DSP/C[47:0] is not pipelined. Pipelining DSP48 input will improve performance.
WARNING: [DRC DPOP-1] PREG Output pipelining: DSP design_1_i/cordiccart2pol_0/inst/dmul_64ns_64ns_64_7_max_dsp_1_U8/cordiccart2pol_ap_dmul_5_max_dsp_64_u/inst/i_synth/MULT.OP/i_non_prim.MULT/DSP48E1_SPD_DBL_VARIANT.FIX_MULT/DSP0/i_no_versal_es1_workaround.DSP output design_1_i/cordiccart2pol_0/inst/dmul_64ns_64ns_64_7_max_dsp_1_U8/cordiccart2pol_ap_dmul_5_max_dsp_64_u/inst/i_synth/MULT.OP/i_non_prim.MULT/DSP48E1_SPD_DBL_VARIANT.FIX_MULT/DSP0/i_no_versal_es1_workaround.DSP/PATTERNDETECT is not pipelined (PREG=0). Pipelining the DSP48 output will improve performance and often saves power so it is suggested whenever possible to fully pipeline this function.  If this DSP48 function was inferred, it is suggested to describe an additional register stage after this function.  If the DSP48 was instantiated in the design, it is suggested to set the PREG attribute to 1.
WARNING: [DRC DPOP-1] PREG Output pipelining: DSP design_1_i/cordiccart2pol_0/inst/dmul_64ns_64ns_64_7_max_dsp_1_U8/cordiccart2pol_ap_dmul_5_max_dsp_64_u/inst/i_synth/MULT.OP/i_non_prim.MULT/DSP48E1_SPD_DBL_VARIANT.FIX_MULT/DSP2/i_no_versal_es1_workaround.DSP output design_1_i/cordiccart2pol_0/inst/dmul_64ns_64ns_64_7_max_dsp_1_U8/cordiccart2pol_ap_dmul_5_max_dsp_64_u/inst/i_synth/MULT.OP/i_non_prim.MULT/DSP48E1_SPD_DBL_VARIANT.FIX_MULT/DSP2/i_no_versal_es1_workaround.DSP/PATTERNDETECT is not pipelined (PREG=0). Pipelining the DSP48 output will improve performance and often saves power so it is suggested whenever possible to fully pipeline this function.  If this DSP48 function was inferred, it is suggested to describe an additional register stage after this function.  If the DSP48 was instantiated in the design, it is suggested to set the PREG attribute to 1.
WARNING: [DRC DPOP-1] PREG Output pipelining: DSP design_1_i/cordiccart2pol_0/inst/dmul_64ns_64ns_64_7_max_dsp_1_U8/cordiccart2pol_ap_dmul_5_max_dsp_64_u/inst/i_synth/MULT.OP/i_non_prim.MULT/DSP48E1_SPD_DBL_VARIANT.FIX_MULT/DSP5/i_no_versal_es1_workaround.DSP output design_1_i/cordiccart2pol_0/inst/dmul_64ns_64ns_64_7_max_dsp_1_U8/cordiccart2pol_ap_dmul_5_max_dsp_64_u/inst/i_synth/MULT.OP/i_non_prim.MULT/DSP48E1_SPD_DBL_VARIANT.FIX_MULT/DSP5/i_no_versal_es1_workaround.DSP/PATTERNDETECT is not pipelined (PREG=0). Pipelining the DSP48 output will improve performance and often saves power so it is suggested whenever possible to fully pipeline this function.  If this DSP48 function was inferred, it is suggested to describe an additional register stage after this function.  If the DSP48 was instantiated in the design, it is suggested to set the PREG attribute to 1.
WARNING: [DRC DPOP-1] PREG Output pipelining: DSP design_1_i/cordiccart2pol_0/inst/dmul_64ns_64ns_64_7_max_dsp_1_U8/cordiccart2pol_ap_dmul_5_max_dsp_64_u/inst/i_synth/MULT.OP/i_non_prim.MULT/DSP48E1_SPD_DBL_VARIANT.FIX_MULT/DSP8/i_no_versal_es1_workaround.DSP output design_1_i/cordiccart2pol_0/inst/dmul_64ns_64ns_64_7_max_dsp_1_U8/cordiccart2pol_ap_dmul_5_max_dsp_64_u/inst/i_synth/MULT.OP/i_non_prim.MULT/DSP48E1_SPD_DBL_VARIANT.FIX_MULT/DSP8/i_no_versal_es1_workaround.DSP/P[47:0] is not pipelined (PREG=0). Pipelining the DSP48 output will improve performance and often saves power so it is suggested whenever possible to fully pipeline this function.  If this DSP48 function was inferred, it is suggested to describe an additional register stage after this function.  If the DSP48 was instantiated in the design, it is suggested to set the PREG attribute to 1.
WARNING: [DRC DPOP-1] PREG Output pipelining: DSP design_1_i/cordiccart2pol_0/inst/dmul_64ns_64ns_64_7_max_dsp_1_U8/cordiccart2pol_ap_dmul_5_max_dsp_64_u/inst/i_synth/MULT.OP/i_non_prim.MULT/DSP48E1_SPD_DBL_VARIANT.FIX_MULT/FULL_MAX_USAGE.DSP9/i_no_versal_es1_workaround.DSP output design_1_i/cordiccart2pol_0/inst/dmul_64ns_64ns_64_7_max_dsp_1_U8/cordiccart2pol_ap_dmul_5_max_dsp_64_u/inst/i_synth/MULT.OP/i_non_prim.MULT/DSP48E1_SPD_DBL_VARIANT.FIX_MULT/FULL_MAX_USAGE.DSP9/i_no_versal_es1_workaround.DSP/P[47:0] is not pipelined (PREG=0). Pipelining the DSP48 output will improve performance and often saves power so it is suggested whenever possible to fully pipeline this function.  If this DSP48 function was inferred, it is suggested to describe an additional register stage after this function.  If the DSP48 was instantiated in the design, it is suggested to set the PREG attribute to 1.
WARNING: [DRC DPOP-1] PREG Output pipelining: DSP design_1_i/cordiccart2pol_0/inst/dmul_64ns_64ns_64_7_max_dsp_1_U8/cordiccart2pol_ap_dmul_5_max_dsp_64_u/inst/i_synth/MULT.OP/i_non_prim.R_AND_R/LOGIC.R_AND_R/DSP48_E1.DSP48E1_ADD.DSP48E1_ADD/i_no_versal_es1_workaround.DSP output design_1_i/cordiccart2pol_0/inst/dmul_64ns_64ns_64_7_max_dsp_1_U8/cordiccart2pol_ap_dmul_5_max_dsp_64_u/inst/i_synth/MULT.OP/i_non_prim.R_AND_R/LOGIC.R_AND_R/DSP48_E1.DSP48E1_ADD.DSP48E1_ADD/i_no_versal_es1_workaround.DSP/P[47:0] is not pipelined (PREG=0). Pipelining the DSP48 output will improve performance and often saves power so it is suggested whenever possible to fully pipeline this function.  If this DSP48 function was inferred, it is suggested to describe an additional register stage after this function.  If the DSP48 was instantiated in the design, it is suggested to set the PREG attribute to 1.
WARNING: [DRC DPOP-1] PREG Output pipelining: DSP design_1_i/cordiccart2pol_0/inst/fadd_32ns_32ns_32_5_full_dsp_1_U2/cordiccart2pol_ap_fadd_3_full_dsp_32_u/inst/i_synth/ADDSUB_OP.ADDSUB/DSP.OP/DSP48E1_BODY.NORM_RND/FULL_USAGE_DSP.SHIFT_RND/i_no_versal_es1_workaround.DSP output design_1_i/cordiccart2pol_0/inst/fadd_32ns_32ns_32_5_full_dsp_1_U2/cordiccart2pol_ap_fadd_3_full_dsp_32_u/inst/i_synth/ADDSUB_OP.ADDSUB/DSP.OP/DSP48E1_BODY.NORM_RND/FULL_USAGE_DSP.SHIFT_RND/i_no_versal_es1_workaround.DSP/P[47:0] is not pipelined (PREG=0). Pipelining the DSP48 output will improve performance and often saves power so it is suggested whenever possible to fully pipeline this function.  If this DSP48 function was inferred, it is suggested to describe an additional register stage after this function.  If the DSP48 was instantiated in the design, it is suggested to set the PREG attribute to 1.
WARNING: [DRC DPOP-1] PREG Output pipelining: DSP design_1_i/cordiccart2pol_0/inst/faddfsub_32ns_32ns_32_5_full_dsp_1_U1/cordiccart2pol_ap_faddfsub_3_full_dsp_32_u/inst/i_synth/ADDSUB_OP.ADDSUB/DSP.OP/DSP48E1_BODY.NORM_RND/FULL_USAGE_DSP.SHIFT_RND/i_no_versal_es1_workaround.DSP output design_1_i/cordiccart2pol_0/inst/faddfsub_32ns_32ns_32_5_full_dsp_1_U1/cordiccart2pol_ap_faddfsub_3_full_dsp_32_u/inst/i_synth/ADDSUB_OP.ADDSUB/DSP.OP/DSP48E1_BODY.NORM_RND/FULL_USAGE_DSP.SHIFT_RND/i_no_versal_es1_workaround.DSP/P[47:0] is not pipelined (PREG=0). Pipelining the DSP48 output will improve performance and often saves power so it is suggested whenever possible to fully pipeline this function.  If this DSP48 function was inferred, it is suggested to describe an additional register stage after this function.  If the DSP48 was instantiated in the design, it is suggested to set the PREG attribute to 1.
WARNING: [DRC DPOP-1] PREG Output pipelining: DSP design_1_i/cordiccart2pol_0/inst/fmul_32ns_32ns_32_4_max_dsp_1_U3/cordiccart2pol_ap_fmul_2_max_dsp_32_u/inst/i_synth/MULT.OP/i_non_prim.MULT/DSP48E1_SPD_SGL_VARIANT.FIX_MULT/DSP2/i_no_versal_es1_workaround.DSP output design_1_i/cordiccart2pol_0/inst/fmul_32ns_32ns_32_4_max_dsp_1_U3/cordiccart2pol_ap_fmul_2_max_dsp_32_u/inst/i_synth/MULT.OP/i_non_prim.MULT/DSP48E1_SPD_SGL_VARIANT.FIX_MULT/DSP2/i_no_versal_es1_workaround.DSP/PATTERNDETECT is not pipelined (PREG=0). Pipelining the DSP48 output will improve performance and often saves power so it is suggested whenever possible to fully pipeline this function.  If this DSP48 function was inferred, it is suggested to describe an additional register stage after this function.  If the DSP48 was instantiated in the design, it is suggested to set the PREG attribute to 1.
WARNING: [DRC DPOP-1] PREG Output pipelining: DSP design_1_i/cordiccart2pol_0/inst/fmul_32ns_32ns_32_4_max_dsp_1_U3/cordiccart2pol_ap_fmul_2_max_dsp_32_u/inst/i_synth/MULT.OP/i_non_prim.MULT/DSP48E1_SPD_SGL_VARIANT.FIX_MULT/DSP2/i_no_versal_es1_workaround.DSP output design_1_i/cordiccart2pol_0/inst/fmul_32ns_32ns_32_4_max_dsp_1_U3/cordiccart2pol_ap_fmul_2_max_dsp_32_u/inst/i_synth/MULT.OP/i_non_prim.MULT/DSP48E1_SPD_SGL_VARIANT.FIX_MULT/DSP2/i_no_versal_es1_workaround.DSP/P[47:0] is not pipelined (PREG=0). Pipelining the DSP48 output will improve performance and often saves power so it is suggested whenever possible to fully pipeline this function.  If this DSP48 function was inferred, it is suggested to describe an additional register stage after this function.  If the DSP48 was instantiated in the design, it is suggested to set the PREG attribute to 1.
WARNING: [DRC DPOP-1] PREG Output pipelining: DSP design_1_i/cordiccart2pol_0/inst/fmul_32ns_32ns_32_4_max_dsp_1_U3/cordiccart2pol_ap_fmul_2_max_dsp_32_u/inst/i_synth/MULT.OP/i_non_prim.R_AND_R/LAT_OPT.FULL.R_AND_R/DSP48E1_SGL_EXP_IP.OLD_ADD.ADD/i_no_versal_es1_workaround.DSP output design_1_i/cordiccart2pol_0/inst/fmul_32ns_32ns_32_4_max_dsp_1_U3/cordiccart2pol_ap_fmul_2_max_dsp_32_u/inst/i_synth/MULT.OP/i_non_prim.R_AND_R/LAT_OPT.FULL.R_AND_R/DSP48E1_SGL_EXP_IP.OLD_ADD.ADD/i_no_versal_es1_workaround.DSP/CARRYOUT[3:0] is not pipelined (PREG=0). Pipelining the DSP48 output will improve performance and often saves power so it is suggested whenever possible to fully pipeline this function.  If this DSP48 function was inferred, it is suggested to describe an additional register stage after this function.  If the DSP48 was instantiated in the design, it is suggested to set the PREG attribute to 1.
WARNING: [DRC DPOP-1] PREG Output pipelining: DSP design_1_i/cordiccart2pol_0/inst/fmul_32ns_32ns_32_4_max_dsp_1_U3/cordiccart2pol_ap_fmul_2_max_dsp_32_u/inst/i_synth/MULT.OP/i_non_prim.R_AND_R/LAT_OPT.FULL.R_AND_R/DSP48E1_SGL_EXP_IP.OLD_ADD.ADD/i_no_versal_es1_workaround.DSP output design_1_i/cordiccart2pol_0/inst/fmul_32ns_32ns_32_4_max_dsp_1_U3/cordiccart2pol_ap_fmul_2_max_dsp_32_u/inst/i_synth/MULT.OP/i_non_prim.R_AND_R/LAT_OPT.FULL.R_AND_R/DSP48E1_SGL_EXP_IP.OLD_ADD.ADD/i_no_versal_es1_workaround.DSP/P[47:0] is not pipelined (PREG=0). Pipelining the DSP48 output will improve performance and often saves power so it is suggested whenever possible to fully pipeline this function.  If this DSP48 function was inferred, it is suggested to describe an additional register stage after this function.  If the DSP48 was instantiated in the design, it is suggested to set the PREG attribute to 1.
WARNING: [DRC DPOP-1] PREG Output pipelining: DSP design_1_i/cordiccart2pol_0/inst/fmul_32ns_32ns_32_4_max_dsp_1_U4/cordiccart2pol_ap_fmul_2_max_dsp_32_u/inst/i_synth/MULT.OP/i_non_prim.MULT/DSP48E1_SPD_SGL_VARIANT.FIX_MULT/DSP2/i_no_versal_es1_workaround.DSP output design_1_i/cordiccart2pol_0/inst/fmul_32ns_32ns_32_4_max_dsp_1_U4/cordiccart2pol_ap_fmul_2_max_dsp_32_u/inst/i_synth/MULT.OP/i_non_prim.MULT/DSP48E1_SPD_SGL_VARIANT.FIX_MULT/DSP2/i_no_versal_es1_workaround.DSP/PATTERNDETECT is not pipelined (PREG=0). Pipelining the DSP48 output will improve performance and often saves power so it is suggested whenever possible to fully pipeline this function.  If this DSP48 function was inferred, it is suggested to describe an additional register stage after this function.  If the DSP48 was instantiated in the design, it is suggested to set the PREG attribute to 1.
WARNING: [DRC DPOP-1] PREG Output pipelining: DSP design_1_i/cordiccart2pol_0/inst/fmul_32ns_32ns_32_4_max_dsp_1_U4/cordiccart2pol_ap_fmul_2_max_dsp_32_u/inst/i_synth/MULT.OP/i_non_prim.MULT/DSP48E1_SPD_SGL_VARIANT.FIX_MULT/DSP2/i_no_versal_es1_workaround.DSP output design_1_i/cordiccart2pol_0/inst/fmul_32ns_32ns_32_4_max_dsp_1_U4/cordiccart2pol_ap_fmul_2_max_dsp_32_u/inst/i_synth/MULT.OP/i_non_prim.MULT/DSP48E1_SPD_SGL_VARIANT.FIX_MULT/DSP2/i_no_versal_es1_workaround.DSP/P[47:0] is not pipelined (PREG=0). Pipelining the DSP48 output will improve performance and often saves power so it is suggested whenever possible to fully pipeline this function.  If this DSP48 function was inferred, it is suggested to describe an additional register stage after this function.  If the DSP48 was instantiated in the design, it is suggested to set the PREG attribute to 1.
WARNING: [DRC DPOP-1] PREG Output pipelining: DSP design_1_i/cordiccart2pol_0/inst/fmul_32ns_32ns_32_4_max_dsp_1_U4/cordiccart2pol_ap_fmul_2_max_dsp_32_u/inst/i_synth/MULT.OP/i_non_prim.R_AND_R/LAT_OPT.FULL.R_AND_R/DSP48E1_SGL_EXP_IP.OLD_ADD.ADD/i_no_versal_es1_workaround.DSP output design_1_i/cordiccart2pol_0/inst/fmul_32ns_32ns_32_4_max_dsp_1_U4/cordiccart2pol_ap_fmul_2_max_dsp_32_u/inst/i_synth/MULT.OP/i_non_prim.R_AND_R/LAT_OPT.FULL.R_AND_R/DSP48E1_SGL_EXP_IP.OLD_ADD.ADD/i_no_versal_es1_workaround.DSP/CARRYOUT[3:0] is not pipelined (PREG=0). Pipelining the DSP48 output will improve performance and often saves power so it is suggested whenever possible to fully pipeline this function.  If this DSP48 function was inferred, it is suggested to describe an additional register stage after this function.  If the DSP48 was instantiated in the design, it is suggested to set the PREG attribute to 1.
WARNING: [DRC DPOP-1] PREG Output pipelining: DSP design_1_i/cordiccart2pol_0/inst/fmul_32ns_32ns_32_4_max_dsp_1_U4/cordiccart2pol_ap_fmul_2_max_dsp_32_u/inst/i_synth/MULT.OP/i_non_prim.R_AND_R/LAT_OPT.FULL.R_AND_R/DSP48E1_SGL_EXP_IP.OLD_ADD.ADD/i_no_versal_es1_workaround.DSP output design_1_i/cordiccart2pol_0/inst/fmul_32ns_32ns_32_4_max_dsp_1_U4/cordiccart2pol_ap_fmul_2_max_dsp_32_u/inst/i_synth/MULT.OP/i_non_prim.R_AND_R/LAT_OPT.FULL.R_AND_R/DSP48E1_SGL_EXP_IP.OLD_ADD.ADD/i_no_versal_es1_workaround.DSP/P[47:0] is not pipelined (PREG=0). Pipelining the DSP48 output will improve performance and often saves power so it is suggested whenever possible to fully pipeline this function.  If this DSP48 function was inferred, it is suggested to describe an additional register stage after this function.  If the DSP48 was instantiated in the design, it is suggested to set the PREG attribute to 1.
WARNING: [DRC DPOP-2] MREG Output pipelining: DSP design_1_i/cordiccart2pol_0/inst/dmul_64ns_64ns_64_7_max_dsp_1_U8/cordiccart2pol_ap_dmul_5_max_dsp_64_u/inst/i_synth/MULT.OP/i_non_prim.MULT/DSP48E1_SPD_DBL_VARIANT.FIX_MULT/DSP0/i_no_versal_es1_workaround.DSP multiplier stage design_1_i/cordiccart2pol_0/inst/dmul_64ns_64ns_64_7_max_dsp_1_U8/cordiccart2pol_ap_dmul_5_max_dsp_64_u/inst/i_synth/MULT.OP/i_non_prim.MULT/DSP48E1_SPD_DBL_VARIANT.FIX_MULT/DSP0/i_no_versal_es1_workaround.DSP/PATTERNDETECT is not pipelined (MREG=0). Pipelining the multiplier function will improve performance and will save significant power so it is suggested whenever possible to fully pipeline this function.  If this multiplier was inferred, it is suggested to describe an additional register stage after this function.  If there is no registered adder/accumulator following the multiply function, two pipeline stages are suggested to allow both the MREG and PREG registers to be used.  If the DSP48 was instantiated in the design, it is suggested to set both the MREG and PREG attributes to 1 when performing multiply functions.
WARNING: [DRC DPOP-2] MREG Output pipelining: DSP design_1_i/cordiccart2pol_0/inst/dmul_64ns_64ns_64_7_max_dsp_1_U8/cordiccart2pol_ap_dmul_5_max_dsp_64_u/inst/i_synth/MULT.OP/i_non_prim.MULT/DSP48E1_SPD_DBL_VARIANT.FIX_MULT/DSP7/i_no_versal_es1_workaround.DSP multiplier stage design_1_i/cordiccart2pol_0/inst/dmul_64ns_64ns_64_7_max_dsp_1_U8/cordiccart2pol_ap_dmul_5_max_dsp_64_u/inst/i_synth/MULT.OP/i_non_prim.MULT/DSP48E1_SPD_DBL_VARIANT.FIX_MULT/DSP7/i_no_versal_es1_workaround.DSP/P[47:0] is not pipelined (MREG=0). Pipelining the multiplier function will improve performance and will save significant power so it is suggested whenever possible to fully pipeline this function.  If this multiplier was inferred, it is suggested to describe an additional register stage after this function.  If there is no registered adder/accumulator following the multiply function, two pipeline stages are suggested to allow both the MREG and PREG registers to be used.  If the DSP48 was instantiated in the design, it is suggested to set both the MREG and PREG attributes to 1 when performing multiply functions.
WARNING: [DRC DPOP-2] MREG Output pipelining: DSP design_1_i/cordiccart2pol_0/inst/dmul_64ns_64ns_64_7_max_dsp_1_U8/cordiccart2pol_ap_dmul_5_max_dsp_64_u/inst/i_synth/MULT.OP/i_non_prim.MULT/DSP48E1_SPD_DBL_VARIANT.FIX_MULT/FULL_MAX_USAGE.DSP9/i_no_versal_es1_workaround.DSP multiplier stage design_1_i/cordiccart2pol_0/inst/dmul_64ns_64ns_64_7_max_dsp_1_U8/cordiccart2pol_ap_dmul_5_max_dsp_64_u/inst/i_synth/MULT.OP/i_non_prim.MULT/DSP48E1_SPD_DBL_VARIANT.FIX_MULT/FULL_MAX_USAGE.DSP9/i_no_versal_es1_workaround.DSP/P[47:0] is not pipelined (MREG=0). Pipelining the multiplier function will improve performance and will save significant power so it is suggested whenever possible to fully pipeline this function.  If this multiplier was inferred, it is suggested to describe an additional register stage after this function.  If there is no registered adder/accumulator following the multiply function, two pipeline stages are suggested to allow both the MREG and PREG registers to be used.  If the DSP48 was instantiated in the design, it is suggested to set both the MREG and PREG attributes to 1 when performing multiply functions.
WARNING: [DRC DPOP-2] MREG Output pipelining: DSP design_1_i/cordiccart2pol_0/inst/fadd_32ns_32ns_32_5_full_dsp_1_U2/cordiccart2pol_ap_fadd_3_full_dsp_32_u/inst/i_synth/ADDSUB_OP.ADDSUB/DSP.OP/DSP48E1_BODY.NORM_RND/FULL_USAGE_DSP.SHIFT_RND/i_no_versal_es1_workaround.DSP multiplier stage design_1_i/cordiccart2pol_0/inst/fadd_32ns_32ns_32_5_full_dsp_1_U2/cordiccart2pol_ap_fadd_3_full_dsp_32_u/inst/i_synth/ADDSUB_OP.ADDSUB/DSP.OP/DSP48E1_BODY.NORM_RND/FULL_USAGE_DSP.SHIFT_RND/i_no_versal_es1_workaround.DSP/P[47:0] is not pipelined (MREG=0). Pipelining the multiplier function will improve performance and will save significant power so it is suggested whenever possible to fully pipeline this function.  If this multiplier was inferred, it is suggested to describe an additional register stage after this function.  If there is no registered adder/accumulator following the multiply function, two pipeline stages are suggested to allow both the MREG and PREG registers to be used.  If the DSP48 was instantiated in the design, it is suggested to set both the MREG and PREG attributes to 1 when performing multiply functions.
WARNING: [DRC DPOP-2] MREG Output pipelining: DSP design_1_i/cordiccart2pol_0/inst/faddfsub_32ns_32ns_32_5_full_dsp_1_U1/cordiccart2pol_ap_faddfsub_3_full_dsp_32_u/inst/i_synth/ADDSUB_OP.ADDSUB/DSP.OP/DSP48E1_BODY.NORM_RND/FULL_USAGE_DSP.SHIFT_RND/i_no_versal_es1_workaround.DSP multiplier stage design_1_i/cordiccart2pol_0/inst/faddfsub_32ns_32ns_32_5_full_dsp_1_U1/cordiccart2pol_ap_faddfsub_3_full_dsp_32_u/inst/i_synth/ADDSUB_OP.ADDSUB/DSP.OP/DSP48E1_BODY.NORM_RND/FULL_USAGE_DSP.SHIFT_RND/i_no_versal_es1_workaround.DSP/P[47:0] is not pipelined (MREG=0). Pipelining the multiplier function will improve performance and will save significant power so it is suggested whenever possible to fully pipeline this function.  If this multiplier was inferred, it is suggested to describe an additional register stage after this function.  If there is no registered adder/accumulator following the multiply function, two pipeline stages are suggested to allow both the MREG and PREG registers to be used.  If the DSP48 was instantiated in the design, it is suggested to set both the MREG and PREG attributes to 1 when performing multiply functions.
WARNING: [DRC DPOP-2] MREG Output pipelining: DSP design_1_i/cordiccart2pol_0/inst/fmul_32ns_32ns_32_4_max_dsp_1_U3/cordiccart2pol_ap_fmul_2_max_dsp_32_u/inst/i_synth/MULT.OP/i_non_prim.MULT/DSP48E1_SPD_SGL_VARIANT.FIX_MULT/DSP1/i_no_versal_es1_workaround.DSP multiplier stage design_1_i/cordiccart2pol_0/inst/fmul_32ns_32ns_32_4_max_dsp_1_U3/cordiccart2pol_ap_fmul_2_max_dsp_32_u/inst/i_synth/MULT.OP/i_non_prim.MULT/DSP48E1_SPD_SGL_VARIANT.FIX_MULT/DSP1/i_no_versal_es1_workaround.DSP/PATTERNDETECT is not pipelined (MREG=0). Pipelining the multiplier function will improve performance and will save significant power so it is suggested whenever possible to fully pipeline this function.  If this multiplier was inferred, it is suggested to describe an additional register stage after this function.  If there is no registered adder/accumulator following the multiply function, two pipeline stages are suggested to allow both the MREG and PREG registers to be used.  If the DSP48 was instantiated in the design, it is suggested to set both the MREG and PREG attributes to 1 when performing multiply functions.
WARNING: [DRC DPOP-2] MREG Output pipelining: DSP design_1_i/cordiccart2pol_0/inst/fmul_32ns_32ns_32_4_max_dsp_1_U4/cordiccart2pol_ap_fmul_2_max_dsp_32_u/inst/i_synth/MULT.OP/i_non_prim.MULT/DSP48E1_SPD_SGL_VARIANT.FIX_MULT/DSP1/i_no_versal_es1_workaround.DSP multiplier stage design_1_i/cordiccart2pol_0/inst/fmul_32ns_32ns_32_4_max_dsp_1_U4/cordiccart2pol_ap_fmul_2_max_dsp_32_u/inst/i_synth/MULT.OP/i_non_prim.MULT/DSP48E1_SPD_SGL_VARIANT.FIX_MULT/DSP1/i_no_versal_es1_workaround.DSP/PATTERNDETECT is not pipelined (MREG=0). Pipelining the multiplier function will improve performance and will save significant power so it is suggested whenever possible to fully pipeline this function.  If this multiplier was inferred, it is suggested to describe an additional register stage after this function.  If there is no registered adder/accumulator following the multiply function, two pipeline stages are suggested to allow both the MREG and PREG registers to be used.  If the DSP48 was instantiated in the design, it is suggested to set both the MREG and PREG attributes to 1 when performing multiply functions.
INFO: [DRC AVAL-4] enum_USE_DPORT_FALSE_enum_DREG_ADREG_0_connects_CED_CEAD_RSTD_GND: design_1_i/cordiccart2pol_0/inst/dmul_64ns_64ns_64_7_max_dsp_1_U8/cordiccart2pol_ap_dmul_5_max_dsp_64_u/inst/i_synth/MULT.OP/i_non_prim.MULT/DSP48E1_SPD_DBL_VARIANT.FIX_MULT/DSP0/i_no_versal_es1_workaround.DSP: DSP48E1 is not using the D port (USE_DPORT = FALSE). For improved power characteristics, set DREG and ADREG to '1', tie CED, CEAD, and RSTD to logic '0'.
INFO: [DRC AVAL-4] enum_USE_DPORT_FALSE_enum_DREG_ADREG_0_connects_CED_CEAD_RSTD_GND: design_1_i/cordiccart2pol_0/inst/dmul_64ns_64ns_64_7_max_dsp_1_U8/cordiccart2pol_ap_dmul_5_max_dsp_64_u/inst/i_synth/MULT.OP/i_non_prim.MULT/DSP48E1_SPD_DBL_VARIANT.FIX_MULT/DSP1/i_no_versal_es1_workaround.DSP: DSP48E1 is not using the D port (USE_DPORT = FALSE). For improved power characteristics, set DREG and ADREG to '1', tie CED, CEAD, and RSTD to logic '0'.
INFO: [DRC AVAL-4] enum_USE_DPORT_FALSE_enum_DREG_ADREG_0_connects_CED_CEAD_RSTD_GND: design_1_i/cordiccart2pol_0/inst/dmul_64ns_64ns_64_7_max_dsp_1_U8/cordiccart2pol_ap_dmul_5_max_dsp_64_u/inst/i_synth/MULT.OP/i_non_prim.MULT/DSP48E1_SPD_DBL_VARIANT.FIX_MULT/DSP2/i_no_versal_es1_workaround.DSP: DSP48E1 is not using the D port (USE_DPORT = FALSE). For improved power characteristics, set DREG and ADREG to '1', tie CED, CEAD, and RSTD to logic '0'.
INFO: [DRC AVAL-4] enum_USE_DPORT_FALSE_enum_DREG_ADREG_0_connects_CED_CEAD_RSTD_GND: design_1_i/cordiccart2pol_0/inst/dmul_64ns_64ns_64_7_max_dsp_1_U8/cordiccart2pol_ap_dmul_5_max_dsp_64_u/inst/i_synth/MULT.OP/i_non_prim.MULT/DSP48E1_SPD_DBL_VARIANT.FIX_MULT/DSP3/i_no_versal_es1_workaround.DSP: DSP48E1 is not using the D port (USE_DPORT = FALSE). For improved power characteristics, set DREG and ADREG to '1', tie CED, CEAD, and RSTD to logic '0'.
INFO: [DRC AVAL-4] enum_USE_DPORT_FALSE_enum_DREG_ADREG_0_connects_CED_CEAD_RSTD_GND: design_1_i/cordiccart2pol_0/inst/dmul_64ns_64ns_64_7_max_dsp_1_U8/cordiccart2pol_ap_dmul_5_max_dsp_64_u/inst/i_synth/MULT.OP/i_non_prim.MULT/DSP48E1_SPD_DBL_VARIANT.FIX_MULT/DSP4/i_no_versal_es1_workaround.DSP: DSP48E1 is not using the D port (USE_DPORT = FALSE). For improved power characteristics, set DREG and ADREG to '1', tie CED, CEAD, and RSTD to logic '0'.
INFO: [DRC AVAL-4] enum_USE_DPORT_FALSE_enum_DREG_ADREG_0_connects_CED_CEAD_RSTD_GND: design_1_i/cordiccart2pol_0/inst/dmul_64ns_64ns_64_7_max_dsp_1_U8/cordiccart2pol_ap_dmul_5_max_dsp_64_u/inst/i_synth/MULT.OP/i_non_prim.MULT/DSP48E1_SPD_DBL_VARIANT.FIX_MULT/DSP5/i_no_versal_es1_workaround.DSP: DSP48E1 is not using the D port (USE_DPORT = FALSE). For improved power characteristics, set DREG and ADREG to '1', tie CED, CEAD, and RSTD to logic '0'.
INFO: [DRC AVAL-4] enum_USE_DPORT_FALSE_enum_DREG_ADREG_0_connects_CED_CEAD_RSTD_GND: design_1_i/cordiccart2pol_0/inst/dmul_64ns_64ns_64_7_max_dsp_1_U8/cordiccart2pol_ap_dmul_5_max_dsp_64_u/inst/i_synth/MULT.OP/i_non_prim.MULT/DSP48E1_SPD_DBL_VARIANT.FIX_MULT/DSP6/i_no_versal_es1_workaround.DSP: DSP48E1 is not using the D port (USE_DPORT = FALSE). For improved power characteristics, set DREG and ADREG to '1', tie CED, CEAD, and RSTD to logic '0'.
INFO: [DRC AVAL-4] enum_USE_DPORT_FALSE_enum_DREG_ADREG_0_connects_CED_CEAD_RSTD_GND: design_1_i/cordiccart2pol_0/inst/dmul_64ns_64ns_64_7_max_dsp_1_U8/cordiccart2pol_ap_dmul_5_max_dsp_64_u/inst/i_synth/MULT.OP/i_non_prim.MULT/DSP48E1_SPD_DBL_VARIANT.FIX_MULT/DSP7/i_no_versal_es1_workaround.DSP: DSP48E1 is not using the D port (USE_DPORT = FALSE). For improved power characteristics, set DREG and ADREG to '1', tie CED, CEAD, and RSTD to logic '0'.
INFO: [DRC AVAL-4] enum_USE_DPORT_FALSE_enum_DREG_ADREG_0_connects_CED_CEAD_RSTD_GND: design_1_i/cordiccart2pol_0/inst/dmul_64ns_64ns_64_7_max_dsp_1_U8/cordiccart2pol_ap_dmul_5_max_dsp_64_u/inst/i_synth/MULT.OP/i_non_prim.MULT/DSP48E1_SPD_DBL_VARIANT.FIX_MULT/DSP8/i_no_versal_es1_workaround.DSP: DSP48E1 is not using the D port (USE_DPORT = FALSE). For improved power characteristics, set DREG and ADREG to '1', tie CED, CEAD, and RSTD to logic '0'.
INFO: [DRC AVAL-4] enum_USE_DPORT_FALSE_enum_DREG_ADREG_0_connects_CED_CEAD_RSTD_GND: design_1_i/cordiccart2pol_0/inst/dmul_64ns_64ns_64_7_max_dsp_1_U8/cordiccart2pol_ap_dmul_5_max_dsp_64_u/inst/i_synth/MULT.OP/i_non_prim.MULT/DSP48E1_SPD_DBL_VARIANT.FIX_MULT/FULL_MAX_USAGE.DSP9/i_no_versal_es1_workaround.DSP: DSP48E1 is not using the D port (USE_DPORT = FALSE). For improved power characteristics, set DREG and ADREG to '1', tie CED, CEAD, and RSTD to logic '0'.
INFO: [DRC AVAL-4] enum_USE_DPORT_FALSE_enum_DREG_ADREG_0_connects_CED_CEAD_RSTD_GND: design_1_i/cordiccart2pol_0/inst/dmul_64ns_64ns_64_7_max_dsp_1_U8/cordiccart2pol_ap_dmul_5_max_dsp_64_u/inst/i_synth/MULT.OP/i_non_prim.R_AND_R/LOGIC.R_AND_R/DSP48_E1.DSP48E1_ADD.DSP48E1_ADD/i_no_versal_es1_workaround.DSP: DSP48E1 is not using the D port (USE_DPORT = FALSE). For improved power characteristics, set DREG and ADREG to '1', tie CED, CEAD, and RSTD to logic '0'.
INFO: [DRC AVAL-4] enum_USE_DPORT_FALSE_enum_DREG_ADREG_0_connects_CED_CEAD_RSTD_GND: design_1_i/cordiccart2pol_0/inst/fadd_32ns_32ns_32_5_full_dsp_1_U2/cordiccart2pol_ap_fadd_3_full_dsp_32_u/inst/i_synth/ADDSUB_OP.ADDSUB/DSP.OP/DSP48E1_BODY.NORM_RND/FULL_USAGE_DSP.SHIFT_RND/i_no_versal_es1_workaround.DSP: DSP48E1 is not using the D port (USE_DPORT = FALSE). For improved power characteristics, set DREG and ADREG to '1', tie CED, CEAD, and RSTD to logic '0'.
INFO: [DRC AVAL-4] enum_USE_DPORT_FALSE_enum_DREG_ADREG_0_connects_CED_CEAD_RSTD_GND: design_1_i/cordiccart2pol_0/inst/faddfsub_32ns_32ns_32_5_full_dsp_1_U1/cordiccart2pol_ap_faddfsub_3_full_dsp_32_u/inst/i_synth/ADDSUB_OP.ADDSUB/DSP.OP/DSP48E1_BODY.NORM_RND/FULL_USAGE_DSP.SHIFT_RND/i_no_versal_es1_workaround.DSP: DSP48E1 is not using the D port (USE_DPORT = FALSE). For improved power characteristics, set DREG and ADREG to '1', tie CED, CEAD, and RSTD to logic '0'.
INFO: [DRC AVAL-4] enum_USE_DPORT_FALSE_enum_DREG_ADREG_0_connects_CED_CEAD_RSTD_GND: design_1_i/cordiccart2pol_0/inst/fmul_32ns_32ns_32_4_max_dsp_1_U3/cordiccart2pol_ap_fmul_2_max_dsp_32_u/inst/i_synth/MULT.OP/i_non_prim.MULT/DSP48E1_SPD_SGL_VARIANT.FIX_MULT/DSP1/i_no_versal_es1_workaround.DSP: DSP48E1 is not using the D port (USE_DPORT = FALSE). For improved power characteristics, set DREG and ADREG to '1', tie CED, CEAD, and RSTD to logic '0'.
INFO: [DRC AVAL-4] enum_USE_DPORT_FALSE_enum_DREG_ADREG_0_connects_CED_CEAD_RSTD_GND: design_1_i/cordiccart2pol_0/inst/fmul_32ns_32ns_32_4_max_dsp_1_U3/cordiccart2pol_ap_fmul_2_max_dsp_32_u/inst/i_synth/MULT.OP/i_non_prim.MULT/DSP48E1_SPD_SGL_VARIANT.FIX_MULT/DSP2/i_no_versal_es1_workaround.DSP: DSP48E1 is not using the D port (USE_DPORT = FALSE). For improved power characteristics, set DREG and ADREG to '1', tie CED, CEAD, and RSTD to logic '0'.
INFO: [DRC AVAL-4] enum_USE_DPORT_FALSE_enum_DREG_ADREG_0_connects_CED_CEAD_RSTD_GND: design_1_i/cordiccart2pol_0/inst/fmul_32ns_32ns_32_4_max_dsp_1_U3/cordiccart2pol_ap_fmul_2_max_dsp_32_u/inst/i_synth/MULT.OP/i_non_prim.R_AND_R/LAT_OPT.FULL.R_AND_R/DSP48E1_SGL_EXP_IP.OLD_ADD.ADD/i_no_versal_es1_workaround.DSP: DSP48E1 is not using the D port (USE_DPORT = FALSE). For improved power characteristics, set DREG and ADREG to '1', tie CED, CEAD, and RSTD to logic '0'.
INFO: [DRC AVAL-4] enum_USE_DPORT_FALSE_enum_DREG_ADREG_0_connects_CED_CEAD_RSTD_GND: design_1_i/cordiccart2pol_0/inst/fmul_32ns_32ns_32_4_max_dsp_1_U4/cordiccart2pol_ap_fmul_2_max_dsp_32_u/inst/i_synth/MULT.OP/i_non_prim.MULT/DSP48E1_SPD_SGL_VARIANT.FIX_MULT/DSP1/i_no_versal_es1_workaround.DSP: DSP48E1 is not using the D port (USE_DPORT = FALSE). For improved power characteristics, set DREG and ADREG to '1', tie CED, CEAD, and RSTD to logic '0'.
INFO: [DRC AVAL-4] enum_USE_DPORT_FALSE_enum_DREG_ADREG_0_connects_CED_CEAD_RSTD_GND: design_1_i/cordiccart2pol_0/inst/fmul_32ns_32ns_32_4_max_dsp_1_U4/cordiccart2pol_ap_fmul_2_max_dsp_32_u/inst/i_synth/MULT.OP/i_non_prim.MULT/DSP48E1_SPD_SGL_VARIANT.FIX_MULT/DSP2/i_no_versal_es1_workaround.DSP: DSP48E1 is not using the D port (USE_DPORT = FALSE). For improved power characteristics, set DREG and ADREG to '1', tie CED, CEAD, and RSTD to logic '0'.
INFO: [DRC AVAL-4] enum_USE_DPORT_FALSE_enum_DREG_ADREG_0_connects_CED_CEAD_RSTD_GND: design_1_i/cordiccart2pol_0/inst/fmul_32ns_32ns_32_4_max_dsp_1_U4/cordiccart2pol_ap_fmul_2_max_dsp_32_u/inst/i_synth/MULT.OP/i_non_prim.R_AND_R/LAT_OPT.FULL.R_AND_R/DSP48E1_SGL_EXP_IP.OLD_ADD.ADD/i_no_versal_es1_workaround.DSP: DSP48E1 is not using the D port (USE_DPORT = FALSE). For improved power characteristics, set DREG and ADREG to '1', tie CED, CEAD, and RSTD to logic '0'.
INFO: [DRC AVAL-5] enum_USE_MULT_NONE_enum_DREG_ADREG_0_connects_CED_CEAD_RSTD_GND: design_1_i/cordiccart2pol_0/inst/dmul_64ns_64ns_64_7_max_dsp_1_U8/cordiccart2pol_ap_dmul_5_max_dsp_64_u/inst/i_synth/MULT.OP/i_non_prim.R_AND_R/LOGIC.R_AND_R/DSP48_E1.DSP48E1_ADD.DSP48E1_ADD/i_no_versal_es1_workaround.DSP: DSP48E1 is not using the Multiplier (USE_MULT = NONE). For improved power characteristics, set DREG and ADREG to '1', tie CED, CEAD, and RSTD to logic '0'.
INFO: [DRC AVAL-5] enum_USE_MULT_NONE_enum_DREG_ADREG_0_connects_CED_CEAD_RSTD_GND: design_1_i/cordiccart2pol_0/inst/fmul_32ns_32ns_32_4_max_dsp_1_U3/cordiccart2pol_ap_fmul_2_max_dsp_32_u/inst/i_synth/MULT.OP/i_non_prim.R_AND_R/LAT_OPT.FULL.R_AND_R/DSP48E1_SGL_EXP_IP.OLD_ADD.ADD/i_no_versal_es1_workaround.DSP: DSP48E1 is not using the Multiplier (USE_MULT = NONE). For improved power characteristics, set DREG and ADREG to '1', tie CED, CEAD, and RSTD to logic '0'.
INFO: [DRC AVAL-5] enum_USE_MULT_NONE_enum_DREG_ADREG_0_connects_CED_CEAD_RSTD_GND: design_1_i/cordiccart2pol_0/inst/fmul_32ns_32ns_32_4_max_dsp_1_U4/cordiccart2pol_ap_fmul_2_max_dsp_32_u/inst/i_synth/MULT.OP/i_non_prim.R_AND_R/LAT_OPT.FULL.R_AND_R/DSP48E1_SGL_EXP_IP.OLD_ADD.ADD/i_no_versal_es1_workaround.DSP: DSP48E1 is not using the Multiplier (USE_MULT = NONE). For improved power characteristics, set DREG and ADREG to '1', tie CED, CEAD, and RSTD to logic '0'.
INFO: [DRC REQP-1725] DSP_Abus_sign_bit_alert: design_1_i/cordiccart2pol_0/inst/fadd_32ns_32ns_32_5_full_dsp_1_U2/cordiccart2pol_ap_fadd_3_full_dsp_32_u/inst/i_synth/ADDSUB_OP.ADDSUB/DSP.OP/DSP48E1_BODY.ALIGN_ADD/DSP2/i_no_versal_es1_workaround.DSP: When using the PreAdder and USE_DPORT is TRUE, the A operand should be restricted to 24 bit two's complement (and sign extended) to avoid over/underflow in the pre-add stage.
INFO: [DRC REQP-1725] DSP_Abus_sign_bit_alert: design_1_i/cordiccart2pol_0/inst/faddfsub_32ns_32ns_32_5_full_dsp_1_U1/cordiccart2pol_ap_faddfsub_3_full_dsp_32_u/inst/i_synth/ADDSUB_OP.ADDSUB/DSP.OP/DSP48E1_BODY.ALIGN_ADD/DSP2/i_no_versal_es1_workaround.DSP: When using the PreAdder and USE_DPORT is TRUE, the A operand should be restricted to 24 bit two's complement (and sign extended) to avoid over/underflow in the pre-add stage.
INFO: [Vivado 12-3199] DRC finished with 0 Errors, 42 Warnings, 24 Advisories
INFO: [Vivado 12-3200] Please refer to the DRC report (report_drc) for more information.
INFO: [Designutils 20-2272] Running write_bitstream with 2 threads.
Loading data files...
Loading site data...
Loading route data...
Processing options...
Creating bitmap...
Creating bitstream...
Writing bitstream ./design_1_wrapper.bit...
INFO: [Vivado 12-1842] Bitgen Completed Successfully.
INFO: [Project 1-120] WebTalk data collection is mandatory when using a WebPACK part without a full Vivado license. To see the specific WebTalk data collected for your design, open the usage_statistics_webtalk.html or usage_statistics_webtalk.xml file in the implementation directory.
INFO: [Common 17-83] Releasing license: Implementation
46 Infos, 42 Warnings, 0 Critical Warnings and 0 Errors encountered.
write_bitstream completed successfully
write_bitstream: Time (s): cpu = 00:00:18 ; elapsed = 00:00:16 . Memory (MB): peak = 1833.059 ; gain = 525.945
INFO: [Common 17-206] Exiting Vivado at Sun Aug  7 10:11:56 2022...
