#-----------------------------------------------------------
# xsim v2020.2 (64-bit)
# SW Build 3064766 on Wed Nov 18 09:12:45 MST 2020
# IP Build 3064653 on Wed Nov 18 14:17:31 MST 2020
# Start of session at: Sun Aug  7 09:44:56 2022
# Process ID: 13880
# Current directory: C:/GY/Works/ZYNQ/SummerSchool2022/pynq_cordic/project/cordic_hls_prj/solution1/sim/verilog
# Command line: xsim.exe -mode tcl -source {xsim.dir/cordiccart2pol/xsim_script.tcl}
# Log file: C:/GY/Works/ZYNQ/SummerSchool2022/pynq_cordic/project/cordic_hls_prj/solution1/sim/verilog/xsim.log
# Journal file: C:/GY/Works/ZYNQ/SummerSchool2022/pynq_cordic/project/cordic_hls_prj/solution1/sim/verilog\xsim.jou
#-----------------------------------------------------------
source xsim.dir/cordiccart2pol/xsim_script.tcl
# xsim {cordiccart2pol} -autoloadwcfg -tclbatch {cordiccart2pol.tcl}
Vivado Simulator 2020.2
Time resolution is 1 ps
source cordiccart2pol.tcl
## run all
////////////////////////////////////////////////////////////////////////////////////
// Inter-Transaction Progress: Completed Transaction / Total Transaction
// Intra-Transaction Progress: Measured Latency / Latency Estimation * 100%
//
// RTL Simulation : "Inter-Transaction Progress" ["Intra-Transaction Progress"] @ "Simulation Time"
////////////////////////////////////////////////////////////////////////////////////
// RTL Simulation : 0 / 4 [0.00%] @ "125000"
Warning: OPMODE Input Warning : The OPMODE 0110X0X with CARRYINSEL  000 to DSP48E1 instance is invalid.
Time: 415 ns  Iteration: 11  Process: /apatb_cordiccart2pol_top/AESL_inst_cordiccart2pol/faddfsub_32ns_32ns_32_5_full_dsp_1_U1/cordiccart2pol_ap_faddfsub_3_full_dsp_32_u/inst/i_synth/addsub_op/ADDSUB/dsp/OP/dsp48e1_body/ALIGN_ADD/DSP2/i_no_versal_es1_workaround/DSP/prcs_opmode_drc  File: E:/FPGATOOL/Xilinx2020/Vivado/2020.2/data/vhdl/src/unisims/primitive/DSP48E1.vhd
Warning: OPMODE Input Warning : The OPMODE 0110X0X with CARRYINSEL  000 to DSP48E1 instance is invalid.
Time: 445 ns  Iteration: 11  Process: /apatb_cordiccart2pol_top/AESL_inst_cordiccart2pol/faddfsub_32ns_32ns_32_5_full_dsp_1_U1/cordiccart2pol_ap_faddfsub_3_full_dsp_32_u/inst/i_synth/addsub_op/ADDSUB/dsp/OP/dsp48e1_body/ALIGN_ADD/DSP2/i_no_versal_es1_workaround/DSP/prcs_opmode_drc  File: E:/FPGATOOL/Xilinx2020/Vivado/2020.2/data/vhdl/src/unisims/primitive/DSP48E1.vhd
Warning: OPMODE Input Warning : The OPMODE 0110X0X with CARRYINSEL  000 to DSP48E1 instance is invalid.
Time: 565 ns  Iteration: 11  Process: /apatb_cordiccart2pol_top/AESL_inst_cordiccart2pol/faddfsub_32ns_32ns_32_5_full_dsp_1_U1/cordiccart2pol_ap_faddfsub_3_full_dsp_32_u/inst/i_synth/addsub_op/ADDSUB/dsp/OP/dsp48e1_body/ALIGN_ADD/DSP2/i_no_versal_es1_workaround/DSP/prcs_opmode_drc  File: E:/FPGATOOL/Xilinx2020/Vivado/2020.2/data/vhdl/src/unisims/primitive/DSP48E1.vhd
Warning: OPMODE Input Warning : The OPMODE 0110X0X with CARRYINSEL  000 to DSP48E1 instance is invalid.
Time: 595 ns  Iteration: 11  Process: /apatb_cordiccart2pol_top/AESL_inst_cordiccart2pol/faddfsub_32ns_32ns_32_5_full_dsp_1_U1/cordiccart2pol_ap_faddfsub_3_full_dsp_32_u/inst/i_synth/addsub_op/ADDSUB/dsp/OP/dsp48e1_body/ALIGN_ADD/DSP2/i_no_versal_es1_workaround/DSP/prcs_opmode_drc  File: E:/FPGATOOL/Xilinx2020/Vivado/2020.2/data/vhdl/src/unisims/primitive/DSP48E1.vhd
Warning: OPMODE Input Warning : The OPMODE 0110X0X with CARRYINSEL  000 to DSP48E1 instance is invalid.
Time: 715 ns  Iteration: 11  Process: /apatb_cordiccart2pol_top/AESL_inst_cordiccart2pol/faddfsub_32ns_32ns_32_5_full_dsp_1_U1/cordiccart2pol_ap_faddfsub_3_full_dsp_32_u/inst/i_synth/addsub_op/ADDSUB/dsp/OP/dsp48e1_body/ALIGN_ADD/DSP2/i_no_versal_es1_workaround/DSP/prcs_opmode_drc  File: E:/FPGATOOL/Xilinx2020/Vivado/2020.2/data/vhdl/src/unisims/primitive/DSP48E1.vhd
Warning: OPMODE Input Warning : The OPMODE 0110X0X with CARRYINSEL  000 to DSP48E1 instance is invalid.
Time: 745 ns  Iteration: 11  Process: /apatb_cordiccart2pol_top/AESL_inst_cordiccart2pol/faddfsub_32ns_32ns_32_5_full_dsp_1_U1/cordiccart2pol_ap_faddfsub_3_full_dsp_32_u/inst/i_synth/addsub_op/ADDSUB/dsp/OP/dsp48e1_body/ALIGN_ADD/DSP2/i_no_versal_es1_workaround/DSP/prcs_opmode_drc  File: E:/FPGATOOL/Xilinx2020/Vivado/2020.2/data/vhdl/src/unisims/primitive/DSP48E1.vhd
Warning: OPMODE Input Warning : The OPMODE 0110X0X with CARRYINSEL  000 to DSP48E1 instance is invalid.
Time: 865 ns  Iteration: 11  Process: /apatb_cordiccart2pol_top/AESL_inst_cordiccart2pol/faddfsub_32ns_32ns_32_5_full_dsp_1_U1/cordiccart2pol_ap_faddfsub_3_full_dsp_32_u/inst/i_synth/addsub_op/ADDSUB/dsp/OP/dsp48e1_body/ALIGN_ADD/DSP2/i_no_versal_es1_workaround/DSP/prcs_opmode_drc  File: E:/FPGATOOL/Xilinx2020/Vivado/2020.2/data/vhdl/src/unisims/primitive/DSP48E1.vhd
Warning: OPMODE Input Warning : The OPMODE 0110X0X with CARRYINSEL  000 to DSP48E1 instance is invalid.
Time: 895 ns  Iteration: 11  Process: /apatb_cordiccart2pol_top/AESL_inst_cordiccart2pol/faddfsub_32ns_32ns_32_5_full_dsp_1_U1/cordiccart2pol_ap_faddfsub_3_full_dsp_32_u/inst/i_synth/addsub_op/ADDSUB/dsp/OP/dsp48e1_body/ALIGN_ADD/DSP2/i_no_versal_es1_workaround/DSP/prcs_opmode_drc  File: E:/FPGATOOL/Xilinx2020/Vivado/2020.2/data/vhdl/src/unisims/primitive/DSP48E1.vhd
Warning: OPMODE Input Warning : The OPMODE 0110X0X with CARRYINSEL  000 to DSP48E1 instance is invalid.
Time: 1015 ns  Iteration: 11  Process: /apatb_cordiccart2pol_top/AESL_inst_cordiccart2pol/faddfsub_32ns_32ns_32_5_full_dsp_1_U1/cordiccart2pol_ap_faddfsub_3_full_dsp_32_u/inst/i_synth/addsub_op/ADDSUB/dsp/OP/dsp48e1_body/ALIGN_ADD/DSP2/i_no_versal_es1_workaround/DSP/prcs_opmode_drc  File: E:/FPGATOOL/Xilinx2020/Vivado/2020.2/data/vhdl/src/unisims/primitive/DSP48E1.vhd
Warning: OPMODE Input Warning : The OPMODE 0110X0X with CARRYINSEL  000 to DSP48E1 instance is invalid.
Time: 1045 ns  Iteration: 11  Process: /apatb_cordiccart2pol_top/AESL_inst_cordiccart2pol/faddfsub_32ns_32ns_32_5_full_dsp_1_U1/cordiccart2pol_ap_faddfsub_3_full_dsp_32_u/inst/i_synth/addsub_op/ADDSUB/dsp/OP/dsp48e1_body/ALIGN_ADD/DSP2/i_no_versal_es1_workaround/DSP/prcs_opmode_drc  File: E:/FPGATOOL/Xilinx2020/Vivado/2020.2/data/vhdl/src/unisims/primitive/DSP48E1.vhd
Warning: OPMODE Input Warning : The OPMODE 0110X0X with CARRYINSEL  000 to DSP48E1 instance is invalid.
Time: 1165 ns  Iteration: 11  Process: /apatb_cordiccart2pol_top/AESL_inst_cordiccart2pol/faddfsub_32ns_32ns_32_5_full_dsp_1_U1/cordiccart2pol_ap_faddfsub_3_full_dsp_32_u/inst/i_synth/addsub_op/ADDSUB/dsp/OP/dsp48e1_body/ALIGN_ADD/DSP2/i_no_versal_es1_workaround/DSP/prcs_opmode_drc  File: E:/FPGATOOL/Xilinx2020/Vivado/2020.2/data/vhdl/src/unisims/primitive/DSP48E1.vhd
Warning: OPMODE Input Warning : The OPMODE 0110X0X with CARRYINSEL  000 to DSP48E1 instance is invalid.
Time: 1195 ns  Iteration: 11  Process: /apatb_cordiccart2pol_top/AESL_inst_cordiccart2pol/faddfsub_32ns_32ns_32_5_full_dsp_1_U1/cordiccart2pol_ap_faddfsub_3_full_dsp_32_u/inst/i_synth/addsub_op/ADDSUB/dsp/OP/dsp48e1_body/ALIGN_ADD/DSP2/i_no_versal_es1_workaround/DSP/prcs_opmode_drc  File: E:/FPGATOOL/Xilinx2020/Vivado/2020.2/data/vhdl/src/unisims/primitive/DSP48E1.vhd
Warning: OPMODE Input Warning : The OPMODE 0110X0X with CARRYINSEL  000 to DSP48E1 instance is invalid.
Time: 1315 ns  Iteration: 11  Process: /apatb_cordiccart2pol_top/AESL_inst_cordiccart2pol/faddfsub_32ns_32ns_32_5_full_dsp_1_U1/cordiccart2pol_ap_faddfsub_3_full_dsp_32_u/inst/i_synth/addsub_op/ADDSUB/dsp/OP/dsp48e1_body/ALIGN_ADD/DSP2/i_no_versal_es1_workaround/DSP/prcs_opmode_drc  File: E:/FPGATOOL/Xilinx2020/Vivado/2020.2/data/vhdl/src/unisims/primitive/DSP48E1.vhd
Warning: OPMODE Input Warning : The OPMODE 0110X0X with CARRYINSEL  000 to DSP48E1 instance is invalid.
Time: 1345 ns  Iteration: 11  Process: /apatb_cordiccart2pol_top/AESL_inst_cordiccart2pol/faddfsub_32ns_32ns_32_5_full_dsp_1_U1/cordiccart2pol_ap_faddfsub_3_full_dsp_32_u/inst/i_synth/addsub_op/ADDSUB/dsp/OP/dsp48e1_body/ALIGN_ADD/DSP2/i_no_versal_es1_workaround/DSP/prcs_opmode_drc  File: E:/FPGATOOL/Xilinx2020/Vivado/2020.2/data/vhdl/src/unisims/primitive/DSP48E1.vhd
Warning: OPMODE Input Warning : The OPMODE 0110X0X with CARRYINSEL  000 to DSP48E1 instance is invalid.
Time: 1465 ns  Iteration: 11  Process: /apatb_cordiccart2pol_top/AESL_inst_cordiccart2pol/faddfsub_32ns_32ns_32_5_full_dsp_1_U1/cordiccart2pol_ap_faddfsub_3_full_dsp_32_u/inst/i_synth/addsub_op/ADDSUB/dsp/OP/dsp48e1_body/ALIGN_ADD/DSP2/i_no_versal_es1_workaround/DSP/prcs_opmode_drc  File: E:/FPGATOOL/Xilinx2020/Vivado/2020.2/data/vhdl/src/unisims/primitive/DSP48E1.vhd
Warning: OPMODE Input Warning : The OPMODE 0110X0X with CARRYINSEL  000 to DSP48E1 instance is invalid.
Time: 1495 ns  Iteration: 11  Process: /apatb_cordiccart2pol_top/AESL_inst_cordiccart2pol/faddfsub_32ns_32ns_32_5_full_dsp_1_U1/cordiccart2pol_ap_faddfsub_3_full_dsp_32_u/inst/i_synth/addsub_op/ADDSUB/dsp/OP/dsp48e1_body/ALIGN_ADD/DSP2/i_no_versal_es1_workaround/DSP/prcs_opmode_drc  File: E:/FPGATOOL/Xilinx2020/Vivado/2020.2/data/vhdl/src/unisims/primitive/DSP48E1.vhd
Warning: OPMODE Input Warning : The OPMODE 0110X0X with CARRYINSEL  000 to DSP48E1 instance is invalid.
Time: 1615 ns  Iteration: 11  Process: /apatb_cordiccart2pol_top/AESL_inst_cordiccart2pol/faddfsub_32ns_32ns_32_5_full_dsp_1_U1/cordiccart2pol_ap_faddfsub_3_full_dsp_32_u/inst/i_synth/addsub_op/ADDSUB/dsp/OP/dsp48e1_body/ALIGN_ADD/DSP2/i_no_versal_es1_workaround/DSP/prcs_opmode_drc  File: E:/FPGATOOL/Xilinx2020/Vivado/2020.2/data/vhdl/src/unisims/primitive/DSP48E1.vhd
Warning: OPMODE Input Warning : The OPMODE 0110X0X with CARRYINSEL  000 to DSP48E1 instance is invalid.
Time: 1645 ns  Iteration: 11  Process: /apatb_cordiccart2pol_top/AESL_inst_cordiccart2pol/faddfsub_32ns_32ns_32_5_full_dsp_1_U1/cordiccart2pol_ap_faddfsub_3_full_dsp_32_u/inst/i_synth/addsub_op/ADDSUB/dsp/OP/dsp48e1_body/ALIGN_ADD/DSP2/i_no_versal_es1_workaround/DSP/prcs_opmode_drc  File: E:/FPGATOOL/Xilinx2020/Vivado/2020.2/data/vhdl/src/unisims/primitive/DSP48E1.vhd
Warning: OPMODE Input Warning : The OPMODE 0110X0X with CARRYINSEL  000 to DSP48E1 instance is invalid.
Time: 1765 ns  Iteration: 11  Process: /apatb_cordiccart2pol_top/AESL_inst_cordiccart2pol/faddfsub_32ns_32ns_32_5_full_dsp_1_U1/cordiccart2pol_ap_faddfsub_3_full_dsp_32_u/inst/i_synth/addsub_op/ADDSUB/dsp/OP/dsp48e1_body/ALIGN_ADD/DSP2/i_no_versal_es1_workaround/DSP/prcs_opmode_drc  File: E:/FPGATOOL/Xilinx2020/Vivado/2020.2/data/vhdl/src/unisims/primitive/DSP48E1.vhd
Warning: OPMODE Input Warning : The OPMODE 0110X0X with CARRYINSEL  000 to DSP48E1 instance is invalid.
Time: 1795 ns  Iteration: 11  Process: /apatb_cordiccart2pol_top/AESL_inst_cordiccart2pol/faddfsub_32ns_32ns_32_5_full_dsp_1_U1/cordiccart2pol_ap_faddfsub_3_full_dsp_32_u/inst/i_synth/addsub_op/ADDSUB/dsp/OP/dsp48e1_body/ALIGN_ADD/DSP2/i_no_versal_es1_workaround/DSP/prcs_opmode_drc  File: E:/FPGATOOL/Xilinx2020/Vivado/2020.2/data/vhdl/src/unisims/primitive/DSP48E1.vhd
Warning: OPMODE Input Warning : The OPMODE 0110X0X with CARRYINSEL  000 to DSP48E1 instance is invalid.
Time: 1915 ns  Iteration: 11  Process: /apatb_cordiccart2pol_top/AESL_inst_cordiccart2pol/faddfsub_32ns_32ns_32_5_full_dsp_1_U1/cordiccart2pol_ap_faddfsub_3_full_dsp_32_u/inst/i_synth/addsub_op/ADDSUB/dsp/OP/dsp48e1_body/ALIGN_ADD/DSP2/i_no_versal_es1_workaround/DSP/prcs_opmode_drc  File: E:/FPGATOOL/Xilinx2020/Vivado/2020.2/data/vhdl/src/unisims/primitive/DSP48E1.vhd
Warning: OPMODE Input Warning : The OPMODE 0110X0X with CARRYINSEL  000 to DSP48E1 instance is invalid.
Time: 1945 ns  Iteration: 11  Process: /apatb_cordiccart2pol_top/AESL_inst_cordiccart2pol/faddfsub_32ns_32ns_32_5_full_dsp_1_U1/cordiccart2pol_ap_faddfsub_3_full_dsp_32_u/inst/i_synth/addsub_op/ADDSUB/dsp/OP/dsp48e1_body/ALIGN_ADD/DSP2/i_no_versal_es1_workaround/DSP/prcs_opmode_drc  File: E:/FPGATOOL/Xilinx2020/Vivado/2020.2/data/vhdl/src/unisims/primitive/DSP48E1.vhd
Warning: OPMODE Input Warning : The OPMODE 0110X0X with CARRYINSEL  000 to DSP48E1 instance is invalid.
Time: 2065 ns  Iteration: 11  Process: /apatb_cordiccart2pol_top/AESL_inst_cordiccart2pol/faddfsub_32ns_32ns_32_5_full_dsp_1_U1/cordiccart2pol_ap_faddfsub_3_full_dsp_32_u/inst/i_synth/addsub_op/ADDSUB/dsp/OP/dsp48e1_body/ALIGN_ADD/DSP2/i_no_versal_es1_workaround/DSP/prcs_opmode_drc  File: E:/FPGATOOL/Xilinx2020/Vivado/2020.2/data/vhdl/src/unisims/primitive/DSP48E1.vhd
Warning: OPMODE Input Warning : The OPMODE 0110X0X with CARRYINSEL  000 to DSP48E1 instance is invalid.
Time: 2095 ns  Iteration: 11  Process: /apatb_cordiccart2pol_top/AESL_inst_cordiccart2pol/faddfsub_32ns_32ns_32_5_full_dsp_1_U1/cordiccart2pol_ap_faddfsub_3_full_dsp_32_u/inst/i_synth/addsub_op/ADDSUB/dsp/OP/dsp48e1_body/ALIGN_ADD/DSP2/i_no_versal_es1_workaround/DSP/prcs_opmode_drc  File: E:/FPGATOOL/Xilinx2020/Vivado/2020.2/data/vhdl/src/unisims/primitive/DSP48E1.vhd
Warning: OPMODE Input Warning : The OPMODE 0110X0X with CARRYINSEL  000 to DSP48E1 instance is invalid.
Time: 2215 ns  Iteration: 11  Process: /apatb_cordiccart2pol_top/AESL_inst_cordiccart2pol/faddfsub_32ns_32ns_32_5_full_dsp_1_U1/cordiccart2pol_ap_faddfsub_3_full_dsp_32_u/inst/i_synth/addsub_op/ADDSUB/dsp/OP/dsp48e1_body/ALIGN_ADD/DSP2/i_no_versal_es1_workaround/DSP/prcs_opmode_drc  File: E:/FPGATOOL/Xilinx2020/Vivado/2020.2/data/vhdl/src/unisims/primitive/DSP48E1.vhd
Warning: OPMODE Input Warning : The OPMODE 0110X0X with CARRYINSEL  000 to DSP48E1 instance is invalid.
Time: 2245 ns  Iteration: 11  Process: /apatb_cordiccart2pol_top/AESL_inst_cordiccart2pol/faddfsub_32ns_32ns_32_5_full_dsp_1_U1/cordiccart2pol_ap_faddfsub_3_full_dsp_32_u/inst/i_synth/addsub_op/ADDSUB/dsp/OP/dsp48e1_body/ALIGN_ADD/DSP2/i_no_versal_es1_workaround/DSP/prcs_opmode_drc  File: E:/FPGATOOL/Xilinx2020/Vivado/2020.2/data/vhdl/src/unisims/primitive/DSP48E1.vhd
Warning: OPMODE Input Warning : The OPMODE 0110X0X with CARRYINSEL  000 to DSP48E1 instance is invalid.
Time: 2365 ns  Iteration: 11  Process: /apatb_cordiccart2pol_top/AESL_inst_cordiccart2pol/faddfsub_32ns_32ns_32_5_full_dsp_1_U1/cordiccart2pol_ap_faddfsub_3_full_dsp_32_u/inst/i_synth/addsub_op/ADDSUB/dsp/OP/dsp48e1_body/ALIGN_ADD/DSP2/i_no_versal_es1_workaround/DSP/prcs_opmode_drc  File: E:/FPGATOOL/Xilinx2020/Vivado/2020.2/data/vhdl/src/unisims/primitive/DSP48E1.vhd
Warning: OPMODE Input Warning : The OPMODE 0110X0X with CARRYINSEL  000 to DSP48E1 instance is invalid.
Time: 2395 ns  Iteration: 13  Process: /apatb_cordiccart2pol_top/AESL_inst_cordiccart2pol/faddfsub_32ns_32ns_32_5_full_dsp_1_U1/cordiccart2pol_ap_faddfsub_3_full_dsp_32_u/inst/i_synth/addsub_op/ADDSUB/dsp/OP/dsp48e1_body/ALIGN_ADD/DSP2/i_no_versal_es1_workaround/DSP/prcs_opmode_drc  File: E:/FPGATOOL/Xilinx2020/Vivado/2020.2/data/vhdl/src/unisims/primitive/DSP48E1.vhd
Warning: OPMODE Input Warning : The OPMODE 0110X0X with CARRYINSEL  000 to DSP48E1 instance is invalid.
Time: 2515 ns  Iteration: 11  Process: /apatb_cordiccart2pol_top/AESL_inst_cordiccart2pol/faddfsub_32ns_32ns_32_5_full_dsp_1_U1/cordiccart2pol_ap_faddfsub_3_full_dsp_32_u/inst/i_synth/addsub_op/ADDSUB/dsp/OP/dsp48e1_body/ALIGN_ADD/DSP2/i_no_versal_es1_workaround/DSP/prcs_opmode_drc  File: E:/FPGATOOL/Xilinx2020/Vivado/2020.2/data/vhdl/src/unisims/primitive/DSP48E1.vhd
Warning: OPMODE Input Warning : The OPMODE 0110X0X with CARRYINSEL  000 to DSP48E1 instance is invalid.
Time: 2545 ns  Iteration: 13  Process: /apatb_cordiccart2pol_top/AESL_inst_cordiccart2pol/faddfsub_32ns_32ns_32_5_full_dsp_1_U1/cordiccart2pol_ap_faddfsub_3_full_dsp_32_u/inst/i_synth/addsub_op/ADDSUB/dsp/OP/dsp48e1_body/ALIGN_ADD/DSP2/i_no_versal_es1_workaround/DSP/prcs_opmode_drc  File: E:/FPGATOOL/Xilinx2020/Vivado/2020.2/data/vhdl/src/unisims/primitive/DSP48E1.vhd
Warning: OPMODE Input Warning : The OPMODE 0110X0X with CARRYINSEL  000 to DSP48E1 instance is invalid.
Time: 2665 ns  Iteration: 11  Process: /apatb_cordiccart2pol_top/AESL_inst_cordiccart2pol/faddfsub_32ns_32ns_32_5_full_dsp_1_U1/cordiccart2pol_ap_faddfsub_3_full_dsp_32_u/inst/i_synth/addsub_op/ADDSUB/dsp/OP/dsp48e1_body/ALIGN_ADD/DSP2/i_no_versal_es1_workaround/DSP/prcs_opmode_drc  File: E:/FPGATOOL/Xilinx2020/Vivado/2020.2/data/vhdl/src/unisims/primitive/DSP48E1.vhd
Warning: OPMODE Input Warning : The OPMODE 0110X0X with CARRYINSEL  000 to DSP48E1 instance is invalid.
Time: 2695 ns  Iteration: 13  Process: /apatb_cordiccart2pol_top/AESL_inst_cordiccart2pol/faddfsub_32ns_32ns_32_5_full_dsp_1_U1/cordiccart2pol_ap_faddfsub_3_full_dsp_32_u/inst/i_synth/addsub_op/ADDSUB/dsp/OP/dsp48e1_body/ALIGN_ADD/DSP2/i_no_versal_es1_workaround/DSP/prcs_opmode_drc  File: E:/FPGATOOL/Xilinx2020/Vivado/2020.2/data/vhdl/src/unisims/primitive/DSP48E1.vhd
// RTL Simulation : 1 / 4 [9.84%] @ "3095000"
Warning: OPMODE Input Warning : The OPMODE 0110X0X with CARRYINSEL  000 to DSP48E1 instance is invalid.
Time: 3375 ns  Iteration: 11  Process: /apatb_cordiccart2pol_top/AESL_inst_cordiccart2pol/faddfsub_32ns_32ns_32_5_full_dsp_1_U1/cordiccart2pol_ap_faddfsub_3_full_dsp_32_u/inst/i_synth/addsub_op/ADDSUB/dsp/OP/dsp48e1_body/ALIGN_ADD/DSP2/i_no_versal_es1_workaround/DSP/prcs_opmode_drc  File: E:/FPGATOOL/Xilinx2020/Vivado/2020.2/data/vhdl/src/unisims/primitive/DSP48E1.vhd
Warning: OPMODE Input Warning : The OPMODE 0110X0X with CARRYINSEL  000 to DSP48E1 instance is invalid.
Time: 3405 ns  Iteration: 11  Process: /apatb_cordiccart2pol_top/AESL_inst_cordiccart2pol/faddfsub_32ns_32ns_32_5_full_dsp_1_U1/cordiccart2pol_ap_faddfsub_3_full_dsp_32_u/inst/i_synth/addsub_op/ADDSUB/dsp/OP/dsp48e1_body/ALIGN_ADD/DSP2/i_no_versal_es1_workaround/DSP/prcs_opmode_drc  File: E:/FPGATOOL/Xilinx2020/Vivado/2020.2/data/vhdl/src/unisims/primitive/DSP48E1.vhd
Warning: OPMODE Input Warning : The OPMODE 0110X0X with CARRYINSEL  000 to DSP48E1 instance is invalid.
Time: 3525 ns  Iteration: 11  Process: /apatb_cordiccart2pol_top/AESL_inst_cordiccart2pol/faddfsub_32ns_32ns_32_5_full_dsp_1_U1/cordiccart2pol_ap_faddfsub_3_full_dsp_32_u/inst/i_synth/addsub_op/ADDSUB/dsp/OP/dsp48e1_body/ALIGN_ADD/DSP2/i_no_versal_es1_workaround/DSP/prcs_opmode_drc  File: E:/FPGATOOL/Xilinx2020/Vivado/2020.2/data/vhdl/src/unisims/primitive/DSP48E1.vhd
Warning: OPMODE Input Warning : The OPMODE 0110X0X with CARRYINSEL  000 to DSP48E1 instance is invalid.
Time: 3555 ns  Iteration: 11  Process: /apatb_cordiccart2pol_top/AESL_inst_cordiccart2pol/faddfsub_32ns_32ns_32_5_full_dsp_1_U1/cordiccart2pol_ap_faddfsub_3_full_dsp_32_u/inst/i_synth/addsub_op/ADDSUB/dsp/OP/dsp48e1_body/ALIGN_ADD/DSP2/i_no_versal_es1_workaround/DSP/prcs_opmode_drc  File: E:/FPGATOOL/Xilinx2020/Vivado/2020.2/data/vhdl/src/unisims/primitive/DSP48E1.vhd
Warning: OPMODE Input Warning : The OPMODE 0110X0X with CARRYINSEL  000 to DSP48E1 instance is invalid.
Time: 3675 ns  Iteration: 11  Process: /apatb_cordiccart2pol_top/AESL_inst_cordiccart2pol/faddfsub_32ns_32ns_32_5_full_dsp_1_U1/cordiccart2pol_ap_faddfsub_3_full_dsp_32_u/inst/i_synth/addsub_op/ADDSUB/dsp/OP/dsp48e1_body/ALIGN_ADD/DSP2/i_no_versal_es1_workaround/DSP/prcs_opmode_drc  File: E:/FPGATOOL/Xilinx2020/Vivado/2020.2/data/vhdl/src/unisims/primitive/DSP48E1.vhd
Warning: OPMODE Input Warning : The OPMODE 0110X0X with CARRYINSEL  000 to DSP48E1 instance is invalid.
Time: 3705 ns  Iteration: 11  Process: /apatb_cordiccart2pol_top/AESL_inst_cordiccart2pol/faddfsub_32ns_32ns_32_5_full_dsp_1_U1/cordiccart2pol_ap_faddfsub_3_full_dsp_32_u/inst/i_synth/addsub_op/ADDSUB/dsp/OP/dsp48e1_body/ALIGN_ADD/DSP2/i_no_versal_es1_workaround/DSP/prcs_opmode_drc  File: E:/FPGATOOL/Xilinx2020/Vivado/2020.2/data/vhdl/src/unisims/primitive/DSP48E1.vhd
Warning: OPMODE Input Warning : The OPMODE 0110X0X with CARRYINSEL  000 to DSP48E1 instance is invalid.
Time: 3825 ns  Iteration: 11  Process: /apatb_cordiccart2pol_top/AESL_inst_cordiccart2pol/faddfsub_32ns_32ns_32_5_full_dsp_1_U1/cordiccart2pol_ap_faddfsub_3_full_dsp_32_u/inst/i_synth/addsub_op/ADDSUB/dsp/OP/dsp48e1_body/ALIGN_ADD/DSP2/i_no_versal_es1_workaround/DSP/prcs_opmode_drc  File: E:/FPGATOOL/Xilinx2020/Vivado/2020.2/data/vhdl/src/unisims/primitive/DSP48E1.vhd
Warning: OPMODE Input Warning : The OPMODE 0110X0X with CARRYINSEL  000 to DSP48E1 instance is invalid.
Time: 3855 ns  Iteration: 11  Process: /apatb_cordiccart2pol_top/AESL_inst_cordiccart2pol/faddfsub_32ns_32ns_32_5_full_dsp_1_U1/cordiccart2pol_ap_faddfsub_3_full_dsp_32_u/inst/i_synth/addsub_op/ADDSUB/dsp/OP/dsp48e1_body/ALIGN_ADD/DSP2/i_no_versal_es1_workaround/DSP/prcs_opmode_drc  File: E:/FPGATOOL/Xilinx2020/Vivado/2020.2/data/vhdl/src/unisims/primitive/DSP48E1.vhd
Warning: OPMODE Input Warning : The OPMODE 0110X0X with CARRYINSEL  000 to DSP48E1 instance is invalid.
Time: 3975 ns  Iteration: 11  Process: /apatb_cordiccart2pol_top/AESL_inst_cordiccart2pol/faddfsub_32ns_32ns_32_5_full_dsp_1_U1/cordiccart2pol_ap_faddfsub_3_full_dsp_32_u/inst/i_synth/addsub_op/ADDSUB/dsp/OP/dsp48e1_body/ALIGN_ADD/DSP2/i_no_versal_es1_workaround/DSP/prcs_opmode_drc  File: E:/FPGATOOL/Xilinx2020/Vivado/2020.2/data/vhdl/src/unisims/primitive/DSP48E1.vhd
Warning: OPMODE Input Warning : The OPMODE 0110X0X with CARRYINSEL  000 to DSP48E1 instance is invalid.
Time: 4005 ns  Iteration: 11  Process: /apatb_cordiccart2pol_top/AESL_inst_cordiccart2pol/faddfsub_32ns_32ns_32_5_full_dsp_1_U1/cordiccart2pol_ap_faddfsub_3_full_dsp_32_u/inst/i_synth/addsub_op/ADDSUB/dsp/OP/dsp48e1_body/ALIGN_ADD/DSP2/i_no_versal_es1_workaround/DSP/prcs_opmode_drc  File: E:/FPGATOOL/Xilinx2020/Vivado/2020.2/data/vhdl/src/unisims/primitive/DSP48E1.vhd
Warning: OPMODE Input Warning : The OPMODE 0110X0X with CARRYINSEL  000 to DSP48E1 instance is invalid.
Time: 4125 ns  Iteration: 11  Process: /apatb_cordiccart2pol_top/AESL_inst_cordiccart2pol/faddfsub_32ns_32ns_32_5_full_dsp_1_U1/cordiccart2pol_ap_faddfsub_3_full_dsp_32_u/inst/i_synth/addsub_op/ADDSUB/dsp/OP/dsp48e1_body/ALIGN_ADD/DSP2/i_no_versal_es1_workaround/DSP/prcs_opmode_drc  File: E:/FPGATOOL/Xilinx2020/Vivado/2020.2/data/vhdl/src/unisims/primitive/DSP48E1.vhd
Warning: OPMODE Input Warning : The OPMODE 0110X0X with CARRYINSEL  000 to DSP48E1 instance is invalid.
Time: 4155 ns  Iteration: 11  Process: /apatb_cordiccart2pol_top/AESL_inst_cordiccart2pol/faddfsub_32ns_32ns_32_5_full_dsp_1_U1/cordiccart2pol_ap_faddfsub_3_full_dsp_32_u/inst/i_synth/addsub_op/ADDSUB/dsp/OP/dsp48e1_body/ALIGN_ADD/DSP2/i_no_versal_es1_workaround/DSP/prcs_opmode_drc  File: E:/FPGATOOL/Xilinx2020/Vivado/2020.2/data/vhdl/src/unisims/primitive/DSP48E1.vhd
Warning: OPMODE Input Warning : The OPMODE 0110X0X with CARRYINSEL  000 to DSP48E1 instance is invalid.
Time: 4275 ns  Iteration: 11  Process: /apatb_cordiccart2pol_top/AESL_inst_cordiccart2pol/faddfsub_32ns_32ns_32_5_full_dsp_1_U1/cordiccart2pol_ap_faddfsub_3_full_dsp_32_u/inst/i_synth/addsub_op/ADDSUB/dsp/OP/dsp48e1_body/ALIGN_ADD/DSP2/i_no_versal_es1_workaround/DSP/prcs_opmode_drc  File: E:/FPGATOOL/Xilinx2020/Vivado/2020.2/data/vhdl/src/unisims/primitive/DSP48E1.vhd
Warning: OPMODE Input Warning : The OPMODE 0110X0X with CARRYINSEL  000 to DSP48E1 instance is invalid.
Time: 4305 ns  Iteration: 11  Process: /apatb_cordiccart2pol_top/AESL_inst_cordiccart2pol/faddfsub_32ns_32ns_32_5_full_dsp_1_U1/cordiccart2pol_ap_faddfsub_3_full_dsp_32_u/inst/i_synth/addsub_op/ADDSUB/dsp/OP/dsp48e1_body/ALIGN_ADD/DSP2/i_no_versal_es1_workaround/DSP/prcs_opmode_drc  File: E:/FPGATOOL/Xilinx2020/Vivado/2020.2/data/vhdl/src/unisims/primitive/DSP48E1.vhd
Warning: OPMODE Input Warning : The OPMODE 0110X0X with CARRYINSEL  000 to DSP48E1 instance is invalid.
Time: 4425 ns  Iteration: 11  Process: /apatb_cordiccart2pol_top/AESL_inst_cordiccart2pol/faddfsub_32ns_32ns_32_5_full_dsp_1_U1/cordiccart2pol_ap_faddfsub_3_full_dsp_32_u/inst/i_synth/addsub_op/ADDSUB/dsp/OP/dsp48e1_body/ALIGN_ADD/DSP2/i_no_versal_es1_workaround/DSP/prcs_opmode_drc  File: E:/FPGATOOL/Xilinx2020/Vivado/2020.2/data/vhdl/src/unisims/primitive/DSP48E1.vhd
Warning: OPMODE Input Warning : The OPMODE 0110X0X with CARRYINSEL  000 to DSP48E1 instance is invalid.
Time: 4455 ns  Iteration: 11  Process: /apatb_cordiccart2pol_top/AESL_inst_cordiccart2pol/faddfsub_32ns_32ns_32_5_full_dsp_1_U1/cordiccart2pol_ap_faddfsub_3_full_dsp_32_u/inst/i_synth/addsub_op/ADDSUB/dsp/OP/dsp48e1_body/ALIGN_ADD/DSP2/i_no_versal_es1_workaround/DSP/prcs_opmode_drc  File: E:/FPGATOOL/Xilinx2020/Vivado/2020.2/data/vhdl/src/unisims/primitive/DSP48E1.vhd
Warning: OPMODE Input Warning : The OPMODE 0110X0X with CARRYINSEL  000 to DSP48E1 instance is invalid.
Time: 4575 ns  Iteration: 11  Process: /apatb_cordiccart2pol_top/AESL_inst_cordiccart2pol/faddfsub_32ns_32ns_32_5_full_dsp_1_U1/cordiccart2pol_ap_faddfsub_3_full_dsp_32_u/inst/i_synth/addsub_op/ADDSUB/dsp/OP/dsp48e1_body/ALIGN_ADD/DSP2/i_no_versal_es1_workaround/DSP/prcs_opmode_drc  File: E:/FPGATOOL/Xilinx2020/Vivado/2020.2/data/vhdl/src/unisims/primitive/DSP48E1.vhd
Warning: OPMODE Input Warning : The OPMODE 0110X0X with CARRYINSEL  000 to DSP48E1 instance is invalid.
Time: 4605 ns  Iteration: 11  Process: /apatb_cordiccart2pol_top/AESL_inst_cordiccart2pol/faddfsub_32ns_32ns_32_5_full_dsp_1_U1/cordiccart2pol_ap_faddfsub_3_full_dsp_32_u/inst/i_synth/addsub_op/ADDSUB/dsp/OP/dsp48e1_body/ALIGN_ADD/DSP2/i_no_versal_es1_workaround/DSP/prcs_opmode_drc  File: E:/FPGATOOL/Xilinx2020/Vivado/2020.2/data/vhdl/src/unisims/primitive/DSP48E1.vhd
Warning: OPMODE Input Warning : The OPMODE 0110X0X with CARRYINSEL  000 to DSP48E1 instance is invalid.
Time: 4725 ns  Iteration: 11  Process: /apatb_cordiccart2pol_top/AESL_inst_cordiccart2pol/faddfsub_32ns_32ns_32_5_full_dsp_1_U1/cordiccart2pol_ap_faddfsub_3_full_dsp_32_u/inst/i_synth/addsub_op/ADDSUB/dsp/OP/dsp48e1_body/ALIGN_ADD/DSP2/i_no_versal_es1_workaround/DSP/prcs_opmode_drc  File: E:/FPGATOOL/Xilinx2020/Vivado/2020.2/data/vhdl/src/unisims/primitive/DSP48E1.vhd
Warning: OPMODE Input Warning : The OPMODE 0110X0X with CARRYINSEL  000 to DSP48E1 instance is invalid.
Time: 4755 ns  Iteration: 11  Process: /apatb_cordiccart2pol_top/AESL_inst_cordiccart2pol/faddfsub_32ns_32ns_32_5_full_dsp_1_U1/cordiccart2pol_ap_faddfsub_3_full_dsp_32_u/inst/i_synth/addsub_op/ADDSUB/dsp/OP/dsp48e1_body/ALIGN_ADD/DSP2/i_no_versal_es1_workaround/DSP/prcs_opmode_drc  File: E:/FPGATOOL/Xilinx2020/Vivado/2020.2/data/vhdl/src/unisims/primitive/DSP48E1.vhd
Warning: OPMODE Input Warning : The OPMODE 0110X0X with CARRYINSEL  000 to DSP48E1 instance is invalid.
Time: 4875 ns  Iteration: 11  Process: /apatb_cordiccart2pol_top/AESL_inst_cordiccart2pol/faddfsub_32ns_32ns_32_5_full_dsp_1_U1/cordiccart2pol_ap_faddfsub_3_full_dsp_32_u/inst/i_synth/addsub_op/ADDSUB/dsp/OP/dsp48e1_body/ALIGN_ADD/DSP2/i_no_versal_es1_workaround/DSP/prcs_opmode_drc  File: E:/FPGATOOL/Xilinx2020/Vivado/2020.2/data/vhdl/src/unisims/primitive/DSP48E1.vhd
Warning: OPMODE Input Warning : The OPMODE 0110X0X with CARRYINSEL  000 to DSP48E1 instance is invalid.
Time: 4905 ns  Iteration: 11  Process: /apatb_cordiccart2pol_top/AESL_inst_cordiccart2pol/faddfsub_32ns_32ns_32_5_full_dsp_1_U1/cordiccart2pol_ap_faddfsub_3_full_dsp_32_u/inst/i_synth/addsub_op/ADDSUB/dsp/OP/dsp48e1_body/ALIGN_ADD/DSP2/i_no_versal_es1_workaround/DSP/prcs_opmode_drc  File: E:/FPGATOOL/Xilinx2020/Vivado/2020.2/data/vhdl/src/unisims/primitive/DSP48E1.vhd
Warning: OPMODE Input Warning : The OPMODE 0110X0X with CARRYINSEL  000 to DSP48E1 instance is invalid.
Time: 5025 ns  Iteration: 11  Process: /apatb_cordiccart2pol_top/AESL_inst_cordiccart2pol/faddfsub_32ns_32ns_32_5_full_dsp_1_U1/cordiccart2pol_ap_faddfsub_3_full_dsp_32_u/inst/i_synth/addsub_op/ADDSUB/dsp/OP/dsp48e1_body/ALIGN_ADD/DSP2/i_no_versal_es1_workaround/DSP/prcs_opmode_drc  File: E:/FPGATOOL/Xilinx2020/Vivado/2020.2/data/vhdl/src/unisims/primitive/DSP48E1.vhd
Warning: OPMODE Input Warning : The OPMODE 0110X0X with CARRYINSEL  000 to DSP48E1 instance is invalid.
Time: 5055 ns  Iteration: 11  Process: /apatb_cordiccart2pol_top/AESL_inst_cordiccart2pol/faddfsub_32ns_32ns_32_5_full_dsp_1_U1/cordiccart2pol_ap_faddfsub_3_full_dsp_32_u/inst/i_synth/addsub_op/ADDSUB/dsp/OP/dsp48e1_body/ALIGN_ADD/DSP2/i_no_versal_es1_workaround/DSP/prcs_opmode_drc  File: E:/FPGATOOL/Xilinx2020/Vivado/2020.2/data/vhdl/src/unisims/primitive/DSP48E1.vhd
Warning: OPMODE Input Warning : The OPMODE 0110X0X with CARRYINSEL  000 to DSP48E1 instance is invalid.
Time: 5175 ns  Iteration: 11  Process: /apatb_cordiccart2pol_top/AESL_inst_cordiccart2pol/faddfsub_32ns_32ns_32_5_full_dsp_1_U1/cordiccart2pol_ap_faddfsub_3_full_dsp_32_u/inst/i_synth/addsub_op/ADDSUB/dsp/OP/dsp48e1_body/ALIGN_ADD/DSP2/i_no_versal_es1_workaround/DSP/prcs_opmode_drc  File: E:/FPGATOOL/Xilinx2020/Vivado/2020.2/data/vhdl/src/unisims/primitive/DSP48E1.vhd
Warning: OPMODE Input Warning : The OPMODE 0110X0X with CARRYINSEL  000 to DSP48E1 instance is invalid.
Time: 5205 ns  Iteration: 11  Process: /apatb_cordiccart2pol_top/AESL_inst_cordiccart2pol/faddfsub_32ns_32ns_32_5_full_dsp_1_U1/cordiccart2pol_ap_faddfsub_3_full_dsp_32_u/inst/i_synth/addsub_op/ADDSUB/dsp/OP/dsp48e1_body/ALIGN_ADD/DSP2/i_no_versal_es1_workaround/DSP/prcs_opmode_drc  File: E:/FPGATOOL/Xilinx2020/Vivado/2020.2/data/vhdl/src/unisims/primitive/DSP48E1.vhd
Warning: OPMODE Input Warning : The OPMODE 0110X0X with CARRYINSEL  000 to DSP48E1 instance is invalid.
Time: 5325 ns  Iteration: 11  Process: /apatb_cordiccart2pol_top/AESL_inst_cordiccart2pol/faddfsub_32ns_32ns_32_5_full_dsp_1_U1/cordiccart2pol_ap_faddfsub_3_full_dsp_32_u/inst/i_synth/addsub_op/ADDSUB/dsp/OP/dsp48e1_body/ALIGN_ADD/DSP2/i_no_versal_es1_workaround/DSP/prcs_opmode_drc  File: E:/FPGATOOL/Xilinx2020/Vivado/2020.2/data/vhdl/src/unisims/primitive/DSP48E1.vhd
Warning: OPMODE Input Warning : The OPMODE 0110X0X with CARRYINSEL  000 to DSP48E1 instance is invalid.
Time: 5355 ns  Iteration: 13  Process: /apatb_cordiccart2pol_top/AESL_inst_cordiccart2pol/faddfsub_32ns_32ns_32_5_full_dsp_1_U1/cordiccart2pol_ap_faddfsub_3_full_dsp_32_u/inst/i_synth/addsub_op/ADDSUB/dsp/OP/dsp48e1_body/ALIGN_ADD/DSP2/i_no_versal_es1_workaround/DSP/prcs_opmode_drc  File: E:/FPGATOOL/Xilinx2020/Vivado/2020.2/data/vhdl/src/unisims/primitive/DSP48E1.vhd
Warning: OPMODE Input Warning : The OPMODE 0110X0X with CARRYINSEL  000 to DSP48E1 instance is invalid.
Time: 5475 ns  Iteration: 11  Process: /apatb_cordiccart2pol_top/AESL_inst_cordiccart2pol/faddfsub_32ns_32ns_32_5_full_dsp_1_U1/cordiccart2pol_ap_faddfsub_3_full_dsp_32_u/inst/i_synth/addsub_op/ADDSUB/dsp/OP/dsp48e1_body/ALIGN_ADD/DSP2/i_no_versal_es1_workaround/DSP/prcs_opmode_drc  File: E:/FPGATOOL/Xilinx2020/Vivado/2020.2/data/vhdl/src/unisims/primitive/DSP48E1.vhd
Warning: OPMODE Input Warning : The OPMODE 0110X0X with CARRYINSEL  000 to DSP48E1 instance is invalid.
Time: 5505 ns  Iteration: 13  Process: /apatb_cordiccart2pol_top/AESL_inst_cordiccart2pol/faddfsub_32ns_32ns_32_5_full_dsp_1_U1/cordiccart2pol_ap_faddfsub_3_full_dsp_32_u/inst/i_synth/addsub_op/ADDSUB/dsp/OP/dsp48e1_body/ALIGN_ADD/DSP2/i_no_versal_es1_workaround/DSP/prcs_opmode_drc  File: E:/FPGATOOL/Xilinx2020/Vivado/2020.2/data/vhdl/src/unisims/primitive/DSP48E1.vhd
Warning: OPMODE Input Warning : The OPMODE 0110X0X with CARRYINSEL  000 to DSP48E1 instance is invalid.
Time: 5625 ns  Iteration: 11  Process: /apatb_cordiccart2pol_top/AESL_inst_cordiccart2pol/faddfsub_32ns_32ns_32_5_full_dsp_1_U1/cordiccart2pol_ap_faddfsub_3_full_dsp_32_u/inst/i_synth/addsub_op/ADDSUB/dsp/OP/dsp48e1_body/ALIGN_ADD/DSP2/i_no_versal_es1_workaround/DSP/prcs_opmode_drc  File: E:/FPGATOOL/Xilinx2020/Vivado/2020.2/data/vhdl/src/unisims/primitive/DSP48E1.vhd
Warning: OPMODE Input Warning : The OPMODE 0110X0X with CARRYINSEL  000 to DSP48E1 instance is invalid.
Time: 5655 ns  Iteration: 13  Process: /apatb_cordiccart2pol_top/AESL_inst_cordiccart2pol/faddfsub_32ns_32ns_32_5_full_dsp_1_U1/cordiccart2pol_ap_faddfsub_3_full_dsp_32_u/inst/i_synth/addsub_op/ADDSUB/dsp/OP/dsp48e1_body/ALIGN_ADD/DSP2/i_no_versal_es1_workaround/DSP/prcs_opmode_drc  File: E:/FPGATOOL/Xilinx2020/Vivado/2020.2/data/vhdl/src/unisims/primitive/DSP48E1.vhd
// RTL Simulation : 2 / 4 [9.45%] @ "6045000"
Warning: OPMODE Input Warning : The OPMODE 0110X0X with CARRYINSEL  000 to DSP48E1 instance is invalid.
Time: 6335 ns  Iteration: 11  Process: /apatb_cordiccart2pol_top/AESL_inst_cordiccart2pol/faddfsub_32ns_32ns_32_5_full_dsp_1_U1/cordiccart2pol_ap_faddfsub_3_full_dsp_32_u/inst/i_synth/addsub_op/ADDSUB/dsp/OP/dsp48e1_body/ALIGN_ADD/DSP2/i_no_versal_es1_workaround/DSP/prcs_opmode_drc  File: E:/FPGATOOL/Xilinx2020/Vivado/2020.2/data/vhdl/src/unisims/primitive/DSP48E1.vhd
Warning: OPMODE Input Warning : The OPMODE 0110X0X with CARRYINSEL  000 to DSP48E1 instance is invalid.
Time: 6365 ns  Iteration: 11  Process: /apatb_cordiccart2pol_top/AESL_inst_cordiccart2pol/faddfsub_32ns_32ns_32_5_full_dsp_1_U1/cordiccart2pol_ap_faddfsub_3_full_dsp_32_u/inst/i_synth/addsub_op/ADDSUB/dsp/OP/dsp48e1_body/ALIGN_ADD/DSP2/i_no_versal_es1_workaround/DSP/prcs_opmode_drc  File: E:/FPGATOOL/Xilinx2020/Vivado/2020.2/data/vhdl/src/unisims/primitive/DSP48E1.vhd
Warning: OPMODE Input Warning : The OPMODE 0110X0X with CARRYINSEL  000 to DSP48E1 instance is invalid.
Time: 6485 ns  Iteration: 11  Process: /apatb_cordiccart2pol_top/AESL_inst_cordiccart2pol/faddfsub_32ns_32ns_32_5_full_dsp_1_U1/cordiccart2pol_ap_faddfsub_3_full_dsp_32_u/inst/i_synth/addsub_op/ADDSUB/dsp/OP/dsp48e1_body/ALIGN_ADD/DSP2/i_no_versal_es1_workaround/DSP/prcs_opmode_drc  File: E:/FPGATOOL/Xilinx2020/Vivado/2020.2/data/vhdl/src/unisims/primitive/DSP48E1.vhd
Warning: OPMODE Input Warning : The OPMODE 0110X0X with CARRYINSEL  000 to DSP48E1 instance is invalid.
Time: 6515 ns  Iteration: 11  Process: /apatb_cordiccart2pol_top/AESL_inst_cordiccart2pol/faddfsub_32ns_32ns_32_5_full_dsp_1_U1/cordiccart2pol_ap_faddfsub_3_full_dsp_32_u/inst/i_synth/addsub_op/ADDSUB/dsp/OP/dsp48e1_body/ALIGN_ADD/DSP2/i_no_versal_es1_workaround/DSP/prcs_opmode_drc  File: E:/FPGATOOL/Xilinx2020/Vivado/2020.2/data/vhdl/src/unisims/primitive/DSP48E1.vhd
Warning: OPMODE Input Warning : The OPMODE 0110X0X with CARRYINSEL  000 to DSP48E1 instance is invalid.
Time: 6635 ns  Iteration: 11  Process: /apatb_cordiccart2pol_top/AESL_inst_cordiccart2pol/faddfsub_32ns_32ns_32_5_full_dsp_1_U1/cordiccart2pol_ap_faddfsub_3_full_dsp_32_u/inst/i_synth/addsub_op/ADDSUB/dsp/OP/dsp48e1_body/ALIGN_ADD/DSP2/i_no_versal_es1_workaround/DSP/prcs_opmode_drc  File: E:/FPGATOOL/Xilinx2020/Vivado/2020.2/data/vhdl/src/unisims/primitive/DSP48E1.vhd
Warning: OPMODE Input Warning : The OPMODE 0110X0X with CARRYINSEL  000 to DSP48E1 instance is invalid.
Time: 6665 ns  Iteration: 11  Process: /apatb_cordiccart2pol_top/AESL_inst_cordiccart2pol/faddfsub_32ns_32ns_32_5_full_dsp_1_U1/cordiccart2pol_ap_faddfsub_3_full_dsp_32_u/inst/i_synth/addsub_op/ADDSUB/dsp/OP/dsp48e1_body/ALIGN_ADD/DSP2/i_no_versal_es1_workaround/DSP/prcs_opmode_drc  File: E:/FPGATOOL/Xilinx2020/Vivado/2020.2/data/vhdl/src/unisims/primitive/DSP48E1.vhd
Warning: OPMODE Input Warning : The OPMODE 0110X0X with CARRYINSEL  000 to DSP48E1 instance is invalid.
Time: 6785 ns  Iteration: 11  Process: /apatb_cordiccart2pol_top/AESL_inst_cordiccart2pol/faddfsub_32ns_32ns_32_5_full_dsp_1_U1/cordiccart2pol_ap_faddfsub_3_full_dsp_32_u/inst/i_synth/addsub_op/ADDSUB/dsp/OP/dsp48e1_body/ALIGN_ADD/DSP2/i_no_versal_es1_workaround/DSP/prcs_opmode_drc  File: E:/FPGATOOL/Xilinx2020/Vivado/2020.2/data/vhdl/src/unisims/primitive/DSP48E1.vhd
Warning: OPMODE Input Warning : The OPMODE 0110X0X with CARRYINSEL  000 to DSP48E1 instance is invalid.
Time: 6815 ns  Iteration: 11  Process: /apatb_cordiccart2pol_top/AESL_inst_cordiccart2pol/faddfsub_32ns_32ns_32_5_full_dsp_1_U1/cordiccart2pol_ap_faddfsub_3_full_dsp_32_u/inst/i_synth/addsub_op/ADDSUB/dsp/OP/dsp48e1_body/ALIGN_ADD/DSP2/i_no_versal_es1_workaround/DSP/prcs_opmode_drc  File: E:/FPGATOOL/Xilinx2020/Vivado/2020.2/data/vhdl/src/unisims/primitive/DSP48E1.vhd
Warning: OPMODE Input Warning : The OPMODE 0110X0X with CARRYINSEL  000 to DSP48E1 instance is invalid.
Time: 6935 ns  Iteration: 11  Process: /apatb_cordiccart2pol_top/AESL_inst_cordiccart2pol/faddfsub_32ns_32ns_32_5_full_dsp_1_U1/cordiccart2pol_ap_faddfsub_3_full_dsp_32_u/inst/i_synth/addsub_op/ADDSUB/dsp/OP/dsp48e1_body/ALIGN_ADD/DSP2/i_no_versal_es1_workaround/DSP/prcs_opmode_drc  File: E:/FPGATOOL/Xilinx2020/Vivado/2020.2/data/vhdl/src/unisims/primitive/DSP48E1.vhd
Warning: OPMODE Input Warning : The OPMODE 0110X0X with CARRYINSEL  000 to DSP48E1 instance is invalid.
Time: 6965 ns  Iteration: 11  Process: /apatb_cordiccart2pol_top/AESL_inst_cordiccart2pol/faddfsub_32ns_32ns_32_5_full_dsp_1_U1/cordiccart2pol_ap_faddfsub_3_full_dsp_32_u/inst/i_synth/addsub_op/ADDSUB/dsp/OP/dsp48e1_body/ALIGN_ADD/DSP2/i_no_versal_es1_workaround/DSP/prcs_opmode_drc  File: E:/FPGATOOL/Xilinx2020/Vivado/2020.2/data/vhdl/src/unisims/primitive/DSP48E1.vhd
Warning: OPMODE Input Warning : The OPMODE 0110X0X with CARRYINSEL  000 to DSP48E1 instance is invalid.
Time: 7085 ns  Iteration: 11  Process: /apatb_cordiccart2pol_top/AESL_inst_cordiccart2pol/faddfsub_32ns_32ns_32_5_full_dsp_1_U1/cordiccart2pol_ap_faddfsub_3_full_dsp_32_u/inst/i_synth/addsub_op/ADDSUB/dsp/OP/dsp48e1_body/ALIGN_ADD/DSP2/i_no_versal_es1_workaround/DSP/prcs_opmode_drc  File: E:/FPGATOOL/Xilinx2020/Vivado/2020.2/data/vhdl/src/unisims/primitive/DSP48E1.vhd
Warning: OPMODE Input Warning : The OPMODE 0110X0X with CARRYINSEL  000 to DSP48E1 instance is invalid.
Time: 7115 ns  Iteration: 11  Process: /apatb_cordiccart2pol_top/AESL_inst_cordiccart2pol/faddfsub_32ns_32ns_32_5_full_dsp_1_U1/cordiccart2pol_ap_faddfsub_3_full_dsp_32_u/inst/i_synth/addsub_op/ADDSUB/dsp/OP/dsp48e1_body/ALIGN_ADD/DSP2/i_no_versal_es1_workaround/DSP/prcs_opmode_drc  File: E:/FPGATOOL/Xilinx2020/Vivado/2020.2/data/vhdl/src/unisims/primitive/DSP48E1.vhd
Warning: OPMODE Input Warning : The OPMODE 0110X0X with CARRYINSEL  000 to DSP48E1 instance is invalid.
Time: 7235 ns  Iteration: 11  Process: /apatb_cordiccart2pol_top/AESL_inst_cordiccart2pol/faddfsub_32ns_32ns_32_5_full_dsp_1_U1/cordiccart2pol_ap_faddfsub_3_full_dsp_32_u/inst/i_synth/addsub_op/ADDSUB/dsp/OP/dsp48e1_body/ALIGN_ADD/DSP2/i_no_versal_es1_workaround/DSP/prcs_opmode_drc  File: E:/FPGATOOL/Xilinx2020/Vivado/2020.2/data/vhdl/src/unisims/primitive/DSP48E1.vhd
Warning: OPMODE Input Warning : The OPMODE 0110X0X with CARRYINSEL  000 to DSP48E1 instance is invalid.
Time: 7265 ns  Iteration: 11  Process: /apatb_cordiccart2pol_top/AESL_inst_cordiccart2pol/faddfsub_32ns_32ns_32_5_full_dsp_1_U1/cordiccart2pol_ap_faddfsub_3_full_dsp_32_u/inst/i_synth/addsub_op/ADDSUB/dsp/OP/dsp48e1_body/ALIGN_ADD/DSP2/i_no_versal_es1_workaround/DSP/prcs_opmode_drc  File: E:/FPGATOOL/Xilinx2020/Vivado/2020.2/data/vhdl/src/unisims/primitive/DSP48E1.vhd
Warning: OPMODE Input Warning : The OPMODE 0110X0X with CARRYINSEL  000 to DSP48E1 instance is invalid.
Time: 7385 ns  Iteration: 11  Process: /apatb_cordiccart2pol_top/AESL_inst_cordiccart2pol/faddfsub_32ns_32ns_32_5_full_dsp_1_U1/cordiccart2pol_ap_faddfsub_3_full_dsp_32_u/inst/i_synth/addsub_op/ADDSUB/dsp/OP/dsp48e1_body/ALIGN_ADD/DSP2/i_no_versal_es1_workaround/DSP/prcs_opmode_drc  File: E:/FPGATOOL/Xilinx2020/Vivado/2020.2/data/vhdl/src/unisims/primitive/DSP48E1.vhd
Warning: OPMODE Input Warning : The OPMODE 0110X0X with CARRYINSEL  000 to DSP48E1 instance is invalid.
Time: 7415 ns  Iteration: 11  Process: /apatb_cordiccart2pol_top/AESL_inst_cordiccart2pol/faddfsub_32ns_32ns_32_5_full_dsp_1_U1/cordiccart2pol_ap_faddfsub_3_full_dsp_32_u/inst/i_synth/addsub_op/ADDSUB/dsp/OP/dsp48e1_body/ALIGN_ADD/DSP2/i_no_versal_es1_workaround/DSP/prcs_opmode_drc  File: E:/FPGATOOL/Xilinx2020/Vivado/2020.2/data/vhdl/src/unisims/primitive/DSP48E1.vhd
Warning: OPMODE Input Warning : The OPMODE 0110X0X with CARRYINSEL  000 to DSP48E1 instance is invalid.
Time: 7535 ns  Iteration: 11  Process: /apatb_cordiccart2pol_top/AESL_inst_cordiccart2pol/faddfsub_32ns_32ns_32_5_full_dsp_1_U1/cordiccart2pol_ap_faddfsub_3_full_dsp_32_u/inst/i_synth/addsub_op/ADDSUB/dsp/OP/dsp48e1_body/ALIGN_ADD/DSP2/i_no_versal_es1_workaround/DSP/prcs_opmode_drc  File: E:/FPGATOOL/Xilinx2020/Vivado/2020.2/data/vhdl/src/unisims/primitive/DSP48E1.vhd
Warning: OPMODE Input Warning : The OPMODE 0110X0X with CARRYINSEL  000 to DSP48E1 instance is invalid.
Time: 7565 ns  Iteration: 11  Process: /apatb_cordiccart2pol_top/AESL_inst_cordiccart2pol/faddfsub_32ns_32ns_32_5_full_dsp_1_U1/cordiccart2pol_ap_faddfsub_3_full_dsp_32_u/inst/i_synth/addsub_op/ADDSUB/dsp/OP/dsp48e1_body/ALIGN_ADD/DSP2/i_no_versal_es1_workaround/DSP/prcs_opmode_drc  File: E:/FPGATOOL/Xilinx2020/Vivado/2020.2/data/vhdl/src/unisims/primitive/DSP48E1.vhd
Warning: OPMODE Input Warning : The OPMODE 0110X0X with CARRYINSEL  000 to DSP48E1 instance is invalid.
Time: 7685 ns  Iteration: 11  Process: /apatb_cordiccart2pol_top/AESL_inst_cordiccart2pol/faddfsub_32ns_32ns_32_5_full_dsp_1_U1/cordiccart2pol_ap_faddfsub_3_full_dsp_32_u/inst/i_synth/addsub_op/ADDSUB/dsp/OP/dsp48e1_body/ALIGN_ADD/DSP2/i_no_versal_es1_workaround/DSP/prcs_opmode_drc  File: E:/FPGATOOL/Xilinx2020/Vivado/2020.2/data/vhdl/src/unisims/primitive/DSP48E1.vhd
Warning: OPMODE Input Warning : The OPMODE 0110X0X with CARRYINSEL  000 to DSP48E1 instance is invalid.
Time: 7715 ns  Iteration: 11  Process: /apatb_cordiccart2pol_top/AESL_inst_cordiccart2pol/faddfsub_32ns_32ns_32_5_full_dsp_1_U1/cordiccart2pol_ap_faddfsub_3_full_dsp_32_u/inst/i_synth/addsub_op/ADDSUB/dsp/OP/dsp48e1_body/ALIGN_ADD/DSP2/i_no_versal_es1_workaround/DSP/prcs_opmode_drc  File: E:/FPGATOOL/Xilinx2020/Vivado/2020.2/data/vhdl/src/unisims/primitive/DSP48E1.vhd
Warning: OPMODE Input Warning : The OPMODE 0110X0X with CARRYINSEL  000 to DSP48E1 instance is invalid.
Time: 7835 ns  Iteration: 11  Process: /apatb_cordiccart2pol_top/AESL_inst_cordiccart2pol/faddfsub_32ns_32ns_32_5_full_dsp_1_U1/cordiccart2pol_ap_faddfsub_3_full_dsp_32_u/inst/i_synth/addsub_op/ADDSUB/dsp/OP/dsp48e1_body/ALIGN_ADD/DSP2/i_no_versal_es1_workaround/DSP/prcs_opmode_drc  File: E:/FPGATOOL/Xilinx2020/Vivado/2020.2/data/vhdl/src/unisims/primitive/DSP48E1.vhd
Warning: OPMODE Input Warning : The OPMODE 0110X0X with CARRYINSEL  000 to DSP48E1 instance is invalid.
Time: 7865 ns  Iteration: 11  Process: /apatb_cordiccart2pol_top/AESL_inst_cordiccart2pol/faddfsub_32ns_32ns_32_5_full_dsp_1_U1/cordiccart2pol_ap_faddfsub_3_full_dsp_32_u/inst/i_synth/addsub_op/ADDSUB/dsp/OP/dsp48e1_body/ALIGN_ADD/DSP2/i_no_versal_es1_workaround/DSP/prcs_opmode_drc  File: E:/FPGATOOL/Xilinx2020/Vivado/2020.2/data/vhdl/src/unisims/primitive/DSP48E1.vhd
Warning: OPMODE Input Warning : The OPMODE 0110X0X with CARRYINSEL  000 to DSP48E1 instance is invalid.
Time: 7985 ns  Iteration: 11  Process: /apatb_cordiccart2pol_top/AESL_inst_cordiccart2pol/faddfsub_32ns_32ns_32_5_full_dsp_1_U1/cordiccart2pol_ap_faddfsub_3_full_dsp_32_u/inst/i_synth/addsub_op/ADDSUB/dsp/OP/dsp48e1_body/ALIGN_ADD/DSP2/i_no_versal_es1_workaround/DSP/prcs_opmode_drc  File: E:/FPGATOOL/Xilinx2020/Vivado/2020.2/data/vhdl/src/unisims/primitive/DSP48E1.vhd
Warning: OPMODE Input Warning : The OPMODE 0110X0X with CARRYINSEL  000 to DSP48E1 instance is invalid.
Time: 8015 ns  Iteration: 11  Process: /apatb_cordiccart2pol_top/AESL_inst_cordiccart2pol/faddfsub_32ns_32ns_32_5_full_dsp_1_U1/cordiccart2pol_ap_faddfsub_3_full_dsp_32_u/inst/i_synth/addsub_op/ADDSUB/dsp/OP/dsp48e1_body/ALIGN_ADD/DSP2/i_no_versal_es1_workaround/DSP/prcs_opmode_drc  File: E:/FPGATOOL/Xilinx2020/Vivado/2020.2/data/vhdl/src/unisims/primitive/DSP48E1.vhd
Warning: OPMODE Input Warning : The OPMODE 0110X0X with CARRYINSEL  000 to DSP48E1 instance is invalid.
Time: 8135 ns  Iteration: 11  Process: /apatb_cordiccart2pol_top/AESL_inst_cordiccart2pol/faddfsub_32ns_32ns_32_5_full_dsp_1_U1/cordiccart2pol_ap_faddfsub_3_full_dsp_32_u/inst/i_synth/addsub_op/ADDSUB/dsp/OP/dsp48e1_body/ALIGN_ADD/DSP2/i_no_versal_es1_workaround/DSP/prcs_opmode_drc  File: E:/FPGATOOL/Xilinx2020/Vivado/2020.2/data/vhdl/src/unisims/primitive/DSP48E1.vhd
Warning: OPMODE Input Warning : The OPMODE 0110X0X with CARRYINSEL  000 to DSP48E1 instance is invalid.
Time: 8165 ns  Iteration: 13  Process: /apatb_cordiccart2pol_top/AESL_inst_cordiccart2pol/faddfsub_32ns_32ns_32_5_full_dsp_1_U1/cordiccart2pol_ap_faddfsub_3_full_dsp_32_u/inst/i_synth/addsub_op/ADDSUB/dsp/OP/dsp48e1_body/ALIGN_ADD/DSP2/i_no_versal_es1_workaround/DSP/prcs_opmode_drc  File: E:/FPGATOOL/Xilinx2020/Vivado/2020.2/data/vhdl/src/unisims/primitive/DSP48E1.vhd
Warning: OPMODE Input Warning : The OPMODE 0110X0X with CARRYINSEL  000 to DSP48E1 instance is invalid.
Time: 8285 ns  Iteration: 11  Process: /apatb_cordiccart2pol_top/AESL_inst_cordiccart2pol/faddfsub_32ns_32ns_32_5_full_dsp_1_U1/cordiccart2pol_ap_faddfsub_3_full_dsp_32_u/inst/i_synth/addsub_op/ADDSUB/dsp/OP/dsp48e1_body/ALIGN_ADD/DSP2/i_no_versal_es1_workaround/DSP/prcs_opmode_drc  File: E:/FPGATOOL/Xilinx2020/Vivado/2020.2/data/vhdl/src/unisims/primitive/DSP48E1.vhd
Warning: OPMODE Input Warning : The OPMODE 0110X0X with CARRYINSEL  000 to DSP48E1 instance is invalid.
Time: 8315 ns  Iteration: 11  Process: /apatb_cordiccart2pol_top/AESL_inst_cordiccart2pol/faddfsub_32ns_32ns_32_5_full_dsp_1_U1/cordiccart2pol_ap_faddfsub_3_full_dsp_32_u/inst/i_synth/addsub_op/ADDSUB/dsp/OP/dsp48e1_body/ALIGN_ADD/DSP2/i_no_versal_es1_workaround/DSP/prcs_opmode_drc  File: E:/FPGATOOL/Xilinx2020/Vivado/2020.2/data/vhdl/src/unisims/primitive/DSP48E1.vhd
Warning: OPMODE Input Warning : The OPMODE 0110X0X with CARRYINSEL  000 to DSP48E1 instance is invalid.
Time: 8435 ns  Iteration: 11  Process: /apatb_cordiccart2pol_top/AESL_inst_cordiccart2pol/faddfsub_32ns_32ns_32_5_full_dsp_1_U1/cordiccart2pol_ap_faddfsub_3_full_dsp_32_u/inst/i_synth/addsub_op/ADDSUB/dsp/OP/dsp48e1_body/ALIGN_ADD/DSP2/i_no_versal_es1_workaround/DSP/prcs_opmode_drc  File: E:/FPGATOOL/Xilinx2020/Vivado/2020.2/data/vhdl/src/unisims/primitive/DSP48E1.vhd
Warning: OPMODE Input Warning : The OPMODE 0110X0X with CARRYINSEL  000 to DSP48E1 instance is invalid.
Time: 8465 ns  Iteration: 13  Process: /apatb_cordiccart2pol_top/AESL_inst_cordiccart2pol/faddfsub_32ns_32ns_32_5_full_dsp_1_U1/cordiccart2pol_ap_faddfsub_3_full_dsp_32_u/inst/i_synth/addsub_op/ADDSUB/dsp/OP/dsp48e1_body/ALIGN_ADD/DSP2/i_no_versal_es1_workaround/DSP/prcs_opmode_drc  File: E:/FPGATOOL/Xilinx2020/Vivado/2020.2/data/vhdl/src/unisims/primitive/DSP48E1.vhd
Warning: OPMODE Input Warning : The OPMODE 0110X0X with CARRYINSEL  000 to DSP48E1 instance is invalid.
Time: 8585 ns  Iteration: 11  Process: /apatb_cordiccart2pol_top/AESL_inst_cordiccart2pol/faddfsub_32ns_32ns_32_5_full_dsp_1_U1/cordiccart2pol_ap_faddfsub_3_full_dsp_32_u/inst/i_synth/addsub_op/ADDSUB/dsp/OP/dsp48e1_body/ALIGN_ADD/DSP2/i_no_versal_es1_workaround/DSP/prcs_opmode_drc  File: E:/FPGATOOL/Xilinx2020/Vivado/2020.2/data/vhdl/src/unisims/primitive/DSP48E1.vhd
Warning: OPMODE Input Warning : The OPMODE 0110X0X with CARRYINSEL  000 to DSP48E1 instance is invalid.
Time: 8615 ns  Iteration: 13  Process: /apatb_cordiccart2pol_top/AESL_inst_cordiccart2pol/faddfsub_32ns_32ns_32_5_full_dsp_1_U1/cordiccart2pol_ap_faddfsub_3_full_dsp_32_u/inst/i_synth/addsub_op/ADDSUB/dsp/OP/dsp48e1_body/ALIGN_ADD/DSP2/i_no_versal_es1_workaround/DSP/prcs_opmode_drc  File: E:/FPGATOOL/Xilinx2020/Vivado/2020.2/data/vhdl/src/unisims/primitive/DSP48E1.vhd
// RTL Simulation : 3 / 4 [9.45%] @ "9005000"
Warning: OPMODE Input Warning : The OPMODE 0110X0X with CARRYINSEL  000 to DSP48E1 instance is invalid.
Time: 9295 ns  Iteration: 11  Process: /apatb_cordiccart2pol_top/AESL_inst_cordiccart2pol/faddfsub_32ns_32ns_32_5_full_dsp_1_U1/cordiccart2pol_ap_faddfsub_3_full_dsp_32_u/inst/i_synth/addsub_op/ADDSUB/dsp/OP/dsp48e1_body/ALIGN_ADD/DSP2/i_no_versal_es1_workaround/DSP/prcs_opmode_drc  File: E:/FPGATOOL/Xilinx2020/Vivado/2020.2/data/vhdl/src/unisims/primitive/DSP48E1.vhd
Warning: OPMODE Input Warning : The OPMODE 0110X0X with CARRYINSEL  000 to DSP48E1 instance is invalid.
Time: 9325 ns  Iteration: 11  Process: /apatb_cordiccart2pol_top/AESL_inst_cordiccart2pol/faddfsub_32ns_32ns_32_5_full_dsp_1_U1/cordiccart2pol_ap_faddfsub_3_full_dsp_32_u/inst/i_synth/addsub_op/ADDSUB/dsp/OP/dsp48e1_body/ALIGN_ADD/DSP2/i_no_versal_es1_workaround/DSP/prcs_opmode_drc  File: E:/FPGATOOL/Xilinx2020/Vivado/2020.2/data/vhdl/src/unisims/primitive/DSP48E1.vhd
Warning: OPMODE Input Warning : The OPMODE 0110X0X with CARRYINSEL  000 to DSP48E1 instance is invalid.
Time: 9445 ns  Iteration: 11  Process: /apatb_cordiccart2pol_top/AESL_inst_cordiccart2pol/faddfsub_32ns_32ns_32_5_full_dsp_1_U1/cordiccart2pol_ap_faddfsub_3_full_dsp_32_u/inst/i_synth/addsub_op/ADDSUB/dsp/OP/dsp48e1_body/ALIGN_ADD/DSP2/i_no_versal_es1_workaround/DSP/prcs_opmode_drc  File: E:/FPGATOOL/Xilinx2020/Vivado/2020.2/data/vhdl/src/unisims/primitive/DSP48E1.vhd
Warning: OPMODE Input Warning : The OPMODE 0110X0X with CARRYINSEL  000 to DSP48E1 instance is invalid.
Time: 9475 ns  Iteration: 11  Process: /apatb_cordiccart2pol_top/AESL_inst_cordiccart2pol/faddfsub_32ns_32ns_32_5_full_dsp_1_U1/cordiccart2pol_ap_faddfsub_3_full_dsp_32_u/inst/i_synth/addsub_op/ADDSUB/dsp/OP/dsp48e1_body/ALIGN_ADD/DSP2/i_no_versal_es1_workaround/DSP/prcs_opmode_drc  File: E:/FPGATOOL/Xilinx2020/Vivado/2020.2/data/vhdl/src/unisims/primitive/DSP48E1.vhd
Warning: OPMODE Input Warning : The OPMODE 0110X0X with CARRYINSEL  000 to DSP48E1 instance is invalid.
Time: 9595 ns  Iteration: 11  Process: /apatb_cordiccart2pol_top/AESL_inst_cordiccart2pol/faddfsub_32ns_32ns_32_5_full_dsp_1_U1/cordiccart2pol_ap_faddfsub_3_full_dsp_32_u/inst/i_synth/addsub_op/ADDSUB/dsp/OP/dsp48e1_body/ALIGN_ADD/DSP2/i_no_versal_es1_workaround/DSP/prcs_opmode_drc  File: E:/FPGATOOL/Xilinx2020/Vivado/2020.2/data/vhdl/src/unisims/primitive/DSP48E1.vhd
Warning: OPMODE Input Warning : The OPMODE 0110X0X with CARRYINSEL  000 to DSP48E1 instance is invalid.
Time: 9625 ns  Iteration: 11  Process: /apatb_cordiccart2pol_top/AESL_inst_cordiccart2pol/faddfsub_32ns_32ns_32_5_full_dsp_1_U1/cordiccart2pol_ap_faddfsub_3_full_dsp_32_u/inst/i_synth/addsub_op/ADDSUB/dsp/OP/dsp48e1_body/ALIGN_ADD/DSP2/i_no_versal_es1_workaround/DSP/prcs_opmode_drc  File: E:/FPGATOOL/Xilinx2020/Vivado/2020.2/data/vhdl/src/unisims/primitive/DSP48E1.vhd
Warning: OPMODE Input Warning : The OPMODE 0110X0X with CARRYINSEL  000 to DSP48E1 instance is invalid.
Time: 9745 ns  Iteration: 11  Process: /apatb_cordiccart2pol_top/AESL_inst_cordiccart2pol/faddfsub_32ns_32ns_32_5_full_dsp_1_U1/cordiccart2pol_ap_faddfsub_3_full_dsp_32_u/inst/i_synth/addsub_op/ADDSUB/dsp/OP/dsp48e1_body/ALIGN_ADD/DSP2/i_no_versal_es1_workaround/DSP/prcs_opmode_drc  File: E:/FPGATOOL/Xilinx2020/Vivado/2020.2/data/vhdl/src/unisims/primitive/DSP48E1.vhd
Warning: OPMODE Input Warning : The OPMODE 0110X0X with CARRYINSEL  000 to DSP48E1 instance is invalid.
Time: 9775 ns  Iteration: 11  Process: /apatb_cordiccart2pol_top/AESL_inst_cordiccart2pol/faddfsub_32ns_32ns_32_5_full_dsp_1_U1/cordiccart2pol_ap_faddfsub_3_full_dsp_32_u/inst/i_synth/addsub_op/ADDSUB/dsp/OP/dsp48e1_body/ALIGN_ADD/DSP2/i_no_versal_es1_workaround/DSP/prcs_opmode_drc  File: E:/FPGATOOL/Xilinx2020/Vivado/2020.2/data/vhdl/src/unisims/primitive/DSP48E1.vhd
Warning: OPMODE Input Warning : The OPMODE 0110X0X with CARRYINSEL  000 to DSP48E1 instance is invalid.
Time: 9895 ns  Iteration: 11  Process: /apatb_cordiccart2pol_top/AESL_inst_cordiccart2pol/faddfsub_32ns_32ns_32_5_full_dsp_1_U1/cordiccart2pol_ap_faddfsub_3_full_dsp_32_u/inst/i_synth/addsub_op/ADDSUB/dsp/OP/dsp48e1_body/ALIGN_ADD/DSP2/i_no_versal_es1_workaround/DSP/prcs_opmode_drc  File: E:/FPGATOOL/Xilinx2020/Vivado/2020.2/data/vhdl/src/unisims/primitive/DSP48E1.vhd
Warning: OPMODE Input Warning : The OPMODE 0110X0X with CARRYINSEL  000 to DSP48E1 instance is invalid.
Time: 9925 ns  Iteration: 11  Process: /apatb_cordiccart2pol_top/AESL_inst_cordiccart2pol/faddfsub_32ns_32ns_32_5_full_dsp_1_U1/cordiccart2pol_ap_faddfsub_3_full_dsp_32_u/inst/i_synth/addsub_op/ADDSUB/dsp/OP/dsp48e1_body/ALIGN_ADD/DSP2/i_no_versal_es1_workaround/DSP/prcs_opmode_drc  File: E:/FPGATOOL/Xilinx2020/Vivado/2020.2/data/vhdl/src/unisims/primitive/DSP48E1.vhd
Warning: OPMODE Input Warning : The OPMODE 0110X0X with CARRYINSEL  000 to DSP48E1 instance is invalid.
Time: 10045 ns  Iteration: 11  Process: /apatb_cordiccart2pol_top/AESL_inst_cordiccart2pol/faddfsub_32ns_32ns_32_5_full_dsp_1_U1/cordiccart2pol_ap_faddfsub_3_full_dsp_32_u/inst/i_synth/addsub_op/ADDSUB/dsp/OP/dsp48e1_body/ALIGN_ADD/DSP2/i_no_versal_es1_workaround/DSP/prcs_opmode_drc  File: E:/FPGATOOL/Xilinx2020/Vivado/2020.2/data/vhdl/src/unisims/primitive/DSP48E1.vhd
Warning: OPMODE Input Warning : The OPMODE 0110X0X with CARRYINSEL  000 to DSP48E1 instance is invalid.
Time: 10075 ns  Iteration: 11  Process: /apatb_cordiccart2pol_top/AESL_inst_cordiccart2pol/faddfsub_32ns_32ns_32_5_full_dsp_1_U1/cordiccart2pol_ap_faddfsub_3_full_dsp_32_u/inst/i_synth/addsub_op/ADDSUB/dsp/OP/dsp48e1_body/ALIGN_ADD/DSP2/i_no_versal_es1_workaround/DSP/prcs_opmode_drc  File: E:/FPGATOOL/Xilinx2020/Vivado/2020.2/data/vhdl/src/unisims/primitive/DSP48E1.vhd
Warning: OPMODE Input Warning : The OPMODE 0110X0X with CARRYINSEL  000 to DSP48E1 instance is invalid.
Time: 10195 ns  Iteration: 11  Process: /apatb_cordiccart2pol_top/AESL_inst_cordiccart2pol/faddfsub_32ns_32ns_32_5_full_dsp_1_U1/cordiccart2pol_ap_faddfsub_3_full_dsp_32_u/inst/i_synth/addsub_op/ADDSUB/dsp/OP/dsp48e1_body/ALIGN_ADD/DSP2/i_no_versal_es1_workaround/DSP/prcs_opmode_drc  File: E:/FPGATOOL/Xilinx2020/Vivado/2020.2/data/vhdl/src/unisims/primitive/DSP48E1.vhd
Warning: OPMODE Input Warning : The OPMODE 0110X0X with CARRYINSEL  000 to DSP48E1 instance is invalid.
Time: 10225 ns  Iteration: 11  Process: /apatb_cordiccart2pol_top/AESL_inst_cordiccart2pol/faddfsub_32ns_32ns_32_5_full_dsp_1_U1/cordiccart2pol_ap_faddfsub_3_full_dsp_32_u/inst/i_synth/addsub_op/ADDSUB/dsp/OP/dsp48e1_body/ALIGN_ADD/DSP2/i_no_versal_es1_workaround/DSP/prcs_opmode_drc  File: E:/FPGATOOL/Xilinx2020/Vivado/2020.2/data/vhdl/src/unisims/primitive/DSP48E1.vhd
Warning: OPMODE Input Warning : The OPMODE 0110X0X with CARRYINSEL  000 to DSP48E1 instance is invalid.
Time: 10345 ns  Iteration: 11  Process: /apatb_cordiccart2pol_top/AESL_inst_cordiccart2pol/faddfsub_32ns_32ns_32_5_full_dsp_1_U1/cordiccart2pol_ap_faddfsub_3_full_dsp_32_u/inst/i_synth/addsub_op/ADDSUB/dsp/OP/dsp48e1_body/ALIGN_ADD/DSP2/i_no_versal_es1_workaround/DSP/prcs_opmode_drc  File: E:/FPGATOOL/Xilinx2020/Vivado/2020.2/data/vhdl/src/unisims/primitive/DSP48E1.vhd
Warning: OPMODE Input Warning : The OPMODE 0110X0X with CARRYINSEL  000 to DSP48E1 instance is invalid.
Time: 10375 ns  Iteration: 11  Process: /apatb_cordiccart2pol_top/AESL_inst_cordiccart2pol/faddfsub_32ns_32ns_32_5_full_dsp_1_U1/cordiccart2pol_ap_faddfsub_3_full_dsp_32_u/inst/i_synth/addsub_op/ADDSUB/dsp/OP/dsp48e1_body/ALIGN_ADD/DSP2/i_no_versal_es1_workaround/DSP/prcs_opmode_drc  File: E:/FPGATOOL/Xilinx2020/Vivado/2020.2/data/vhdl/src/unisims/primitive/DSP48E1.vhd
Warning: OPMODE Input Warning : The OPMODE 0110X0X with CARRYINSEL  000 to DSP48E1 instance is invalid.
Time: 10495 ns  Iteration: 11  Process: /apatb_cordiccart2pol_top/AESL_inst_cordiccart2pol/faddfsub_32ns_32ns_32_5_full_dsp_1_U1/cordiccart2pol_ap_faddfsub_3_full_dsp_32_u/inst/i_synth/addsub_op/ADDSUB/dsp/OP/dsp48e1_body/ALIGN_ADD/DSP2/i_no_versal_es1_workaround/DSP/prcs_opmode_drc  File: E:/FPGATOOL/Xilinx2020/Vivado/2020.2/data/vhdl/src/unisims/primitive/DSP48E1.vhd
Warning: OPMODE Input Warning : The OPMODE 0110X0X with CARRYINSEL  000 to DSP48E1 instance is invalid.
Time: 10525 ns  Iteration: 11  Process: /apatb_cordiccart2pol_top/AESL_inst_cordiccart2pol/faddfsub_32ns_32ns_32_5_full_dsp_1_U1/cordiccart2pol_ap_faddfsub_3_full_dsp_32_u/inst/i_synth/addsub_op/ADDSUB/dsp/OP/dsp48e1_body/ALIGN_ADD/DSP2/i_no_versal_es1_workaround/DSP/prcs_opmode_drc  File: E:/FPGATOOL/Xilinx2020/Vivado/2020.2/data/vhdl/src/unisims/primitive/DSP48E1.vhd
Warning: OPMODE Input Warning : The OPMODE 0110X0X with CARRYINSEL  000 to DSP48E1 instance is invalid.
Time: 10645 ns  Iteration: 11  Process: /apatb_cordiccart2pol_top/AESL_inst_cordiccart2pol/faddfsub_32ns_32ns_32_5_full_dsp_1_U1/cordiccart2pol_ap_faddfsub_3_full_dsp_32_u/inst/i_synth/addsub_op/ADDSUB/dsp/OP/dsp48e1_body/ALIGN_ADD/DSP2/i_no_versal_es1_workaround/DSP/prcs_opmode_drc  File: E:/FPGATOOL/Xilinx2020/Vivado/2020.2/data/vhdl/src/unisims/primitive/DSP48E1.vhd
Warning: OPMODE Input Warning : The OPMODE 0110X0X with CARRYINSEL  000 to DSP48E1 instance is invalid.
Time: 10675 ns  Iteration: 11  Process: /apatb_cordiccart2pol_top/AESL_inst_cordiccart2pol/faddfsub_32ns_32ns_32_5_full_dsp_1_U1/cordiccart2pol_ap_faddfsub_3_full_dsp_32_u/inst/i_synth/addsub_op/ADDSUB/dsp/OP/dsp48e1_body/ALIGN_ADD/DSP2/i_no_versal_es1_workaround/DSP/prcs_opmode_drc  File: E:/FPGATOOL/Xilinx2020/Vivado/2020.2/data/vhdl/src/unisims/primitive/DSP48E1.vhd
Warning: OPMODE Input Warning : The OPMODE 0110X0X with CARRYINSEL  000 to DSP48E1 instance is invalid.
Time: 10795 ns  Iteration: 11  Process: /apatb_cordiccart2pol_top/AESL_inst_cordiccart2pol/faddfsub_32ns_32ns_32_5_full_dsp_1_U1/cordiccart2pol_ap_faddfsub_3_full_dsp_32_u/inst/i_synth/addsub_op/ADDSUB/dsp/OP/dsp48e1_body/ALIGN_ADD/DSP2/i_no_versal_es1_workaround/DSP/prcs_opmode_drc  File: E:/FPGATOOL/Xilinx2020/Vivado/2020.2/data/vhdl/src/unisims/primitive/DSP48E1.vhd
Warning: OPMODE Input Warning : The OPMODE 0110X0X with CARRYINSEL  000 to DSP48E1 instance is invalid.
Time: 10825 ns  Iteration: 11  Process: /apatb_cordiccart2pol_top/AESL_inst_cordiccart2pol/faddfsub_32ns_32ns_32_5_full_dsp_1_U1/cordiccart2pol_ap_faddfsub_3_full_dsp_32_u/inst/i_synth/addsub_op/ADDSUB/dsp/OP/dsp48e1_body/ALIGN_ADD/DSP2/i_no_versal_es1_workaround/DSP/prcs_opmode_drc  File: E:/FPGATOOL/Xilinx2020/Vivado/2020.2/data/vhdl/src/unisims/primitive/DSP48E1.vhd
Warning: OPMODE Input Warning : The OPMODE 0110X0X with CARRYINSEL  000 to DSP48E1 instance is invalid.
Time: 10945 ns  Iteration: 11  Process: /apatb_cordiccart2pol_top/AESL_inst_cordiccart2pol/faddfsub_32ns_32ns_32_5_full_dsp_1_U1/cordiccart2pol_ap_faddfsub_3_full_dsp_32_u/inst/i_synth/addsub_op/ADDSUB/dsp/OP/dsp48e1_body/ALIGN_ADD/DSP2/i_no_versal_es1_workaround/DSP/prcs_opmode_drc  File: E:/FPGATOOL/Xilinx2020/Vivado/2020.2/data/vhdl/src/unisims/primitive/DSP48E1.vhd
Warning: OPMODE Input Warning : The OPMODE 0110X0X with CARRYINSEL  000 to DSP48E1 instance is invalid.
Time: 10975 ns  Iteration: 11  Process: /apatb_cordiccart2pol_top/AESL_inst_cordiccart2pol/faddfsub_32ns_32ns_32_5_full_dsp_1_U1/cordiccart2pol_ap_faddfsub_3_full_dsp_32_u/inst/i_synth/addsub_op/ADDSUB/dsp/OP/dsp48e1_body/ALIGN_ADD/DSP2/i_no_versal_es1_workaround/DSP/prcs_opmode_drc  File: E:/FPGATOOL/Xilinx2020/Vivado/2020.2/data/vhdl/src/unisims/primitive/DSP48E1.vhd
Warning: OPMODE Input Warning : The OPMODE 0110X0X with CARRYINSEL  000 to DSP48E1 instance is invalid.
Time: 11095 ns  Iteration: 11  Process: /apatb_cordiccart2pol_top/AESL_inst_cordiccart2pol/faddfsub_32ns_32ns_32_5_full_dsp_1_U1/cordiccart2pol_ap_faddfsub_3_full_dsp_32_u/inst/i_synth/addsub_op/ADDSUB/dsp/OP/dsp48e1_body/ALIGN_ADD/DSP2/i_no_versal_es1_workaround/DSP/prcs_opmode_drc  File: E:/FPGATOOL/Xilinx2020/Vivado/2020.2/data/vhdl/src/unisims/primitive/DSP48E1.vhd
Warning: OPMODE Input Warning : The OPMODE 0110X0X with CARRYINSEL  000 to DSP48E1 instance is invalid.
Time: 11125 ns  Iteration: 11  Process: /apatb_cordiccart2pol_top/AESL_inst_cordiccart2pol/faddfsub_32ns_32ns_32_5_full_dsp_1_U1/cordiccart2pol_ap_faddfsub_3_full_dsp_32_u/inst/i_synth/addsub_op/ADDSUB/dsp/OP/dsp48e1_body/ALIGN_ADD/DSP2/i_no_versal_es1_workaround/DSP/prcs_opmode_drc  File: E:/FPGATOOL/Xilinx2020/Vivado/2020.2/data/vhdl/src/unisims/primitive/DSP48E1.vhd
Warning: OPMODE Input Warning : The OPMODE 0110X0X with CARRYINSEL  000 to DSP48E1 instance is invalid.
Time: 11245 ns  Iteration: 11  Process: /apatb_cordiccart2pol_top/AESL_inst_cordiccart2pol/faddfsub_32ns_32ns_32_5_full_dsp_1_U1/cordiccart2pol_ap_faddfsub_3_full_dsp_32_u/inst/i_synth/addsub_op/ADDSUB/dsp/OP/dsp48e1_body/ALIGN_ADD/DSP2/i_no_versal_es1_workaround/DSP/prcs_opmode_drc  File: E:/FPGATOOL/Xilinx2020/Vivado/2020.2/data/vhdl/src/unisims/primitive/DSP48E1.vhd
Warning: OPMODE Input Warning : The OPMODE 0110X0X with CARRYINSEL  000 to DSP48E1 instance is invalid.
Time: 11275 ns  Iteration: 13  Process: /apatb_cordiccart2pol_top/AESL_inst_cordiccart2pol/faddfsub_32ns_32ns_32_5_full_dsp_1_U1/cordiccart2pol_ap_faddfsub_3_full_dsp_32_u/inst/i_synth/addsub_op/ADDSUB/dsp/OP/dsp48e1_body/ALIGN_ADD/DSP2/i_no_versal_es1_workaround/DSP/prcs_opmode_drc  File: E:/FPGATOOL/Xilinx2020/Vivado/2020.2/data/vhdl/src/unisims/primitive/DSP48E1.vhd
Warning: OPMODE Input Warning : The OPMODE 0110X0X with CARRYINSEL  000 to DSP48E1 instance is invalid.
Time: 11395 ns  Iteration: 11  Process: /apatb_cordiccart2pol_top/AESL_inst_cordiccart2pol/faddfsub_32ns_32ns_32_5_full_dsp_1_U1/cordiccart2pol_ap_faddfsub_3_full_dsp_32_u/inst/i_synth/addsub_op/ADDSUB/dsp/OP/dsp48e1_body/ALIGN_ADD/DSP2/i_no_versal_es1_workaround/DSP/prcs_opmode_drc  File: E:/FPGATOOL/Xilinx2020/Vivado/2020.2/data/vhdl/src/unisims/primitive/DSP48E1.vhd
Warning: OPMODE Input Warning : The OPMODE 0110X0X with CARRYINSEL  000 to DSP48E1 instance is invalid.
Time: 11425 ns  Iteration: 13  Process: /apatb_cordiccart2pol_top/AESL_inst_cordiccart2pol/faddfsub_32ns_32ns_32_5_full_dsp_1_U1/cordiccart2pol_ap_faddfsub_3_full_dsp_32_u/inst/i_synth/addsub_op/ADDSUB/dsp/OP/dsp48e1_body/ALIGN_ADD/DSP2/i_no_versal_es1_workaround/DSP/prcs_opmode_drc  File: E:/FPGATOOL/Xilinx2020/Vivado/2020.2/data/vhdl/src/unisims/primitive/DSP48E1.vhd
Warning: OPMODE Input Warning : The OPMODE 0110X0X with CARRYINSEL  000 to DSP48E1 instance is invalid.
Time: 11545 ns  Iteration: 11  Process: /apatb_cordiccart2pol_top/AESL_inst_cordiccart2pol/faddfsub_32ns_32ns_32_5_full_dsp_1_U1/cordiccart2pol_ap_faddfsub_3_full_dsp_32_u/inst/i_synth/addsub_op/ADDSUB/dsp/OP/dsp48e1_body/ALIGN_ADD/DSP2/i_no_versal_es1_workaround/DSP/prcs_opmode_drc  File: E:/FPGATOOL/Xilinx2020/Vivado/2020.2/data/vhdl/src/unisims/primitive/DSP48E1.vhd
Warning: OPMODE Input Warning : The OPMODE 0110X0X with CARRYINSEL  000 to DSP48E1 instance is invalid.
Time: 11575 ns  Iteration: 13  Process: /apatb_cordiccart2pol_top/AESL_inst_cordiccart2pol/faddfsub_32ns_32ns_32_5_full_dsp_1_U1/cordiccart2pol_ap_faddfsub_3_full_dsp_32_u/inst/i_synth/addsub_op/ADDSUB/dsp/OP/dsp48e1_body/ALIGN_ADD/DSP2/i_no_versal_es1_workaround/DSP/prcs_opmode_drc  File: E:/FPGATOOL/Xilinx2020/Vivado/2020.2/data/vhdl/src/unisims/primitive/DSP48E1.vhd
// RTL Simulation : 4 / 4 [100.00%] @ "11965000"
////////////////////////////////////////////////////////////////////////////////////
$finish called at time : 12005 ns : File "C:/GY/Works/ZYNQ/SummerSchool2022/pynq_cordic/project/cordic_hls_prj/solution1/sim/verilog/cordiccart2pol.autotb.v" Line 346
## quit
INFO: [Common 17-206] Exiting xsim at Sun Aug  7 09:45:03 2022...
