#-----------------------------------------------------------
# Vivado v2020.2 (64-bit)
# SW Build 3064766 on Wed Nov 18 09:12:45 MST 2020
# IP Build 3064653 on Wed Nov 18 14:17:31 MST 2020
# Start of session at: Sun Aug  7 09:46:42 2022
# Process ID: 15756
# Current directory: C:/GY/Works/ZYNQ/SummerSchool2022/pynq_cordic/project/cordic_hls_prj/solution1/impl/ip
# Command line: vivado.exe -notrace -mode batch -source run_ippack.tcl
# Log file: C:/GY/Works/ZYNQ/SummerSchool2022/pynq_cordic/project/cordic_hls_prj/solution1/impl/ip/vivado.log
# Journal file: C:/GY/Works/ZYNQ/SummerSchool2022/pynq_cordic/project/cordic_hls_prj/solution1/impl/ip\vivado.jou
#-----------------------------------------------------------
source run_ippack.tcl -notrace
INFO: [ProjectBase 1-489] The host OS only allows 260 characters in a normal path. The project is stored in a path with more than 80 characters. If you experience issues with IP, Block Designs, or files not being found, please consider moving the project to a location with a shorter path. Alternately consider using the OS subst command to map part of the path to a drive letter.
Current project path is 'C:/GY/Works/ZYNQ/SummerSchool2022/pynq_cordic/project/cordic_hls_prj/solution1/impl/ip'
INFO: [IP_Flow 19-234] Refreshing IP repositories
INFO: [IP_Flow 19-1704] No user IP repositories specified
INFO: [IP_Flow 19-2313] Loaded Vivado IP repository 'E:/FPGATOOL/Xilinx2020/Vivado/2020.2/data/ip'.
WARNING: [IP_Flow 19-4832] The IP name 'cordiccart2pol_ap_dmul_5_max_dsp_64' you have specified is long. The Windows operating system has path length limitations. It is recommended you use shorter names to reduce the likelihood of issues.
INFO: [IP_Flow 19-1686] Generating 'Synthesis' target for IP 'cordiccart2pol_ap_dmul_5_max_dsp_64'...
INFO: [IP_Flow 19-1686] Generating 'Simulation' target for IP 'cordiccart2pol_ap_dmul_5_max_dsp_64'...
WARNING: [IP_Flow 19-4832] The IP name 'cordiccart2pol_ap_fadd_3_full_dsp_32' you have specified is long. The Windows operating system has path length limitations. It is recommended you use shorter names to reduce the likelihood of issues.
INFO: [IP_Flow 19-1686] Generating 'Synthesis' target for IP 'cordiccart2pol_ap_fadd_3_full_dsp_32'...
INFO: [IP_Flow 19-1686] Generating 'Simulation' target for IP 'cordiccart2pol_ap_fadd_3_full_dsp_32'...
WARNING: [IP_Flow 19-4832] The IP name 'cordiccart2pol_ap_faddfsub_3_full_dsp_32' you have specified is long. The Windows operating system has path length limitations. It is recommended you use shorter names to reduce the likelihood of issues.
INFO: [IP_Flow 19-1686] Generating 'Synthesis' target for IP 'cordiccart2pol_ap_faddfsub_3_full_dsp_32'...
INFO: [IP_Flow 19-1686] Generating 'Simulation' target for IP 'cordiccart2pol_ap_faddfsub_3_full_dsp_32'...
WARNING: [IP_Flow 19-4832] The IP name 'cordiccart2pol_ap_fcmp_0_no_dsp_32' you have specified is long. The Windows operating system has path length limitations. It is recommended you use shorter names to reduce the likelihood of issues.
INFO: [IP_Flow 19-1686] Generating 'Synthesis' target for IP 'cordiccart2pol_ap_fcmp_0_no_dsp_32'...
INFO: [IP_Flow 19-1686] Generating 'Simulation' target for IP 'cordiccart2pol_ap_fcmp_0_no_dsp_32'...
WARNING: [IP_Flow 19-4832] The IP name 'cordiccart2pol_ap_fmul_2_max_dsp_32' you have specified is long. The Windows operating system has path length limitations. It is recommended you use shorter names to reduce the likelihood of issues.
INFO: [IP_Flow 19-1686] Generating 'Synthesis' target for IP 'cordiccart2pol_ap_fmul_2_max_dsp_32'...
INFO: [IP_Flow 19-1686] Generating 'Simulation' target for IP 'cordiccart2pol_ap_fmul_2_max_dsp_32'...
WARNING: [IP_Flow 19-4832] The IP name 'cordiccart2pol_ap_fpext_0_no_dsp_32' you have specified is long. The Windows operating system has path length limitations. It is recommended you use shorter names to reduce the likelihood of issues.
INFO: [IP_Flow 19-1686] Generating 'Synthesis' target for IP 'cordiccart2pol_ap_fpext_0_no_dsp_32'...
INFO: [IP_Flow 19-1686] Generating 'Simulation' target for IP 'cordiccart2pol_ap_fpext_0_no_dsp_32'...
WARNING: [IP_Flow 19-4832] The IP name 'cordiccart2pol_ap_fptrunc_0_no_dsp_64' you have specified is long. The Windows operating system has path length limitations. It is recommended you use shorter names to reduce the likelihood of issues.
INFO: [IP_Flow 19-1686] Generating 'Synthesis' target for IP 'cordiccart2pol_ap_fptrunc_0_no_dsp_64'...
INFO: [IP_Flow 19-1686] Generating 'Simulation' target for IP 'cordiccart2pol_ap_fptrunc_0_no_dsp_64'...
INFO: [Common 17-206] Exiting Vivado at Sun Aug  7 09:47:12 2022...
